# JRE version: Java(TM) SE Runtime Environment (21.0.6+8) (build 21.0.6+8-LTS-188)
# Java VM: Java HotSpot(TM) 64-Bit Server VM (21.0.6+8-LTS-188, mixed mode, sharing, tiered, compressed oops, compressed class ptrs, g1 gc, windows-amd64)
GC Precious Log:
 CardTable entry size: 512
 Card Set container configuration: InlinePtr #cards 5 size 8 Array Of Cards #cards 12 size 40 Howl #buckets 4 coarsen threshold 1843 Howl Bitmap #cards 512 size 80 coarsen threshold 460 Card regions per heap region 1 cards per card region 2048
 CPUs: 8 total, 8 available
 Memory: 5702M
 Large Page Support: Disabled
 NUMA Support: Disabled
 Compressed Oops: Enabled (32-bit)
 Heap Region Size: 1M
 Heap Min Capacity: 8M
 Heap Initial Capacity: 90M
 Heap Max Capacity: 1426M
 Pre-touch: Disabled
 Parallel Workers: 8
 Concurrent Workers: 2
 Concurrent Refinement Workers: 8
 Periodic GC: Disabled
Heap:
 garbage-first heap   total 71680K, used 47276K [0x00000000a6e00000, 0x0000000100000000)
  region size 1024K, 27 young (27648K), 5 survivors (5120K)
 Metaspace       used 39522K, committed 40000K, reserved 1114112K
  class space    used 4751K, committed 4992K, reserved 1048576K
GC Heap History (12 events):
Event: 1.579 GC heap before
{Heap before GC invocations=0 (full 0):
 garbage-first heap   total 92160K, used 22528K [0x00000000a6e00000, 0x0000000100000000)
  region size 1024K, 23 young (23552K), 0 survivors (0K)
 Metaspace       used 6222K, committed 6400K, reserved 1114112K
  class space    used 705K, committed 768K, reserved 1048576K
}
Event: 1.587 GC heap after
{Heap after GC invocations=1 (full 0):
 garbage-first heap   total 92160K, used 7100K [0x00000000a6e00000, 0x0000000100000000)
  region size 1024K, 3 young (3072K), 3 survivors (3072K)
 Metaspace       used 6222K, committed 6400K, reserved 1114112K
  class space    used 705K, committed 768K, reserved 1048576K
}
Event: 2.837 GC heap before
{Heap before GC invocations=1 (full 0):
 garbage-first heap   total 92160K, used 38844K [0x00000000a6e00000, 0x0000000100000000)
  region size 1024K, 30 young (30720K), 3 survivors (3072K)
 Metaspace       used 15551K, committed 16000K, reserved 1114112K
  class space    used 1875K, committed 2112K, reserved 1048576K
}
Event: 2.846 GC heap after
{Heap after GC invocations=2 (full 0):
 garbage-first heap   total 92160K, used 15948K [0x00000000a6e00000, 0x0000000100000000)
  region size 1024K, 4 young (4096K), 4 survivors (4096K)
 Metaspace       used 15551K, committed 16000K, reserved 1114112K
  class space    used 1875K, committed 2112K, reserved 1048576K
}
Event: 3.162 GC heap before
{Heap before GC invocations=2 (full 0):
 garbage-first heap   total 92160K, used 34380K [0x00000000a6e00000, 0x0000000100000000)
  region size 1024K, 24 young (24576K), 4 survivors (4096K)
 Metaspace       used 21091K, committed 21504K, reserved 1114112K
  class space    used 2491K, committed 2688K, reserved 1048576K
}
Event: 3.167 GC heap after
{Heap after GC invocations=3 (full 0):
 garbage-first heap   total 92160K, used 17975K [0x00000000a6e00000, 0x0000000100000000)
  region size 1024K, 2 young (2048K), 2 survivors (2048K)
 Metaspace       used 21091K, committed 21504K, reserved 1114112K
  class space    used 2491K, committed 2688K, reserved 1048576K
}
Event: 4.366 GC heap before
{Heap before GC invocations=4 (full 0):
 garbage-first heap   total 65536K, used 64055K [0x00000000a6e00000, 0x0000000100000000)
  region size 1024K, 48 young (49152K), 2 survivors (2048K)
 Metaspace       used 28942K, committed 29376K, reserved 1114112K
  class space    used 3398K, committed 3584K, reserved 1048576K
}
Event: 4.374 GC heap after
{Heap after GC invocations=5 (full 0):
 garbage-first heap   total 71680K, used 22132K [0x00000000a6e00000, 0x0000000100000000)
  region size 1024K, 6 young (6144K), 6 survivors (6144K)
 Metaspace       used 28942K, committed 29376K, reserved 1114112K
  class space    used 3398K, committed 3584K, reserved 1048576K
}
Event: 5.120 GC heap before
{Heap before GC invocations=5 (full 0):
 garbage-first heap   total 71680K, used 54900K [0x00000000a6e00000, 0x0000000100000000)
  region size 1024K, 38 young (38912K), 6 survivors (6144K)
 Metaspace       used 32224K, committed 32640K, reserved 1114112K
  class space    used 3802K, committed 3968K, reserved 1048576K
}
Event: 5.127 GC heap after
{Heap after GC invocations=6 (full 0):
 garbage-first heap   total 71680K, used 23694K [0x00000000a6e00000, 0x0000000100000000)
  region size 1024K, 3 young (3072K), 3 survivors (3072K)
 Metaspace       used 32224K, committed 32640K, reserved 1114112K
  class space    used 3802K, committed 3968K, reserved 1048576K
}
Event: 6.784 GC heap before
{Heap before GC invocations=6 (full 0):
 garbage-first heap   total 71680K, used 43150K [0x00000000a6e00000, 0x0000000100000000)
  region size 1024K, 23 young (23552K), 3 survivors (3072K)
 Metaspace       used 35694K, committed 36096K, reserved 1114112K
  class space    used 4251K, committed 4416K, reserved 1048576K
}
Event: 6.789 GC heap after
{Heap after GC invocations=7 (full 0):
 garbage-first heap   total 71680K, used 25772K [0x00000000a6e00000, 0x0000000100000000)
  region size 1024K, 5 young (5120K), 5 survivors (5120K)
 Metaspace       used 35694K, committed 36096K, reserved 1114112K
  class space    used 4251K, committed 4416K, reserved 1048576K
}

