# JRE version: OpenJDK Runtime Environment Temurin-21.0.6+7 (21.0.6+7) (build 21.0.6+7-LTS)
# Java VM: OpenJDK 64-Bit Server VM Temurin-21.0.6+7 (21.0.6+7-LTS, mixed mode, sharing, tiered, compressed oops, compressed class ptrs, parallel gc, windows-amd64)
GC Precious Log:
 CardTable entry size: 512
 CPUs: 8 total, 8 available
 Memory: 5702M
 Large Page Support: Disabled
 NUMA Support: Disabled
 Compressed Oops: Enabled (32-bit)
 Alignments: Space 512K, Generation 512K, Heap 2M
 Heap Min Capacity: 100M
 Heap Initial Capacity: 100M
 Heap Max Capacity: 1G
 Pre-touch: Disabled
 Parallel Workers: 8
Heap:
 PSYoungGen      total 8704K, used 7913K [0x00000000eab00000, 0x00000000eb900000, 0x0000000100000000)
  eden space 5120K, 89% used [0x00000000eab00000,0x00000000eaf756d0,0x00000000eb000000)
  from space 3584K, 93% used [0x00000000eb100000,0x00000000eb444f18,0x00000000eb480000)
  to   space 4608K, 0% used [0x00000000eb480000,0x00000000eb480000,0x00000000eb900000)
 ParOldGen       total 361472K, used 316625K [0x00000000c0000000, 0x00000000d6100000, 0x00000000eab00000)
  object space 361472K, 87% used [0x00000000c0000000,0x00000000d3534748,0x00000000d6100000)
 Metaspace       used 58746K, committed 60032K, reserved 1114112K
  class space    used 6111K, committed 6656K, reserved 1048576K
GC Heap History (20 events):
Event: 17.699 GC heap after
{Heap after GC invocations=347 (full 2):
 PSYoungGen      total 6656K, used 1728K [0x00000000eab00000, 0x00000000eb580000, 0x0000000100000000)
  eden space 4608K, 0% used [0x00000000eab00000,0x00000000eab00000,0x00000000eaf80000)
  from space 2048K, 84% used [0x00000000eaf80000,0x00000000eb130010,0x00000000eb180000)
  to   space 2560K, 0% used [0x00000000eb300000,0x00000000eb300000,0x00000000eb580000)
 ParOldGen       total 359424K, used 359411K [0x00000000c0000000, 0x00000000d5f00000, 0x00000000eab00000)
  object space 359424K, 99% used [0x00000000c0000000,0x00000000d5efced8,0x00000000d5f00000)
 Metaspace       used 58483K, committed 59776K, reserved 1114112K
  class space    used 6096K, committed 6656K, reserved 1048576K
}
Event: 17.767 GC heap before
{Heap before GC invocations=348 (full 2):
 PSYoungGen      total 6656K, used 6336K [0x00000000eab00000, 0x00000000eb580000, 0x0000000100000000)
  eden space 4608K, 100% used [0x00000000eab00000,0x00000000eaf80000,0x00000000eaf80000)
  from space 2048K, 84% used [0x00000000eaf80000,0x00000000eb130010,0x00000000eb180000)
  to   space 2560K, 0% used [0x00000000eb300000,0x00000000eb300000,0x00000000eb580000)
 ParOldGen       total 359424K, used 359411K [0x00000000c0000000, 0x00000000d5f00000, 0x00000000eab00000)
  object space 359424K, 99% used [0x00000000c0000000,0x00000000d5efced8,0x00000000d5f00000)
 Metaspace       used 58503K, committed 59776K, reserved 1114112K
  class space    used 6096K, committed 6656K, reserved 1048576K
}
Event: 18.783 GC heap after
{Heap after GC invocations=348 (full 2):
 PSYoungGen      total 6656K, used 812K [0x00000000eab00000, 0x00000000eb400000, 0x0000000100000000)
  eden space 5632K, 0% used [0x00000000eab00000,0x00000000eab00000,0x00000000eb080000)
  from space 1024K, 79% used [0x00000000eb300000,0x00000000eb3cb078,0x00000000eb400000)
  to   space 1536K, 0% used [0x00000000eb100000,0x00000000eb100000,0x00000000eb280000)
 ParOldGen       total 360960K, used 360886K [0x00000000c0000000, 0x00000000d6080000, 0x00000000eab00000)
  object space 360960K, 99% used [0x00000000c0000000,0x00000000d606da70,0x00000000d6080000)
 Metaspace       used 58503K, committed 59776K, reserved 1114112K
  class space    used 6096K, committed 6656K, reserved 1048576K
}
Event: 18.826 GC heap before
{Heap before GC invocations=349 (full 2):
 PSYoungGen      total 6656K, used 4436K [0x00000000eab00000, 0x00000000eb400000, 0x0000000100000000)
  eden space 5632K, 64% used [0x00000000eab00000,0x00000000eae89fd0,0x00000000eb080000)
  from space 1024K, 79% used [0x00000000eb300000,0x00000000eb3cb078,0x00000000eb400000)
  to   space 1536K, 0% used [0x00000000eb100000,0x00000000eb100000,0x00000000eb280000)
 ParOldGen       total 360960K, used 360886K [0x00000000c0000000, 0x00000000d6080000, 0x00000000eab00000)
  object space 360960K, 99% used [0x00000000c0000000,0x00000000d606da70,0x00000000d6080000)
 Metaspace       used 58517K, committed 59776K, reserved 1114112K
  class space    used 6096K, committed 6656K, reserved 1048576K
}
Event: 18.829 GC heap after
{Heap after GC invocations=349 (full 2):
 PSYoungGen      total 7168K, used 160K [0x00000000eab00000, 0x00000000eb380000, 0x0000000100000000)
  eden space 5632K, 0% used [0x00000000eab00000,0x00000000eab00000,0x00000000eb080000)
  from space 1536K, 10% used [0x00000000eb100000,0x00000000eb128000,0x00000000eb280000)
  to   space 512K, 0% used [0x00000000eb300000,0x00000000eb300000,0x00000000eb380000)
 ParOldGen       total 361472K, used 361454K [0x00000000c0000000, 0x00000000d6100000, 0x00000000eab00000)
  object space 361472K, 99% used [0x00000000c0000000,0x00000000d60fba80,0x00000000d6100000)
 Metaspace       used 58517K, committed 59776K, reserved 1114112K
  class space    used 6096K, committed 6656K, reserved 1048576K
}
Event: 18.829 GC heap before
{Heap before GC invocations=350 (full 3):
 PSYoungGen      total 7168K, used 160K [0x00000000eab00000, 0x00000000eb380000, 0x0000000100000000)
  eden space 5632K, 0% used [0x00000000eab00000,0x00000000eab00000,0x00000000eb080000)
  from space 1536K, 10% used [0x00000000eb100000,0x00000000eb128000,0x00000000eb280000)
  to   space 512K, 0% used [0x00000000eb300000,0x00000000eb300000,0x00000000eb380000)
 ParOldGen       total 361472K, used 361454K [0x00000000c0000000, 0x00000000d6100000, 0x00000000eab00000)
  object space 361472K, 99% used [0x00000000c0000000,0x00000000d60fba80,0x00000000d6100000)
 Metaspace       used 58517K, committed 59776K, reserved 1114112K
  class space    used 6096K, committed 6656K, reserved 1048576K
}
Event: 19.085 GC heap after
{Heap after GC invocations=350 (full 3):
 PSYoungGen      total 7168K, used 0K [0x00000000eab00000, 0x00000000eb380000, 0x0000000100000000)
  eden space 5632K, 0% used [0x00000000eab00000,0x00000000eab00000,0x00000000eb080000)
  from space 1536K, 0% used [0x00000000eb100000,0x00000000eb100000,0x00000000eb280000)
  to   space 512K, 0% used [0x00000000eb300000,0x00000000eb300000,0x00000000eb380000)
 ParOldGen       total 361472K, used 295946K [0x00000000c0000000, 0x00000000d6100000, 0x00000000eab00000)
  object space 361472K, 81% used [0x00000000c0000000,0x00000000d2102950,0x00000000d6100000)
 Metaspace       used 58517K, committed 59776K, reserved 1114112K
  class space    used 6096K, committed 6656K, reserved 1048576K
}
Event: 19.122 GC heap before
{Heap before GC invocations=351 (full 3):
 PSYoungGen      total 7168K, used 5623K [0x00000000eab00000, 0x00000000eb380000, 0x0000000100000000)
  eden space 5632K, 99% used [0x00000000eab00000,0x00000000eb07dd10,0x00000000eb080000)
  from space 1536K, 0% used [0x00000000eb100000,0x00000000eb100000,0x00000000eb280000)
  to   space 512K, 0% used [0x00000000eb300000,0x00000000eb300000,0x00000000eb380000)
 ParOldGen       total 361472K, used 295946K [0x00000000c0000000, 0x00000000d6100000, 0x00000000eab00000)
  object space 361472K, 81% used [0x00000000c0000000,0x00000000d2102950,0x00000000d6100000)
 Metaspace       used 58582K, committed 59840K, reserved 1114112K
  class space    used 6097K, committed 6656K, reserved 1048576K
}
Event: 20.123 GC heap after
{Heap after GC invocations=351 (full 3):
 PSYoungGen      total 5632K, used 503K [0x00000000eab00000, 0x00000000eb800000, 0x0000000100000000)
  eden space 5120K, 0% used [0x00000000eab00000,0x00000000eab00000,0x00000000eb000000)
  from space 512K, 98% used [0x00000000eb300000,0x00000000eb37dd00,0x00000000eb380000)
  to   space 3072K, 0% used [0x00000000eb000000,0x00000000eb000000,0x00000000eb300000)
 ParOldGen       total 361472K, used 297950K [0x00000000c0000000, 0x00000000d6100000, 0x00000000eab00000)
  object space 361472K, 82% used [0x00000000c0000000,0x00000000d22f7a48,0x00000000d6100000)
 Metaspace       used 58582K, committed 59840K, reserved 1114112K
  class space    used 6097K, committed 6656K, reserved 1048576K
}
Event: 20.159 GC heap before
{Heap before GC invocations=352 (full 3):
 PSYoungGen      total 5632K, used 5618K [0x00000000eab00000, 0x00000000eb800000, 0x0000000100000000)
  eden space 5120K, 99% used [0x00000000eab00000,0x00000000eaffee80,0x00000000eb000000)
  from space 512K, 98% used [0x00000000eb300000,0x00000000eb37dd00,0x00000000eb380000)
  to   space 3072K, 0% used [0x00000000eb000000,0x00000000eb000000,0x00000000eb300000)
 ParOldGen       total 361472K, used 297950K [0x00000000c0000000, 0x00000000d6100000, 0x00000000eab00000)
  object space 361472K, 82% used [0x00000000c0000000,0x00000000d22f7a48,0x00000000d6100000)
 Metaspace       used 58597K, committed 59840K, reserved 1114112K
  class space    used 6097K, committed 6656K, reserved 1048576K
}
Event: 20.162 GC heap after
{Heap after GC invocations=352 (full 3):
 PSYoungGen      total 8192K, used 3053K [0x00000000eab00000, 0x00000000eb900000, 0x0000000100000000)
  eden space 5120K, 0% used [0x00000000eab00000,0x00000000eab00000,0x00000000eb000000)
  from space 3072K, 99% used [0x00000000eb000000,0x00000000eb2fb7d0,0x00000000eb300000)
  to   space 4096K, 0% used [0x00000000eb500000,0x00000000eb500000,0x00000000eb900000)
 ParOldGen       total 361472K, used 298577K [0x00000000c0000000, 0x00000000d6100000, 0x00000000eab00000)
  object space 361472K, 82% used [0x00000000c0000000,0x00000000d2394500,0x00000000d6100000)
 Metaspace       used 58597K, committed 59840K, reserved 1114112K
  class space    used 6097K, committed 6656K, reserved 1048576K
}
Event: 20.190 GC heap before
{Heap before GC invocations=353 (full 3):
 PSYoungGen      total 8192K, used 8140K [0x00000000eab00000, 0x00000000eb900000, 0x0000000100000000)
  eden space 5120K, 99% used [0x00000000eab00000,0x00000000eaff78e0,0x00000000eb000000)
  from space 3072K, 99% used [0x00000000eb000000,0x00000000eb2fb7d0,0x00000000eb300000)
  to   space 4096K, 0% used [0x00000000eb500000,0x00000000eb500000,0x00000000eb900000)
 ParOldGen       total 361472K, used 298577K [0x00000000c0000000, 0x00000000d6100000, 0x00000000eab00000)
  object space 361472K, 82% used [0x00000000c0000000,0x00000000d2394500,0x00000000d6100000)
 Metaspace       used 58601K, committed 59904K, reserved 1114112K
  class space    used 6097K, committed 6656K, reserved 1048576K
}
Event: 20.193 GC heap after
{Heap after GC invocations=353 (full 3):
 PSYoungGen      total 8192K, used 2819K [0x00000000eab00000, 0x00000000eb800000, 0x0000000100000000)
  eden space 5120K, 0% used [0x00000000eab00000,0x00000000eab00000,0x00000000eb000000)
  from space 3072K, 91% used [0x00000000eb500000,0x00000000eb7c0f70,0x00000000eb800000)
  to   space 3584K, 0% used [0x00000000eb100000,0x00000000eb100000,0x00000000eb480000)
 ParOldGen       total 361472K, used 301088K [0x00000000c0000000, 0x00000000d6100000, 0x00000000eab00000)
  object space 361472K, 83% used [0x00000000c0000000,0x00000000d26080b8,0x00000000d6100000)
 Metaspace       used 58601K, committed 59904K, reserved 1114112K
  class space    used 6097K, committed 6656K, reserved 1048576K
}
Event: 20.233 GC heap before
{Heap before GC invocations=354 (full 3):
 PSYoungGen      total 8192K, used 7939K [0x00000000eab00000, 0x00000000eb800000, 0x0000000100000000)
  eden space 5120K, 100% used [0x00000000eab00000,0x00000000eb000000,0x00000000eb000000)
  from space 3072K, 91% used [0x00000000eb500000,0x00000000eb7c0f70,0x00000000eb800000)
  to   space 3584K, 0% used [0x00000000eb100000,0x00000000eb100000,0x00000000eb480000)
 ParOldGen       total 361472K, used 301088K [0x00000000c0000000, 0x00000000d6100000, 0x00000000eab00000)
  object space 361472K, 83% used [0x00000000c0000000,0x00000000d26080b8,0x00000000d6100000)
 Metaspace       used 58618K, committed 59904K, reserved 1114112K
  class space    used 6097K, committed 6656K, reserved 1048576K
}
Event: 20.235 GC heap after
{Heap after GC invocations=354 (full 3):
 PSYoungGen      total 8704K, used 3517K [0x00000000eab00000, 0x00000000eb800000, 0x0000000100000000)
  eden space 5120K, 0% used [0x00000000eab00000,0x00000000eab00000,0x00000000eb000000)
  from space 3584K, 98% used [0x00000000eb100000,0x00000000eb46f7a0,0x00000000eb480000)
  to   space 3584K, 0% used [0x00000000eb480000,0x00000000eb480000,0x00000000eb800000)
 ParOldGen       total 361472K, used 303763K [0x00000000c0000000, 0x00000000d6100000, 0x00000000eab00000)
  object space 361472K, 84% used [0x00000000c0000000,0x00000000d28a4ff0,0x00000000d6100000)
 Metaspace       used 58618K, committed 59904K, reserved 1114112K
  class space    used 6097K, committed 6656K, reserved 1048576K
}
Event: 20.280 GC heap before
{Heap before GC invocations=355 (full 3):
 PSYoungGen      total 8704K, used 8559K [0x00000000eab00000, 0x00000000eb800000, 0x0000000100000000)
  eden space 5120K, 98% used [0x00000000eab00000,0x00000000eafec800,0x00000000eb000000)
  from space 3584K, 98% used [0x00000000eb100000,0x00000000eb46f7a0,0x00000000eb480000)
  to   space 3584K, 0% used [0x00000000eb480000,0x00000000eb480000,0x00000000eb800000)
 ParOldGen       total 361472K, used 303763K [0x00000000c0000000, 0x00000000d6100000, 0x00000000eab00000)
  object space 361472K, 84% used [0x00000000c0000000,0x00000000d28a4ff0,0x00000000d6100000)
 Metaspace       used 58627K, committed 59968K, reserved 1114112K
  class space    used 6097K, committed 6656K, reserved 1048576K
}
Event: 20.284 GC heap after
{Heap after GC invocations=355 (full 3):
 PSYoungGen      total 8704K, used 3083K [0x00000000eab00000, 0x00000000eb800000, 0x0000000100000000)
  eden space 5120K, 0% used [0x00000000eab00000,0x00000000eab00000,0x00000000eb000000)
  from space 3584K, 86% used [0x00000000eb480000,0x00000000eb782f40,0x00000000eb800000)
  to   space 3584K, 0% used [0x00000000eb100000,0x00000000eb100000,0x00000000eb480000)
 ParOldGen       total 361472K, used 307160K [0x00000000c0000000, 0x00000000d6100000, 0x00000000eab00000)
  object space 361472K, 84% used [0x00000000c0000000,0x00000000d2bf61f0,0x00000000d6100000)
 Metaspace       used 58627K, committed 59968K, reserved 1114112K
  class space    used 6097K, committed 6656K, reserved 1048576K
}
Event: 20.331 GC heap before
{Heap before GC invocations=356 (full 3):
 PSYoungGen      total 8704K, used 8203K [0x00000000eab00000, 0x00000000eb800000, 0x0000000100000000)
  eden space 5120K, 100% used [0x00000000eab00000,0x00000000eb000000,0x00000000eb000000)
  from space 3584K, 86% used [0x00000000eb480000,0x00000000eb782f40,0x00000000eb800000)
  to   space 3584K, 0% used [0x00000000eb100000,0x00000000eb100000,0x00000000eb480000)
 ParOldGen       total 361472K, used 307160K [0x00000000c0000000, 0x00000000d6100000, 0x00000000eab00000)
  object space 361472K, 84% used [0x00000000c0000000,0x00000000d2bf61f0,0x00000000d6100000)
 Metaspace       used 58636K, committed 59968K, reserved 1114112K
  class space    used 6097K, committed 6656K, reserved 1048576K
}
Event: 20.334 GC heap after
{Heap after GC invocations=356 (full 3):
 PSYoungGen      total 8704K, used 3207K [0x00000000eab00000, 0x00000000eb700000, 0x0000000100000000)
  eden space 5120K, 0% used [0x00000000eab00000,0x00000000eab00000,0x00000000eb000000)
  from space 3584K, 89% used [0x00000000eb100000,0x00000000eb421e60,0x00000000eb480000)
  to   space 2560K, 0% used [0x00000000eb480000,0x00000000eb480000,0x00000000eb700000)
 ParOldGen       total 361472K, used 310150K [0x00000000c0000000, 0x00000000d6100000, 0x00000000eab00000)
  object space 361472K, 85% used [0x00000000c0000000,0x00000000d2ee1b00,0x00000000d6100000)
 Metaspace       used 58636K, committed 59968K, reserved 1114112K
  class space    used 6097K, committed 6656K, reserved 1048576K
}
Event: 20.364 GC heap before
{Heap before GC invocations=357 (full 3):
 PSYoungGen      total 8704K, used 8327K [0x00000000eab00000, 0x00000000eb700000, 0x0000000100000000)
  eden space 5120K, 100% used [0x00000000eab00000,0x00000000eb000000,0x00000000eb000000)
  from space 3584K, 89% used [0x00000000eb100000,0x00000000eb421e60,0x00000000eb480000)
  to   space 2560K, 0% used [0x00000000eb480000,0x00000000eb480000,0x00000000eb700000)
 ParOldGen       total 361472K, used 310150K [0x00000000c0000000, 0x00000000d6100000, 0x00000000eab00000)
  object space 361472K, 85% used [0x00000000c0000000,0x00000000d2ee1b00,0x00000000d6100000)
 Metaspace       used 58642K, committed 59968K, reserved 1114112K
  class space    used 6097K, committed 6656K, reserved 1048576K
}

