# JRE version: OpenJDK Runtime Environment Temurin-21.0.6+7 (21.0.6+7) (build 21.0.6+7-LTS)
# Java VM: OpenJDK 64-Bit Server VM Temurin-21.0.6+7 (21.0.6+7-LTS, mixed mode, sharing, tiered, compressed oops, compressed class ptrs, parallel gc, windows-amd64)
GC Precious Log:
 CardTable entry size: 512
 CPUs: 8 total, 8 available
 Memory: 5702M
 Large Page Support: Disabled
 NUMA Support: Disabled
 Compressed Oops: Enabled (32-bit)
 Alignments: Space 512K, Generation 512K, Heap 2M
 Heap Min Capacity: 100M
 Heap Initial Capacity: 100M
 Heap Max Capacity: 1G
 Pre-touch: Disabled
 Parallel Workers: 8
Heap:
 PSYoungGen      total 6656K, used 6357K [0x00000000eab00000, 0x00000000eb300000, 0x0000000100000000)
  eden space 5120K, 100% used [0x00000000eab00000,0x00000000eb000000,0x00000000eb000000)
  from space 1536K, 80% used [0x00000000eb000000,0x00000000eb1357a8,0x00000000eb180000)
  to   space 1536K, 10% used [0x00000000eb180000,0x00000000eb1a8000,0x00000000eb300000)
 ParOldGen       total 129024K, used 129018K [0x00000000c0000000, 0x00000000c7e00000, 0x00000000eab00000)
  object space 129024K, 99% used [0x00000000c0000000,0x00000000c7dfe980,0x00000000c7e00000)
 Metaspace       used 60128K, committed 61376K, reserved 1114112K
  class space    used 6154K, committed 6720K, reserved 1048576K
GC Heap History (20 events):
Event: 51.083 GC heap after
{Heap after GC invocations=99 (full 3):
 PSYoungGen      total 6144K, used 761K [0x00000000eab00000, 0x00000000eb200000, 0x0000000100000000)
  eden space 5120K, 0% used [0x00000000eab00000,0x00000000eab00000,0x00000000eb000000)
  from space 1024K, 74% used [0x00000000eb100000,0x00000000eb1be6f0,0x00000000eb200000)
  to   space 1024K, 0% used [0x00000000eb000000,0x00000000eb000000,0x00000000eb100000)
 ParOldGen       total 124416K, used 124196K [0x00000000c0000000, 0x00000000c7980000, 0x00000000eab00000)
  object space 124416K, 99% used [0x00000000c0000000,0x00000000c7949318,0x00000000c7980000)
 Metaspace       used 59921K, committed 61184K, reserved 1114112K
  class space    used 6151K, committed 6720K, reserved 1048576K
}
Event: 51.165 GC heap before
{Heap before GC invocations=100 (full 3):
 PSYoungGen      total 6144K, used 5881K [0x00000000eab00000, 0x00000000eb200000, 0x0000000100000000)
  eden space 5120K, 100% used [0x00000000eab00000,0x00000000eb000000,0x00000000eb000000)
  from space 1024K, 74% used [0x00000000eb100000,0x00000000eb1be6f0,0x00000000eb200000)
  to   space 1024K, 0% used [0x00000000eb000000,0x00000000eb000000,0x00000000eb100000)
 ParOldGen       total 124416K, used 124196K [0x00000000c0000000, 0x00000000c7980000, 0x00000000eab00000)
  object space 124416K, 99% used [0x00000000c0000000,0x00000000c7949318,0x00000000c7980000)
 Metaspace       used 59928K, committed 61184K, reserved 1114112K
  class space    used 6151K, committed 6720K, reserved 1048576K
}
Event: 51.166 GC heap after
{Heap after GC invocations=100 (full 3):
 PSYoungGen      total 6144K, used 545K [0x00000000eab00000, 0x00000000eb200000, 0x0000000100000000)
  eden space 5120K, 0% used [0x00000000eab00000,0x00000000eab00000,0x00000000eb000000)
  from space 1024K, 53% used [0x00000000eb000000,0x00000000eb0886d8,0x00000000eb100000)
  to   space 1024K, 0% used [0x00000000eb100000,0x00000000eb100000,0x00000000eb200000)
 ParOldGen       total 124928K, used 124679K [0x00000000c0000000, 0x00000000c7a00000, 0x00000000eab00000)
  object space 124928K, 99% used [0x00000000c0000000,0x00000000c79c1e78,0x00000000c7a00000)
 Metaspace       used 59928K, committed 61184K, reserved 1114112K
  class space    used 6151K, committed 6720K, reserved 1048576K
}
Event: 51.228 GC heap before
{Heap before GC invocations=101 (full 3):
 PSYoungGen      total 6144K, used 5665K [0x00000000eab00000, 0x00000000eb200000, 0x0000000100000000)
  eden space 5120K, 100% used [0x00000000eab00000,0x00000000eb000000,0x00000000eb000000)
  from space 1024K, 53% used [0x00000000eb000000,0x00000000eb0886d8,0x00000000eb100000)
  to   space 1024K, 0% used [0x00000000eb100000,0x00000000eb100000,0x00000000eb200000)
 ParOldGen       total 124928K, used 124679K [0x00000000c0000000, 0x00000000c7a00000, 0x00000000eab00000)
  object space 124928K, 99% used [0x00000000c0000000,0x00000000c79c1e78,0x00000000c7a00000)
 Metaspace       used 59945K, committed 61248K, reserved 1114112K
  class space    used 6151K, committed 6720K, reserved 1048576K
}
Event: 51.229 GC heap after
{Heap after GC invocations=101 (full 3):
 PSYoungGen      total 6144K, used 544K [0x00000000eab00000, 0x00000000eb200000, 0x0000000100000000)
  eden space 5120K, 0% used [0x00000000eab00000,0x00000000eab00000,0x00000000eb000000)
  from space 1024K, 53% used [0x00000000eb100000,0x00000000eb188000,0x00000000eb200000)
  to   space 1024K, 0% used [0x00000000eb000000,0x00000000eb000000,0x00000000eb100000)
 ParOldGen       total 125440K, used 125017K [0x00000000c0000000, 0x00000000c7a80000, 0x00000000eab00000)
  object space 125440K, 99% used [0x00000000c0000000,0x00000000c7a16550,0x00000000c7a80000)
 Metaspace       used 59945K, committed 61248K, reserved 1114112K
  class space    used 6151K, committed 6720K, reserved 1048576K
}
Event: 51.366 GC heap before
{Heap before GC invocations=102 (full 3):
 PSYoungGen      total 6144K, used 5664K [0x00000000eab00000, 0x00000000eb200000, 0x0000000100000000)
  eden space 5120K, 100% used [0x00000000eab00000,0x00000000eb000000,0x00000000eb000000)
  from space 1024K, 53% used [0x00000000eb100000,0x00000000eb188000,0x00000000eb200000)
  to   space 1024K, 0% used [0x00000000eb000000,0x00000000eb000000,0x00000000eb100000)
 ParOldGen       total 125440K, used 125017K [0x00000000c0000000, 0x00000000c7a80000, 0x00000000eab00000)
  object space 125440K, 99% used [0x00000000c0000000,0x00000000c7a16550,0x00000000c7a80000)
 Metaspace       used 59964K, committed 61248K, reserved 1114112K
  class space    used 6152K, committed 6720K, reserved 1048576K
}
Event: 51.367 GC heap after
{Heap after GC invocations=102 (full 3):
 PSYoungGen      total 6144K, used 1008K [0x00000000eab00000, 0x00000000eb300000, 0x0000000100000000)
  eden space 5120K, 0% used [0x00000000eab00000,0x00000000eab00000,0x00000000eb000000)
  from space 1024K, 98% used [0x00000000eb000000,0x00000000eb0fc010,0x00000000eb100000)
  to   space 1536K, 0% used [0x00000000eb180000,0x00000000eb180000,0x00000000eb300000)
 ParOldGen       total 125440K, used 125289K [0x00000000c0000000, 0x00000000c7a80000, 0x00000000eab00000)
  object space 125440K, 99% used [0x00000000c0000000,0x00000000c7a5a550,0x00000000c7a80000)
 Metaspace       used 59964K, committed 61248K, reserved 1114112K
  class space    used 6152K, committed 6720K, reserved 1048576K
}
Event: 51.451 GC heap before
{Heap before GC invocations=103 (full 3):
 PSYoungGen      total 6144K, used 6128K [0x00000000eab00000, 0x00000000eb300000, 0x0000000100000000)
  eden space 5120K, 100% used [0x00000000eab00000,0x00000000eb000000,0x00000000eb000000)
  from space 1024K, 98% used [0x00000000eb000000,0x00000000eb0fc010,0x00000000eb100000)
  to   space 1536K, 0% used [0x00000000eb180000,0x00000000eb180000,0x00000000eb300000)
 ParOldGen       total 125440K, used 125289K [0x00000000c0000000, 0x00000000c7a80000, 0x00000000eab00000)
  object space 125440K, 99% used [0x00000000c0000000,0x00000000c7a5a550,0x00000000c7a80000)
 Metaspace       used 59973K, committed 61248K, reserved 1114112K
  class space    used 6152K, committed 6720K, reserved 1048576K
}
Event: 51.453 GC heap after
{Heap after GC invocations=103 (full 3):
 PSYoungGen      total 6144K, used 832K [0x00000000eab00000, 0x00000000eb280000, 0x0000000100000000)
  eden space 5120K, 0% used [0x00000000eab00000,0x00000000eab00000,0x00000000eb000000)
  from space 1024K, 81% used [0x00000000eb180000,0x00000000eb250000,0x00000000eb280000)
  to   space 1024K, 0% used [0x00000000eb000000,0x00000000eb000000,0x00000000eb100000)
 ParOldGen       total 125952K, used 125719K [0x00000000c0000000, 0x00000000c7b00000, 0x00000000eab00000)
  object space 125952K, 99% used [0x00000000c0000000,0x00000000c7ac5e50,0x00000000c7b00000)
 Metaspace       used 59973K, committed 61248K, reserved 1114112K
  class space    used 6152K, committed 6720K, reserved 1048576K
}
Event: 51.586 GC heap before
{Heap before GC invocations=104 (full 3):
 PSYoungGen      total 6144K, used 5952K [0x00000000eab00000, 0x00000000eb280000, 0x0000000100000000)
  eden space 5120K, 100% used [0x00000000eab00000,0x00000000eb000000,0x00000000eb000000)
  from space 1024K, 81% used [0x00000000eb180000,0x00000000eb250000,0x00000000eb280000)
  to   space 1024K, 0% used [0x00000000eb000000,0x00000000eb000000,0x00000000eb100000)
 ParOldGen       total 125952K, used 125719K [0x00000000c0000000, 0x00000000c7b00000, 0x00000000eab00000)
  object space 125952K, 99% used [0x00000000c0000000,0x00000000c7ac5e50,0x00000000c7b00000)
 Metaspace       used 59998K, committed 61248K, reserved 1114112K
  class space    used 6152K, committed 6720K, reserved 1048576K
}
Event: 51.588 GC heap after
{Heap after GC invocations=104 (full 3):
 PSYoungGen      total 6144K, used 1024K [0x00000000eab00000, 0x00000000eb400000, 0x0000000100000000)
  eden space 5120K, 0% used [0x00000000eab00000,0x00000000eab00000,0x00000000eb000000)
  from space 1024K, 100% used [0x00000000eb000000,0x00000000eb100000,0x00000000eb100000)
  to   space 2048K, 0% used [0x00000000eb200000,0x00000000eb200000,0x00000000eb400000)
 ParOldGen       total 126464K, used 126195K [0x00000000c0000000, 0x00000000c7b80000, 0x00000000eab00000)
  object space 126464K, 99% used [0x00000000c0000000,0x00000000c7b3ce08,0x00000000c7b80000)
 Metaspace       used 59998K, committed 61248K, reserved 1114112K
  class space    used 6152K, committed 6720K, reserved 1048576K
}
Event: 51.661 GC heap before
{Heap before GC invocations=105 (full 3):
 PSYoungGen      total 6144K, used 6144K [0x00000000eab00000, 0x00000000eb400000, 0x0000000100000000)
  eden space 5120K, 100% used [0x00000000eab00000,0x00000000eb000000,0x00000000eb000000)
  from space 1024K, 100% used [0x00000000eb000000,0x00000000eb100000,0x00000000eb100000)
  to   space 2048K, 0% used [0x00000000eb200000,0x00000000eb200000,0x00000000eb400000)
 ParOldGen       total 126464K, used 126195K [0x00000000c0000000, 0x00000000c7b80000, 0x00000000eab00000)
  object space 126464K, 99% used [0x00000000c0000000,0x00000000c7b3ce08,0x00000000c7b80000)
 Metaspace       used 60033K, committed 61312K, reserved 1114112K
  class space    used 6152K, committed 6720K, reserved 1048576K
}
Event: 51.664 GC heap after
{Heap after GC invocations=105 (full 3):
 PSYoungGen      total 5632K, used 512K [0x00000000eab00000, 0x00000000eb280000, 0x0000000100000000)
  eden space 5120K, 0% used [0x00000000eab00000,0x00000000eab00000,0x00000000eb000000)
  from space 512K, 100% used [0x00000000eb200000,0x00000000eb280000,0x00000000eb280000)
  to   space 1024K, 0% used [0x00000000eb080000,0x00000000eb080000,0x00000000eb180000)
 ParOldGen       total 127488K, used 127075K [0x00000000c0000000, 0x00000000c7c80000, 0x00000000eab00000)
  object space 127488K, 99% used [0x00000000c0000000,0x00000000c7c18fb0,0x00000000c7c80000)
 Metaspace       used 60033K, committed 61312K, reserved 1114112K
  class space    used 6152K, committed 6720K, reserved 1048576K
}
Event: 51.860 GC heap before
{Heap before GC invocations=106 (full 3):
 PSYoungGen      total 5632K, used 5632K [0x00000000eab00000, 0x00000000eb280000, 0x0000000100000000)
  eden space 5120K, 100% used [0x00000000eab00000,0x00000000eb000000,0x00000000eb000000)
  from space 512K, 100% used [0x00000000eb200000,0x00000000eb280000,0x00000000eb280000)
  to   space 1024K, 0% used [0x00000000eb080000,0x00000000eb080000,0x00000000eb180000)
 ParOldGen       total 127488K, used 127075K [0x00000000c0000000, 0x00000000c7c80000, 0x00000000eab00000)
  object space 127488K, 99% used [0x00000000c0000000,0x00000000c7c18fb0,0x00000000c7c80000)
 Metaspace       used 60039K, committed 61312K, reserved 1114112K
  class space    used 6152K, committed 6720K, reserved 1048576K
}
Event: 51.862 GC heap after
{Heap after GC invocations=106 (full 3):
 PSYoungGen      total 6144K, used 1023K [0x00000000eab00000, 0x00000000eb400000, 0x0000000100000000)
  eden space 5120K, 0% used [0x00000000eab00000,0x00000000eab00000,0x00000000eb000000)
  from space 1024K, 99% used [0x00000000eb080000,0x00000000eb17ff10,0x00000000eb180000)
  to   space 2048K, 0% used [0x00000000eb200000,0x00000000eb200000,0x00000000eb400000)
 ParOldGen       total 128000K, used 127495K [0x00000000c0000000, 0x00000000c7d00000, 0x00000000eab00000)
  object space 128000K, 99% used [0x00000000c0000000,0x00000000c7c81c78,0x00000000c7d00000)
 Metaspace       used 60039K, committed 61312K, reserved 1114112K
  class space    used 6152K, committed 6720K, reserved 1048576K
}
Event: 52.033 GC heap before
{Heap before GC invocations=107 (full 3):
 PSYoungGen      total 6144K, used 6143K [0x00000000eab00000, 0x00000000eb400000, 0x0000000100000000)
  eden space 5120K, 100% used [0x00000000eab00000,0x00000000eb000000,0x00000000eb000000)
  from space 1024K, 99% used [0x00000000eb080000,0x00000000eb17ff10,0x00000000eb180000)
  to   space 2048K, 0% used [0x00000000eb200000,0x00000000eb200000,0x00000000eb400000)
 ParOldGen       total 128000K, used 127495K [0x00000000c0000000, 0x00000000c7d00000, 0x00000000eab00000)
  object space 128000K, 99% used [0x00000000c0000000,0x00000000c7c81c78,0x00000000c7d00000)
 Metaspace       used 60093K, committed 61376K, reserved 1114112K
  class space    used 6154K, committed 6720K, reserved 1048576K
}
Event: 52.035 GC heap after
{Heap after GC invocations=107 (full 3):
 PSYoungGen      total 6144K, used 883K [0x00000000eab00000, 0x00000000eb300000, 0x0000000100000000)
  eden space 5120K, 0% used [0x00000000eab00000,0x00000000eab00000,0x00000000eb000000)
  from space 1024K, 86% used [0x00000000eb200000,0x00000000eb2dcc18,0x00000000eb300000)
  to   space 1536K, 0% used [0x00000000eb000000,0x00000000eb000000,0x00000000eb180000)
 ParOldGen       total 128512K, used 128285K [0x00000000c0000000, 0x00000000c7d80000, 0x00000000eab00000)
  object space 128512K, 99% used [0x00000000c0000000,0x00000000c7d47528,0x00000000c7d80000)
 Metaspace       used 60093K, committed 61376K, reserved 1114112K
  class space    used 6154K, committed 6720K, reserved 1048576K
}
Event: 52.312 GC heap before
{Heap before GC invocations=108 (full 3):
 PSYoungGen      total 6144K, used 5992K [0x00000000eab00000, 0x00000000eb300000, 0x0000000100000000)
  eden space 5120K, 99% used [0x00000000eab00000,0x00000000eaffd5a0,0x00000000eb000000)
  from space 1024K, 86% used [0x00000000eb200000,0x00000000eb2dcc18,0x00000000eb300000)
  to   space 1536K, 0% used [0x00000000eb000000,0x00000000eb000000,0x00000000eb180000)
 ParOldGen       total 128512K, used 128285K [0x00000000c0000000, 0x00000000c7d80000, 0x00000000eab00000)
  object space 128512K, 99% used [0x00000000c0000000,0x00000000c7d47528,0x00000000c7d80000)
 Metaspace       used 60127K, committed 61376K, reserved 1114112K
  class space    used 6154K, committed 6720K, reserved 1048576K
}
Event: 52.314 GC heap after
{Heap after GC invocations=108 (full 3):
 PSYoungGen      total 6656K, used 1237K [0x00000000eab00000, 0x00000000eb300000, 0x0000000100000000)
  eden space 5120K, 0% used [0x00000000eab00000,0x00000000eab00000,0x00000000eb000000)
  from space 1536K, 80% used [0x00000000eb000000,0x00000000eb1357a8,0x00000000eb180000)
  to   space 1536K, 0% used [0x00000000eb180000,0x00000000eb180000,0x00000000eb300000)
 ParOldGen       total 129024K, used 129018K [0x00000000c0000000, 0x00000000c7e00000, 0x00000000eab00000)
  object space 129024K, 99% used [0x00000000c0000000,0x00000000c7dfe980,0x00000000c7e00000)
 Metaspace       used 60127K, committed 61376K, reserved 1114112K
  class space    used 6154K, committed 6720K, reserved 1048576K
}
Event: 52.966 GC heap before
{Heap before GC invocations=109 (full 3):
 PSYoungGen      total 6656K, used 6357K [0x00000000eab00000, 0x00000000eb300000, 0x0000000100000000)
  eden space 5120K, 100% used [0x00000000eab00000,0x00000000eb000000,0x00000000eb000000)
  from space 1536K, 80% used [0x00000000eb000000,0x00000000eb1357a8,0x00000000eb180000)
  to   space 1536K, 0% used [0x00000000eb180000,0x00000000eb180000,0x00000000eb300000)
 ParOldGen       total 129024K, used 129018K [0x00000000c0000000, 0x00000000c7e00000, 0x00000000eab00000)
  object space 129024K, 99% used [0x00000000c0000000,0x00000000c7dfe980,0x00000000c7e00000)
 Metaspace       used 60128K, committed 61376K, reserved 1114112K
  class space    used 6154K, committed 6720K, reserved 1048576K
}

