# JRE version: OpenJDK Runtime Environment Temurin-21.0.6+7 (21.0.6+7) (build 21.0.6+7-LTS)
# Java VM: OpenJDK 64-Bit Server VM Temurin-21.0.6+7 (21.0.6+7-LTS, mixed mode, sharing, tiered, compressed oops, compressed class ptrs, parallel gc, windows-amd64)
GC Precious Log:
 CardTable entry size: 512
 CPUs: 8 total, 8 available
 Memory: 5702M
 Large Page Support: Disabled
 NUMA Support: Disabled
 Compressed Oops: Enabled (32-bit)
 Alignments: Space 512K, Generation 512K, Heap 2M
 Heap Min Capacity: 100M
 Heap Initial Capacity: 100M
 Heap Max Capacity: 1G
 Pre-touch: Disabled
 Parallel Workers: 8
Heap:
 PSYoungGen      total 4096K, used 591K [0x00000000eab00000, 0x00000000eb000000, 0x0000000100000000)
  eden space 3072K, 4% used [0x00000000eab00000,0x00000000eab248d0,0x00000000eae00000)
  from space 1024K, 43% used [0x00000000eae00000,0x00000000eae70000,0x00000000eaf00000)
  to   space 1024K, 0% used [0x00000000eaf00000,0x00000000eaf00000,0x00000000eb000000)
 ParOldGen       total 448000K, used 447862K [0x00000000c0000000, 0x00000000db580000, 0x00000000eab00000)
  object space 448000K, 99% used [0x00000000c0000000,0x00000000db55dbb0,0x00000000db580000)
 Metaspace       used 61598K, committed 62848K, reserved 1114112K
  class space    used 6319K, committed 6848K, reserved 1048576K
GC Heap History (20 events):
Event: 40.995 GC heap after
{Heap after GC invocations=582 (full 3):
 PSYoungGen      total 4096K, used 574K [0x00000000eab00000, 0x00000000eb000000, 0x0000000100000000)
  eden space 3072K, 0% used [0x00000000eab00000,0x00000000eab00000,0x00000000eae00000)
  from space 1024K, 56% used [0x00000000eae00000,0x00000000eae8f9d8,0x00000000eaf00000)
  to   space 1024K, 0% used [0x00000000eaf00000,0x00000000eaf00000,0x00000000eb000000)
 ParOldGen       total 439808K, used 439672K [0x00000000c0000000, 0x00000000dad80000, 0x00000000eab00000)
  object space 439808K, 99% used [0x00000000c0000000,0x00000000dad5e260,0x00000000dad80000)
 Metaspace       used 61573K, committed 62848K, reserved 1114112K
  class space    used 6315K, committed 6848K, reserved 1048576K
}
Event: 41.027 GC heap before
{Heap before GC invocations=583 (full 3):
 PSYoungGen      total 4096K, used 3646K [0x00000000eab00000, 0x00000000eb000000, 0x0000000100000000)
  eden space 3072K, 100% used [0x00000000eab00000,0x00000000eae00000,0x00000000eae00000)
  from space 1024K, 56% used [0x00000000eae00000,0x00000000eae8f9d8,0x00000000eaf00000)
  to   space 1024K, 0% used [0x00000000eaf00000,0x00000000eaf00000,0x00000000eb000000)
 ParOldGen       total 439808K, used 439672K [0x00000000c0000000, 0x00000000dad80000, 0x00000000eab00000)
  object space 439808K, 99% used [0x00000000c0000000,0x00000000dad5e260,0x00000000dad80000)
 Metaspace       used 61578K, committed 62848K, reserved 1114112K
  class space    used 6315K, committed 6848K, reserved 1048576K
}
Event: 41.029 GC heap after
{Heap after GC invocations=583 (full 3):
 PSYoungGen      total 4096K, used 481K [0x00000000eab00000, 0x00000000eb000000, 0x0000000100000000)
  eden space 3072K, 0% used [0x00000000eab00000,0x00000000eab00000,0x00000000eae00000)
  from space 1024K, 46% used [0x00000000eaf00000,0x00000000eaf78488,0x00000000eb000000)
  to   space 1024K, 0% used [0x00000000eae00000,0x00000000eae00000,0x00000000eaf00000)
 ParOldGen       total 440320K, used 440067K [0x00000000c0000000, 0x00000000dae00000, 0x00000000eab00000)
  object space 440320K, 99% used [0x00000000c0000000,0x00000000dadc0e68,0x00000000dae00000)
 Metaspace       used 61578K, committed 62848K, reserved 1114112K
  class space    used 6315K, committed 6848K, reserved 1048576K
}
Event: 41.043 GC heap before
{Heap before GC invocations=584 (full 3):
 PSYoungGen      total 4096K, used 3553K [0x00000000eab00000, 0x00000000eb000000, 0x0000000100000000)
  eden space 3072K, 100% used [0x00000000eab00000,0x00000000eae00000,0x00000000eae00000)
  from space 1024K, 46% used [0x00000000eaf00000,0x00000000eaf78488,0x00000000eb000000)
  to   space 1024K, 0% used [0x00000000eae00000,0x00000000eae00000,0x00000000eaf00000)
 ParOldGen       total 440320K, used 440067K [0x00000000c0000000, 0x00000000dae00000, 0x00000000eab00000)
  object space 440320K, 99% used [0x00000000c0000000,0x00000000dadc0e68,0x00000000dae00000)
 Metaspace       used 61578K, committed 62848K, reserved 1114112K
  class space    used 6315K, committed 6848K, reserved 1048576K
}
Event: 41.045 GC heap after
{Heap after GC invocations=584 (full 3):
 PSYoungGen      total 4096K, used 496K [0x00000000eab00000, 0x00000000eaf80000, 0x0000000100000000)
  eden space 3072K, 0% used [0x00000000eab00000,0x00000000eab00000,0x00000000eae00000)
  from space 1024K, 48% used [0x00000000eae00000,0x00000000eae7c3d8,0x00000000eaf00000)
  to   space 512K, 0% used [0x00000000eaf00000,0x00000000eaf00000,0x00000000eaf80000)
 ParOldGen       total 440832K, used 440401K [0x00000000c0000000, 0x00000000dae80000, 0x00000000eab00000)
  object space 440832K, 99% used [0x00000000c0000000,0x00000000dae145c0,0x00000000dae80000)
 Metaspace       used 61578K, committed 62848K, reserved 1114112K
  class space    used 6315K, committed 6848K, reserved 1048576K
}
Event: 41.057 GC heap before
{Heap before GC invocations=585 (full 3):
 PSYoungGen      total 4096K, used 3563K [0x00000000eab00000, 0x00000000eaf80000, 0x0000000100000000)
  eden space 3072K, 99% used [0x00000000eab00000,0x00000000eadfeb00,0x00000000eae00000)
  from space 1024K, 48% used [0x00000000eae00000,0x00000000eae7c3d8,0x00000000eaf00000)
  to   space 512K, 0% used [0x00000000eaf00000,0x00000000eaf00000,0x00000000eaf80000)
 ParOldGen       total 440832K, used 440401K [0x00000000c0000000, 0x00000000dae80000, 0x00000000eab00000)
  object space 440832K, 99% used [0x00000000c0000000,0x00000000dae145c0,0x00000000dae80000)
 Metaspace       used 61578K, committed 62848K, reserved 1114112K
  class space    used 6315K, committed 6848K, reserved 1048576K
}
Event: 41.059 GC heap after
{Heap after GC invocations=585 (full 3):
 PSYoungGen      total 3584K, used 448K [0x00000000eab00000, 0x00000000eaf80000, 0x0000000100000000)
  eden space 3072K, 0% used [0x00000000eab00000,0x00000000eab00000,0x00000000eae00000)
  from space 512K, 87% used [0x00000000eaf00000,0x00000000eaf70000,0x00000000eaf80000)
  to   space 512K, 0% used [0x00000000eae80000,0x00000000eae80000,0x00000000eaf00000)
 ParOldGen       total 440832K, used 440705K [0x00000000c0000000, 0x00000000dae80000, 0x00000000eab00000)
  object space 440832K, 99% used [0x00000000c0000000,0x00000000dae605c0,0x00000000dae80000)
 Metaspace       used 61578K, committed 62848K, reserved 1114112K
  class space    used 6315K, committed 6848K, reserved 1048576K
}
Event: 41.098 GC heap before
{Heap before GC invocations=586 (full 3):
 PSYoungGen      total 3584K, used 3520K [0x00000000eab00000, 0x00000000eaf80000, 0x0000000100000000)
  eden space 3072K, 100% used [0x00000000eab00000,0x00000000eae00000,0x00000000eae00000)
  from space 512K, 87% used [0x00000000eaf00000,0x00000000eaf70000,0x00000000eaf80000)
  to   space 512K, 0% used [0x00000000eae80000,0x00000000eae80000,0x00000000eaf00000)
 ParOldGen       total 440832K, used 440705K [0x00000000c0000000, 0x00000000dae80000, 0x00000000eab00000)
  object space 440832K, 99% used [0x00000000c0000000,0x00000000dae605c0,0x00000000dae80000)
 Metaspace       used 61579K, committed 62848K, reserved 1114112K
  class space    used 6315K, committed 6848K, reserved 1048576K
}
Event: 41.100 GC heap after
{Heap after GC invocations=586 (full 3):
 PSYoungGen      total 3584K, used 448K [0x00000000eab00000, 0x00000000eaf80000, 0x0000000100000000)
  eden space 3072K, 0% used [0x00000000eab00000,0x00000000eab00000,0x00000000eae00000)
  from space 512K, 87% used [0x00000000eae80000,0x00000000eaef0000,0x00000000eaf00000)
  to   space 512K, 0% used [0x00000000eaf00000,0x00000000eaf00000,0x00000000eaf80000)
 ParOldGen       total 441344K, used 441028K [0x00000000c0000000, 0x00000000daf00000, 0x00000000eab00000)
  object space 441344K, 99% used [0x00000000c0000000,0x00000000daeb11c8,0x00000000daf00000)
 Metaspace       used 61579K, committed 62848K, reserved 1114112K
  class space    used 6315K, committed 6848K, reserved 1048576K
}
Event: 41.113 GC heap before
{Heap before GC invocations=587 (full 3):
 PSYoungGen      total 3584K, used 3520K [0x00000000eab00000, 0x00000000eaf80000, 0x0000000100000000)
  eden space 3072K, 100% used [0x00000000eab00000,0x00000000eae00000,0x00000000eae00000)
  from space 512K, 87% used [0x00000000eae80000,0x00000000eaef0000,0x00000000eaf00000)
  to   space 512K, 0% used [0x00000000eaf00000,0x00000000eaf00000,0x00000000eaf80000)
 ParOldGen       total 441344K, used 441028K [0x00000000c0000000, 0x00000000daf00000, 0x00000000eab00000)
  object space 441344K, 99% used [0x00000000c0000000,0x00000000daeb11c8,0x00000000daf00000)
 Metaspace       used 61579K, committed 62848K, reserved 1114112K
  class space    used 6315K, committed 6848K, reserved 1048576K
}
Event: 41.115 GC heap after
{Heap after GC invocations=587 (full 3):
 PSYoungGen      total 3584K, used 438K [0x00000000eab00000, 0x00000000eaf80000, 0x0000000100000000)
  eden space 3072K, 0% used [0x00000000eab00000,0x00000000eab00000,0x00000000eae00000)
  from space 512K, 85% used [0x00000000eaf00000,0x00000000eaf6d808,0x00000000eaf80000)
  to   space 512K, 0% used [0x00000000eae80000,0x00000000eae80000,0x00000000eaf00000)
 ParOldGen       total 441344K, used 441324K [0x00000000c0000000, 0x00000000daf00000, 0x00000000eab00000)
  object space 441344K, 99% used [0x00000000c0000000,0x00000000daefb1c8,0x00000000daf00000)
 Metaspace       used 61579K, committed 62848K, reserved 1114112K
  class space    used 6315K, committed 6848K, reserved 1048576K
}
Event: 41.127 GC heap before
{Heap before GC invocations=588 (full 3):
 PSYoungGen      total 3584K, used 3510K [0x00000000eab00000, 0x00000000eaf80000, 0x0000000100000000)
  eden space 3072K, 100% used [0x00000000eab00000,0x00000000eae00000,0x00000000eae00000)
  from space 512K, 85% used [0x00000000eaf00000,0x00000000eaf6d808,0x00000000eaf80000)
  to   space 512K, 0% used [0x00000000eae80000,0x00000000eae80000,0x00000000eaf00000)
 ParOldGen       total 441344K, used 441324K [0x00000000c0000000, 0x00000000daf00000, 0x00000000eab00000)
  object space 441344K, 99% used [0x00000000c0000000,0x00000000daefb1c8,0x00000000daf00000)
 Metaspace       used 61579K, committed 62848K, reserved 1114112K
  class space    used 6315K, committed 6848K, reserved 1048576K
}
Event: 41.128 GC heap after
{Heap after GC invocations=588 (full 3):
 PSYoungGen      total 3584K, used 384K [0x00000000eab00000, 0x00000000eaf80000, 0x0000000100000000)
  eden space 3072K, 0% used [0x00000000eab00000,0x00000000eab00000,0x00000000eae00000)
  from space 512K, 75% used [0x00000000eae80000,0x00000000eaee0000,0x00000000eaf00000)
  to   space 512K, 0% used [0x00000000eaf00000,0x00000000eaf00000,0x00000000eaf80000)
 ParOldGen       total 441856K, used 441674K [0x00000000c0000000, 0x00000000daf80000, 0x00000000eab00000)
  object space 441856K, 99% used [0x00000000c0000000,0x00000000daf529d0,0x00000000daf80000)
 Metaspace       used 61579K, committed 62848K, reserved 1114112K
  class space    used 6315K, committed 6848K, reserved 1048576K
}
Event: 41.142 GC heap before
{Heap before GC invocations=589 (full 3):
 PSYoungGen      total 3584K, used 3456K [0x00000000eab00000, 0x00000000eaf80000, 0x0000000100000000)
  eden space 3072K, 100% used [0x00000000eab00000,0x00000000eae00000,0x00000000eae00000)
  from space 512K, 75% used [0x00000000eae80000,0x00000000eaee0000,0x00000000eaf00000)
  to   space 512K, 0% used [0x00000000eaf00000,0x00000000eaf00000,0x00000000eaf80000)
 ParOldGen       total 443904K, used 443229K [0x00000000c0000000, 0x00000000db180000, 0x00000000eab00000)
  object space 443904K, 99% used [0x00000000c0000000,0x00000000db0d76d8,0x00000000db180000)
 Metaspace       used 61579K, committed 62848K, reserved 1114112K
  class space    used 6315K, committed 6848K, reserved 1048576K
}
Event: 41.143 GC heap after
{Heap after GC invocations=589 (full 3):
 PSYoungGen      total 3584K, used 416K [0x00000000eab00000, 0x00000000eaf80000, 0x0000000100000000)
  eden space 3072K, 0% used [0x00000000eab00000,0x00000000eab00000,0x00000000eae00000)
  from space 512K, 81% used [0x00000000eaf00000,0x00000000eaf68000,0x00000000eaf80000)
  to   space 512K, 0% used [0x00000000eae80000,0x00000000eae80000,0x00000000eaf00000)
 ParOldGen       total 443904K, used 443557K [0x00000000c0000000, 0x00000000db180000, 0x00000000eab00000)
  object space 443904K, 99% used [0x00000000c0000000,0x00000000db1296d8,0x00000000db180000)
 Metaspace       used 61579K, committed 62848K, reserved 1114112K
  class space    used 6315K, committed 6848K, reserved 1048576K
}
Event: 41.180 GC heap before
{Heap before GC invocations=590 (full 3):
 PSYoungGen      total 3584K, used 3488K [0x00000000eab00000, 0x00000000eaf80000, 0x0000000100000000)
  eden space 3072K, 100% used [0x00000000eab00000,0x00000000eae00000,0x00000000eae00000)
  from space 512K, 81% used [0x00000000eaf00000,0x00000000eaf68000,0x00000000eaf80000)
  to   space 512K, 0% used [0x00000000eae80000,0x00000000eae80000,0x00000000eaf00000)
 ParOldGen       total 443904K, used 443557K [0x00000000c0000000, 0x00000000db180000, 0x00000000eab00000)
  object space 443904K, 99% used [0x00000000c0000000,0x00000000db1296d8,0x00000000db180000)
 Metaspace       used 61579K, committed 62848K, reserved 1114112K
  class space    used 6315K, committed 6848K, reserved 1048576K
}
Event: 41.181 GC heap after
{Heap after GC invocations=590 (full 3):
 PSYoungGen      total 3584K, used 480K [0x00000000eab00000, 0x00000000eb000000, 0x0000000100000000)
  eden space 3072K, 0% used [0x00000000eab00000,0x00000000eab00000,0x00000000eae00000)
  from space 512K, 93% used [0x00000000eae80000,0x00000000eaef8078,0x00000000eaf00000)
  to   space 1024K, 0% used [0x00000000eaf00000,0x00000000eaf00000,0x00000000eb000000)
 ParOldGen       total 443904K, used 443885K [0x00000000c0000000, 0x00000000db180000, 0x00000000eab00000)
  object space 443904K, 99% used [0x00000000c0000000,0x00000000db17b6d8,0x00000000db180000)
 Metaspace       used 61579K, committed 62848K, reserved 1114112K
  class space    used 6315K, committed 6848K, reserved 1048576K
}
Event: 41.195 GC heap before
{Heap before GC invocations=591 (full 3):
 PSYoungGen      total 3584K, used 3552K [0x00000000eab00000, 0x00000000eb000000, 0x0000000100000000)
  eden space 3072K, 100% used [0x00000000eab00000,0x00000000eae00000,0x00000000eae00000)
  from space 512K, 93% used [0x00000000eae80000,0x00000000eaef8078,0x00000000eaf00000)
  to   space 1024K, 0% used [0x00000000eaf00000,0x00000000eaf00000,0x00000000eb000000)
 ParOldGen       total 443904K, used 443885K [0x00000000c0000000, 0x00000000db180000, 0x00000000eab00000)
  object space 443904K, 99% used [0x00000000c0000000,0x00000000db17b6d8,0x00000000db180000)
 Metaspace       used 61579K, committed 62848K, reserved 1114112K
  class space    used 6315K, committed 6848K, reserved 1048576K
}
Event: 41.197 GC heap after
{Heap after GC invocations=591 (full 3):
 PSYoungGen      total 4096K, used 630K [0x00000000eab00000, 0x00000000eb000000, 0x0000000100000000)
  eden space 3072K, 0% used [0x00000000eab00000,0x00000000eab00000,0x00000000eae00000)
  from space 1024K, 61% used [0x00000000eaf00000,0x00000000eaf9da60,0x00000000eb000000)
  to   space 1024K, 0% used [0x00000000eae00000,0x00000000eae00000,0x00000000eaf00000)
 ParOldGen       total 444416K, used 444209K [0x00000000c0000000, 0x00000000db200000, 0x00000000eab00000)
  object space 444416K, 99% used [0x00000000c0000000,0x00000000db1cc660,0x00000000db200000)
 Metaspace       used 61579K, committed 62848K, reserved 1114112K
  class space    used 6315K, committed 6848K, reserved 1048576K
}
Event: 42.206 GC heap before
{Heap before GC invocations=592 (full 3):
 PSYoungGen      total 4096K, used 3702K [0x00000000eab00000, 0x00000000eb000000, 0x0000000100000000)
  eden space 3072K, 100% used [0x00000000eab00000,0x00000000eae00000,0x00000000eae00000)
  from space 1024K, 61% used [0x00000000eaf00000,0x00000000eaf9da60,0x00000000eb000000)
  to   space 1024K, 0% used [0x00000000eae00000,0x00000000eae00000,0x00000000eaf00000)
 ParOldGen       total 444416K, used 444302K [0x00000000c0000000, 0x00000000db200000, 0x00000000eab00000)
  object space 444416K, 99% used [0x00000000c0000000,0x00000000db1e3a68,0x00000000db200000)
 Metaspace       used 61579K, committed 62848K, reserved 1114112K
  class space    used 6315K, committed 6848K, reserved 1048576K
}

