# JRE version: OpenJDK Runtime Environment Temurin-21.0.6+7 (21.0.6+7) (build 21.0.6+7-LTS)
# Java VM: OpenJDK 64-Bit Server VM Temurin-21.0.6+7 (21.0.6+7-LTS, mixed mode, sharing, tiered, compressed oops, compressed class ptrs, parallel gc, windows-amd64)
GC Precious Log:
 CardTable entry size: 512
 CPUs: 8 total, 8 available
 Memory: 5702M
 Large Page Support: Disabled
 NUMA Support: Disabled
 Compressed Oops: Enabled (32-bit)
 Alignments: Space 512K, Generation 512K, Heap 2M
 Heap Min Capacity: 100M
 Heap Initial Capacity: 100M
 Heap Max Capacity: 1G
 Pre-touch: Disabled
 Parallel Workers: 8
Heap:
 PSYoungGen      total 6144K, used 5280K [0x00000000eab00000, 0x00000000eb280000, 0x0000000100000000)
  eden space 4608K, 100% used [0x00000000eab00000,0x00000000eaf80000,0x00000000eaf80000)
  from space 1536K, 43% used [0x00000000eaf80000,0x00000000eb028000,0x00000000eb100000)
  to   space 1024K, 0% used [0x00000000eb180000,0x00000000eb180000,0x00000000eb280000)
 ParOldGen       total 544256K, used 544244K [0x00000000c0000000, 0x00000000e1380000, 0x00000000eab00000)
  object space 544256K, 99% used [0x00000000c0000000,0x00000000e137d338,0x00000000e1380000)
 Metaspace       used 67925K, committed 69376K, reserved 1114112K
  class space    used 7029K, committed 7680K, reserved 1048576K
GC Heap History (20 events):
Event: 138.781 GC heap after
{Heap after GC invocations=876 (full 5):
 PSYoungGen      total 6144K, used 576K [0x00000000eab00000, 0x00000000eb200000, 0x0000000100000000)
  eden space 5120K, 0% used [0x00000000eab00000,0x00000000eab00000,0x00000000eb000000)
  from space 1024K, 56% used [0x00000000eb000000,0x00000000eb090000,0x00000000eb100000)
  to   space 1024K, 0% used [0x00000000eb100000,0x00000000eb100000,0x00000000eb200000)
 ParOldGen       total 539648K, used 539388K [0x00000000c0000000, 0x00000000e0f00000, 0x00000000eab00000)
  object space 539648K, 99% used [0x00000000c0000000,0x00000000e0ebf3d8,0x00000000e0f00000)
 Metaspace       used 67429K, committed 68864K, reserved 1114112K
  class space    used 6979K, committed 7616K, reserved 1048576K
}
Event: 138.812 GC heap before
{Heap before GC invocations=877 (full 5):
 PSYoungGen      total 6144K, used 5696K [0x00000000eab00000, 0x00000000eb200000, 0x0000000100000000)
  eden space 5120K, 100% used [0x00000000eab00000,0x00000000eb000000,0x00000000eb000000)
  from space 1024K, 56% used [0x00000000eb000000,0x00000000eb090000,0x00000000eb100000)
  to   space 1024K, 0% used [0x00000000eb100000,0x00000000eb100000,0x00000000eb200000)
 ParOldGen       total 539648K, used 539388K [0x00000000c0000000, 0x00000000e0f00000, 0x00000000eab00000)
  object space 539648K, 99% used [0x00000000c0000000,0x00000000e0ebf3d8,0x00000000e0f00000)
 Metaspace       used 67437K, committed 68864K, reserved 1114112K
  class space    used 6981K, committed 7616K, reserved 1048576K
}
Event: 138.813 GC heap after
{Heap after GC invocations=877 (full 5):
 PSYoungGen      total 6144K, used 640K [0x00000000eab00000, 0x00000000eb200000, 0x0000000100000000)
  eden space 5120K, 0% used [0x00000000eab00000,0x00000000eab00000,0x00000000eb000000)
  from space 1024K, 62% used [0x00000000eb100000,0x00000000eb1a0000,0x00000000eb200000)
  to   space 1024K, 0% used [0x00000000eb000000,0x00000000eb000000,0x00000000eb100000)
 ParOldGen       total 540160K, used 539867K [0x00000000c0000000, 0x00000000e0f80000, 0x00000000eab00000)
  object space 540160K, 99% used [0x00000000c0000000,0x00000000e0f36ee0,0x00000000e0f80000)
 Metaspace       used 67437K, committed 68864K, reserved 1114112K
  class space    used 6981K, committed 7616K, reserved 1048576K
}
Event: 138.862 GC heap before
{Heap before GC invocations=878 (full 5):
 PSYoungGen      total 6144K, used 5760K [0x00000000eab00000, 0x00000000eb200000, 0x0000000100000000)
  eden space 5120K, 100% used [0x00000000eab00000,0x00000000eb000000,0x00000000eb000000)
  from space 1024K, 62% used [0x00000000eb100000,0x00000000eb1a0000,0x00000000eb200000)
  to   space 1024K, 0% used [0x00000000eb000000,0x00000000eb000000,0x00000000eb100000)
 ParOldGen       total 540160K, used 539867K [0x00000000c0000000, 0x00000000e0f80000, 0x00000000eab00000)
  object space 540160K, 99% used [0x00000000c0000000,0x00000000e0f36ee0,0x00000000e0f80000)
 Metaspace       used 67465K, committed 68928K, reserved 1114112K
  class space    used 6985K, committed 7616K, reserved 1048576K
}
Event: 138.865 GC heap after
{Heap after GC invocations=878 (full 5):
 PSYoungGen      total 6144K, used 640K [0x00000000eab00000, 0x00000000eb200000, 0x0000000100000000)
  eden space 5120K, 0% used [0x00000000eab00000,0x00000000eab00000,0x00000000eb000000)
  from space 1024K, 62% used [0x00000000eb000000,0x00000000eb0a0000,0x00000000eb100000)
  to   space 1024K, 0% used [0x00000000eb100000,0x00000000eb100000,0x00000000eb200000)
 ParOldGen       total 540672K, used 540395K [0x00000000c0000000, 0x00000000e1000000, 0x00000000eab00000)
  object space 540672K, 99% used [0x00000000c0000000,0x00000000e0fbaee0,0x00000000e1000000)
 Metaspace       used 67465K, committed 68928K, reserved 1114112K
  class space    used 6985K, committed 7616K, reserved 1048576K
}
Event: 138.912 GC heap before
{Heap before GC invocations=879 (full 5):
 PSYoungGen      total 6144K, used 5760K [0x00000000eab00000, 0x00000000eb200000, 0x0000000100000000)
  eden space 5120K, 100% used [0x00000000eab00000,0x00000000eb000000,0x00000000eb000000)
  from space 1024K, 62% used [0x00000000eb000000,0x00000000eb0a0000,0x00000000eb100000)
  to   space 1024K, 0% used [0x00000000eb100000,0x00000000eb100000,0x00000000eb200000)
 ParOldGen       total 540672K, used 540395K [0x00000000c0000000, 0x00000000e1000000, 0x00000000eab00000)
  object space 540672K, 99% used [0x00000000c0000000,0x00000000e0fbaee0,0x00000000e1000000)
 Metaspace       used 67488K, committed 68928K, reserved 1114112K
  class space    used 6987K, committed 7616K, reserved 1048576K
}
Event: 138.914 GC heap after
{Heap after GC invocations=879 (full 5):
 PSYoungGen      total 5632K, used 1024K [0x00000000eab00000, 0x00000000eb300000, 0x0000000100000000)
  eden space 4608K, 0% used [0x00000000eab00000,0x00000000eab00000,0x00000000eaf80000)
  from space 1024K, 100% used [0x00000000eb100000,0x00000000eb200000,0x00000000eb200000)
  to   space 1536K, 0% used [0x00000000eaf80000,0x00000000eaf80000,0x00000000eb100000)
 ParOldGen       total 540672K, used 540443K [0x00000000c0000000, 0x00000000e1000000, 0x00000000eab00000)
  object space 540672K, 99% used [0x00000000c0000000,0x00000000e0fc6ee0,0x00000000e1000000)
 Metaspace       used 67488K, committed 68928K, reserved 1114112K
  class space    used 6987K, committed 7616K, reserved 1048576K
}
Event: 138.950 GC heap before
{Heap before GC invocations=880 (full 5):
 PSYoungGen      total 5632K, used 5632K [0x00000000eab00000, 0x00000000eb300000, 0x0000000100000000)
  eden space 4608K, 100% used [0x00000000eab00000,0x00000000eaf80000,0x00000000eaf80000)
  from space 1024K, 100% used [0x00000000eb100000,0x00000000eb200000,0x00000000eb200000)
  to   space 1536K, 0% used [0x00000000eaf80000,0x00000000eaf80000,0x00000000eb100000)
 ParOldGen       total 540672K, used 540443K [0x00000000c0000000, 0x00000000e1000000, 0x00000000eab00000)
  object space 540672K, 99% used [0x00000000c0000000,0x00000000e0fc6ee0,0x00000000e1000000)
 Metaspace       used 67532K, committed 68992K, reserved 1114112K
  class space    used 6991K, committed 7616K, reserved 1048576K
}
Event: 138.952 GC heap after
{Heap after GC invocations=880 (full 5):
 PSYoungGen      total 5632K, used 608K [0x00000000eab00000, 0x00000000eb180000, 0x0000000100000000)
  eden space 4608K, 0% used [0x00000000eab00000,0x00000000eab00000,0x00000000eaf80000)
  from space 1024K, 59% used [0x00000000eaf80000,0x00000000eb018000,0x00000000eb080000)
  to   space 1024K, 0% used [0x00000000eb080000,0x00000000eb080000,0x00000000eb180000)
 ParOldGen       total 541696K, used 541451K [0x00000000c0000000, 0x00000000e1100000, 0x00000000eab00000)
  object space 541696K, 99% used [0x00000000c0000000,0x00000000e10c2ee0,0x00000000e1100000)
 Metaspace       used 67532K, committed 68992K, reserved 1114112K
  class space    used 6991K, committed 7616K, reserved 1048576K
}
Event: 139.020 GC heap before
{Heap before GC invocations=881 (full 5):
 PSYoungGen      total 5632K, used 5216K [0x00000000eab00000, 0x00000000eb180000, 0x0000000100000000)
  eden space 4608K, 100% used [0x00000000eab00000,0x00000000eaf80000,0x00000000eaf80000)
  from space 1024K, 59% used [0x00000000eaf80000,0x00000000eb018000,0x00000000eb080000)
  to   space 1024K, 0% used [0x00000000eb080000,0x00000000eb080000,0x00000000eb180000)
 ParOldGen       total 541696K, used 541451K [0x00000000c0000000, 0x00000000e1100000, 0x00000000eab00000)
  object space 541696K, 99% used [0x00000000c0000000,0x00000000e10c2ee0,0x00000000e1100000)
 Metaspace       used 67632K, committed 69056K, reserved 1114112K
  class space    used 7000K, committed 7616K, reserved 1048576K
}
Event: 139.021 GC heap after
{Heap after GC invocations=881 (full 5):
 PSYoungGen      total 5120K, used 1016K [0x00000000eab00000, 0x00000000eb280000, 0x0000000100000000)
  eden space 4096K, 0% used [0x00000000eab00000,0x00000000eab00000,0x00000000eaf00000)
  from space 1024K, 99% used [0x00000000eb080000,0x00000000eb17e008,0x00000000eb180000)
  to   space 1536K, 0% used [0x00000000eaf00000,0x00000000eaf00000,0x00000000eb080000)
 ParOldGen       total 541696K, used 541651K [0x00000000c0000000, 0x00000000e1100000, 0x00000000eab00000)
  object space 541696K, 99% used [0x00000000c0000000,0x00000000e10f4ee0,0x00000000e1100000)
 Metaspace       used 67632K, committed 69056K, reserved 1114112K
  class space    used 7000K, committed 7616K, reserved 1048576K
}
Event: 139.054 GC heap before
{Heap before GC invocations=882 (full 5):
 PSYoungGen      total 5120K, used 5112K [0x00000000eab00000, 0x00000000eb280000, 0x0000000100000000)
  eden space 4096K, 100% used [0x00000000eab00000,0x00000000eaf00000,0x00000000eaf00000)
  from space 1024K, 99% used [0x00000000eb080000,0x00000000eb17e008,0x00000000eb180000)
  to   space 1536K, 0% used [0x00000000eaf00000,0x00000000eaf00000,0x00000000eb080000)
 ParOldGen       total 541696K, used 541651K [0x00000000c0000000, 0x00000000e1100000, 0x00000000eab00000)
  object space 541696K, 99% used [0x00000000c0000000,0x00000000e10f4ee0,0x00000000e1100000)
 Metaspace       used 67725K, committed 69120K, reserved 1114112K
  class space    used 7010K, committed 7616K, reserved 1048576K
}
Event: 139.059 GC heap after
{Heap after GC invocations=882 (full 5):
 PSYoungGen      total 5120K, used 544K [0x00000000eab00000, 0x00000000eb100000, 0x0000000100000000)
  eden space 4096K, 0% used [0x00000000eab00000,0x00000000eab00000,0x00000000eaf00000)
  from space 1024K, 53% used [0x00000000eaf00000,0x00000000eaf88000,0x00000000eb000000)
  to   space 1024K, 0% used [0x00000000eb000000,0x00000000eb000000,0x00000000eb100000)
 ParOldGen       total 542720K, used 542657K [0x00000000c0000000, 0x00000000e1200000, 0x00000000eab00000)
  object space 542720K, 99% used [0x00000000c0000000,0x00000000e11f0728,0x00000000e1200000)
 Metaspace       used 67725K, committed 69120K, reserved 1114112K
  class space    used 7010K, committed 7616K, reserved 1048576K
}
Event: 139.103 GC heap before
{Heap before GC invocations=883 (full 5):
 PSYoungGen      total 5120K, used 4640K [0x00000000eab00000, 0x00000000eb100000, 0x0000000100000000)
  eden space 4096K, 100% used [0x00000000eab00000,0x00000000eaf00000,0x00000000eaf00000)
  from space 1024K, 53% used [0x00000000eaf00000,0x00000000eaf88000,0x00000000eb000000)
  to   space 1024K, 0% used [0x00000000eb000000,0x00000000eb000000,0x00000000eb100000)
 ParOldGen       total 542720K, used 542657K [0x00000000c0000000, 0x00000000e1200000, 0x00000000eab00000)
  object space 542720K, 99% used [0x00000000c0000000,0x00000000e11f0728,0x00000000e1200000)
 Metaspace       used 67864K, committed 69248K, reserved 1114112K
  class space    used 7019K, committed 7616K, reserved 1048576K
}
Event: 139.106 GC heap after
{Heap after GC invocations=883 (full 5):
 PSYoungGen      total 4608K, used 960K [0x00000000eab00000, 0x00000000eb200000, 0x0000000100000000)
  eden space 3584K, 0% used [0x00000000eab00000,0x00000000eab00000,0x00000000eae80000)
  from space 1024K, 93% used [0x00000000eb000000,0x00000000eb0f0000,0x00000000eb100000)
  to   space 1536K, 0% used [0x00000000eae80000,0x00000000eae80000,0x00000000eb000000)
 ParOldGen       total 542720K, used 542657K [0x00000000c0000000, 0x00000000e1200000, 0x00000000eab00000)
  object space 542720K, 99% used [0x00000000c0000000,0x00000000e11f0728,0x00000000e1200000)
 Metaspace       used 67864K, committed 69248K, reserved 1114112K
  class space    used 7019K, committed 7616K, reserved 1048576K
}
Event: 139.132 GC heap before
{Heap before GC invocations=884 (full 5):
 PSYoungGen      total 4608K, used 4544K [0x00000000eab00000, 0x00000000eb200000, 0x0000000100000000)
  eden space 3584K, 100% used [0x00000000eab00000,0x00000000eae80000,0x00000000eae80000)
  from space 1024K, 93% used [0x00000000eb000000,0x00000000eb0f0000,0x00000000eb100000)
  to   space 1536K, 0% used [0x00000000eae80000,0x00000000eae80000,0x00000000eb000000)
 ParOldGen       total 542720K, used 542657K [0x00000000c0000000, 0x00000000e1200000, 0x00000000eab00000)
  object space 542720K, 99% used [0x00000000c0000000,0x00000000e11f0728,0x00000000e1200000)
 Metaspace       used 67865K, committed 69248K, reserved 1114112K
  class space    used 7019K, committed 7616K, reserved 1048576K
}
Event: 139.149 GC heap after
{Heap after GC invocations=884 (full 5):
 PSYoungGen      total 5120K, used 1248K [0x00000000eab00000, 0x00000000eb280000, 0x0000000100000000)
  eden space 3584K, 0% used [0x00000000eab00000,0x00000000eab00000,0x00000000eae80000)
  from space 1536K, 81% used [0x00000000eae80000,0x00000000eafb8000,0x00000000eb000000)
  to   space 1536K, 0% used [0x00000000eb100000,0x00000000eb100000,0x00000000eb280000)
 ParOldGen       total 542720K, used 542657K [0x00000000c0000000, 0x00000000e1200000, 0x00000000eab00000)
  object space 542720K, 99% used [0x00000000c0000000,0x00000000e11f0728,0x00000000e1200000)
 Metaspace       used 67865K, committed 69248K, reserved 1114112K
  class space    used 7019K, committed 7616K, reserved 1048576K
}
Event: 139.192 GC heap before
{Heap before GC invocations=885 (full 5):
 PSYoungGen      total 5120K, used 4832K [0x00000000eab00000, 0x00000000eb280000, 0x0000000100000000)
  eden space 3584K, 100% used [0x00000000eab00000,0x00000000eae80000,0x00000000eae80000)
  from space 1536K, 81% used [0x00000000eae80000,0x00000000eafb8000,0x00000000eb000000)
  to   space 1536K, 0% used [0x00000000eb100000,0x00000000eb100000,0x00000000eb280000)
 ParOldGen       total 542720K, used 542657K [0x00000000c0000000, 0x00000000e1200000, 0x00000000eab00000)
  object space 542720K, 99% used [0x00000000c0000000,0x00000000e11f0728,0x00000000e1200000)
 Metaspace       used 67872K, committed 69248K, reserved 1114112K
  class space    used 7019K, committed 7616K, reserved 1048576K
}
Event: 139.194 GC heap after
{Heap after GC invocations=885 (full 5):
 PSYoungGen      total 6144K, used 896K [0x00000000eab00000, 0x00000000eb280000, 0x0000000100000000)
  eden space 4608K, 0% used [0x00000000eab00000,0x00000000eab00000,0x00000000eaf80000)
  from space 1536K, 58% used [0x00000000eb100000,0x00000000eb1e0000,0x00000000eb280000)
  to   space 1536K, 0% used [0x00000000eaf80000,0x00000000eaf80000,0x00000000eb100000)
 ParOldGen       total 543744K, used 543449K [0x00000000c0000000, 0x00000000e1300000, 0x00000000eab00000)
  object space 543744K, 99% used [0x00000000c0000000,0x00000000e12b6728,0x00000000e1300000)
 Metaspace       used 67872K, committed 69248K, reserved 1114112K
  class space    used 7019K, committed 7616K, reserved 1048576K
}
Event: 140.279 GC heap before
{Heap before GC invocations=886 (full 5):
 PSYoungGen      total 6144K, used 5504K [0x00000000eab00000, 0x00000000eb280000, 0x0000000100000000)
  eden space 4608K, 100% used [0x00000000eab00000,0x00000000eaf80000,0x00000000eaf80000)
  from space 1536K, 58% used [0x00000000eb100000,0x00000000eb1e0000,0x00000000eb280000)
  to   space 1536K, 0% used [0x00000000eaf80000,0x00000000eaf80000,0x00000000eb100000)
 ParOldGen       total 543744K, used 543449K [0x00000000c0000000, 0x00000000e1300000, 0x00000000eab00000)
  object space 543744K, 99% used [0x00000000c0000000,0x00000000e12b6728,0x00000000e1300000)
 Metaspace       used 67918K, committed 69312K, reserved 1114112K
  class space    used 7027K, committed 7616K, reserved 1048576K
}

