# JRE version: OpenJDK Runtime Environment Temurin-21.0.6+7 (21.0.6+7) (build 21.0.6+7-LTS)
# Java VM: OpenJDK 64-Bit Server VM Temurin-21.0.6+7 (21.0.6+7-LTS, mixed mode, sharing, tiered, compressed oops, compressed class ptrs, parallel gc, windows-amd64)
GC Precious Log:
 CardTable entry size: 512
 CPUs: 8 total, 8 available
 Memory: 5702M
 Large Page Support: Disabled
 NUMA Support: Disabled
 Compressed Oops: Enabled (32-bit)
 Alignments: Space 512K, Generation 512K, Heap 2M
 Heap Min Capacity: 100M
 Heap Initial Capacity: 100M
 Heap Max Capacity: 1G
 Pre-touch: Disabled
 Parallel Workers: 8
Heap:
 PSYoungGen      total 3072K, used 928K [0x00000000eab00000, 0x00000000eaf00000, 0x0000000100000000)
  eden space 2048K, 6% used [0x00000000eab00000,0x00000000eab20490,0x00000000ead00000)
  from space 1024K, 78% used [0x00000000eae00000,0x00000000eaec7ed8,0x00000000eaf00000)
  to   space 1024K, 0% used [0x00000000ead00000,0x00000000ead00000,0x00000000eae00000)
 ParOldGen       total 519168K, used 518707K [0x00000000c0000000, 0x00000000dfb00000, 0x00000000eab00000)
  object space 519168K, 99% used [0x00000000c0000000,0x00000000dfa8ceb0,0x00000000dfb00000)
 Metaspace       used 76363K, committed 78016K, reserved 1179648K
  class space    used 7832K, committed 8576K, reserved 1048576K
GC Heap History (20 events):
Event: 1310.486 GC heap before
{Heap before GC invocations=2267 (full 4):
 PSYoungGen      total 3072K, used 3047K [0x00000000eab00000, 0x00000000eb100000, 0x0000000100000000)
  eden space 1024K, 100% used [0x00000000eab00000,0x00000000eac00000,0x00000000eac00000)
  from space 2048K, 98% used [0x00000000eac00000,0x00000000eadf9e18,0x00000000eae00000)
  to   space 2560K, 0% used [0x00000000eae80000,0x00000000eae80000,0x00000000eb100000)
 ParOldGen       total 516096K, used 515922K [0x00000000c0000000, 0x00000000df800000, 0x00000000eab00000)
  object space 516096K, 99% used [0x00000000c0000000,0x00000000df7d4b90,0x00000000df800000)
 Metaspace       used 75649K, committed 77248K, reserved 1179648K
  class space    used 7766K, committed 8448K, reserved 1048576K
}
Event: 1310.489 GC heap after
{Heap after GC invocations=2267 (full 4):
 PSYoungGen      total 3072K, used 2491K [0x00000000eab00000, 0x00000000eb200000, 0x0000000100000000)
  eden space 512K, 0% used [0x00000000eab00000,0x00000000eab00000,0x00000000eab80000)
  from space 2560K, 97% used [0x00000000eae80000,0x00000000eb0eef90,0x00000000eb100000)
  to   space 3072K, 0% used [0x00000000eab80000,0x00000000eab80000,0x00000000eae80000)
 ParOldGen       total 516608K, used 516139K [0x00000000c0000000, 0x00000000df880000, 0x00000000eab00000)
  object space 516608K, 99% used [0x00000000c0000000,0x00000000df80aff8,0x00000000df880000)
 Metaspace       used 75649K, committed 77248K, reserved 1179648K
  class space    used 7766K, committed 8448K, reserved 1048576K
}
Event: 1310.496 GC heap before
{Heap before GC invocations=2268 (full 4):
 PSYoungGen      total 3072K, used 3003K [0x00000000eab00000, 0x00000000eb200000, 0x0000000100000000)
  eden space 512K, 99% used [0x00000000eab00000,0x00000000eab7fff0,0x00000000eab80000)
  from space 2560K, 97% used [0x00000000eae80000,0x00000000eb0eef90,0x00000000eb100000)
  to   space 3072K, 0% used [0x00000000eab80000,0x00000000eab80000,0x00000000eae80000)
 ParOldGen       total 516608K, used 516139K [0x00000000c0000000, 0x00000000df880000, 0x00000000eab00000)
  object space 516608K, 99% used [0x00000000c0000000,0x00000000df80aff8,0x00000000df880000)
 Metaspace       used 75649K, committed 77248K, reserved 1179648K
  class space    used 7766K, committed 8448K, reserved 1048576K
}
Event: 1310.498 GC heap after
{Heap after GC invocations=2268 (full 4):
 PSYoungGen      total 3584K, used 2596K [0x00000000eab00000, 0x00000000eb180000, 0x0000000100000000)
  eden space 512K, 0% used [0x00000000eab00000,0x00000000eab00000,0x00000000eab80000)
  from space 3072K, 84% used [0x00000000eab80000,0x00000000eae092c8,0x00000000eae80000)
  to   space 3072K, 0% used [0x00000000eae80000,0x00000000eae80000,0x00000000eb180000)
 ParOldGen       total 516608K, used 516139K [0x00000000c0000000, 0x00000000df880000, 0x00000000eab00000)
  object space 516608K, 99% used [0x00000000c0000000,0x00000000df80aff8,0x00000000df880000)
 Metaspace       used 75649K, committed 77248K, reserved 1179648K
  class space    used 7766K, committed 8448K, reserved 1048576K
}
Event: 1310.499 GC heap before
{Heap before GC invocations=2269 (full 4):
 PSYoungGen      total 3584K, used 3108K [0x00000000eab00000, 0x00000000eb180000, 0x0000000100000000)
  eden space 512K, 99% used [0x00000000eab00000,0x00000000eab7fff0,0x00000000eab80000)
  from space 3072K, 84% used [0x00000000eab80000,0x00000000eae092c8,0x00000000eae80000)
  to   space 3072K, 0% used [0x00000000eae80000,0x00000000eae80000,0x00000000eb180000)
 ParOldGen       total 516608K, used 516139K [0x00000000c0000000, 0x00000000df880000, 0x00000000eab00000)
  object space 516608K, 99% used [0x00000000c0000000,0x00000000df80aff8,0x00000000df880000)
 Metaspace       used 75649K, committed 77248K, reserved 1179648K
  class space    used 7766K, committed 8448K, reserved 1048576K
}
Event: 1310.502 GC heap after
{Heap after GC invocations=2269 (full 4):
 PSYoungGen      total 3584K, used 2319K [0x00000000eab00000, 0x00000000eb100000, 0x0000000100000000)
  eden space 1024K, 0% used [0x00000000eab00000,0x00000000eab00000,0x00000000eac00000)
  from space 2560K, 90% used [0x00000000eae80000,0x00000000eb0c3f58,0x00000000eb100000)
  to   space 2560K, 0% used [0x00000000eac00000,0x00000000eac00000,0x00000000eae80000)
 ParOldGen       total 516608K, used 516395K [0x00000000c0000000, 0x00000000df880000, 0x00000000eab00000)
  object space 516608K, 99% used [0x00000000c0000000,0x00000000df84ac20,0x00000000df880000)
 Metaspace       used 75649K, committed 77248K, reserved 1179648K
  class space    used 7766K, committed 8448K, reserved 1048576K
}
Event: 1310.507 GC heap before
{Heap before GC invocations=2270 (full 4):
 PSYoungGen      total 3584K, used 3343K [0x00000000eab00000, 0x00000000eb100000, 0x0000000100000000)
  eden space 1024K, 100% used [0x00000000eab00000,0x00000000eac00000,0x00000000eac00000)
  from space 2560K, 90% used [0x00000000eae80000,0x00000000eb0c3f58,0x00000000eb100000)
  to   space 2560K, 0% used [0x00000000eac00000,0x00000000eac00000,0x00000000eae80000)
 ParOldGen       total 516608K, used 516395K [0x00000000c0000000, 0x00000000df880000, 0x00000000eab00000)
  object space 516608K, 99% used [0x00000000c0000000,0x00000000df84ac20,0x00000000df880000)
 Metaspace       used 75649K, committed 77248K, reserved 1179648K
  class space    used 7766K, committed 8448K, reserved 1048576K
}
Event: 1310.511 GC heap after
{Heap after GC invocations=2270 (full 4):
 PSYoungGen      total 3584K, used 2079K [0x00000000eab00000, 0x00000000eb180000, 0x0000000100000000)
  eden space 1024K, 0% used [0x00000000eab00000,0x00000000eab00000,0x00000000eac00000)
  from space 2560K, 81% used [0x00000000eac00000,0x00000000eae07f48,0x00000000eae80000)
  to   space 2560K, 0% used [0x00000000eaf00000,0x00000000eaf00000,0x00000000eb180000)
 ParOldGen       total 517120K, used 516743K [0x00000000c0000000, 0x00000000df900000, 0x00000000eab00000)
  object space 517120K, 99% used [0x00000000c0000000,0x00000000df8a1f80,0x00000000df900000)
 Metaspace       used 75649K, committed 77248K, reserved 1179648K
  class space    used 7766K, committed 8448K, reserved 1048576K
}
Event: 1310.562 GC heap before
{Heap before GC invocations=2271 (full 4):
 PSYoungGen      total 3584K, used 3103K [0x00000000eab00000, 0x00000000eb180000, 0x0000000100000000)
  eden space 1024K, 99% used [0x00000000eab00000,0x00000000eabffff8,0x00000000eac00000)
  from space 2560K, 81% used [0x00000000eac00000,0x00000000eae07f48,0x00000000eae80000)
  to   space 2560K, 0% used [0x00000000eaf00000,0x00000000eaf00000,0x00000000eb180000)
 ParOldGen       total 517120K, used 516743K [0x00000000c0000000, 0x00000000df900000, 0x00000000eab00000)
  object space 517120K, 99% used [0x00000000c0000000,0x00000000df8a1f80,0x00000000df900000)
 Metaspace       used 75763K, committed 77376K, reserved 1179648K
  class space    used 7770K, committed 8448K, reserved 1048576K
}
Event: 1310.565 GC heap after
{Heap after GC invocations=2271 (full 4):
 PSYoungGen      total 2560K, used 836K [0x00000000eab00000, 0x00000000eb000000, 0x0000000100000000)
  eden space 1536K, 0% used [0x00000000eab00000,0x00000000eab00000,0x00000000eac80000)
  from space 1024K, 81% used [0x00000000eaf00000,0x00000000eafd1070,0x00000000eb000000)
  to   space 1536K, 0% used [0x00000000ead00000,0x00000000ead00000,0x00000000eae80000)
 ParOldGen       total 517632K, used 517311K [0x00000000c0000000, 0x00000000df980000, 0x00000000eab00000)
  object space 517632K, 99% used [0x00000000c0000000,0x00000000df92ff80,0x00000000df980000)
 Metaspace       used 75763K, committed 77376K, reserved 1179648K
  class space    used 7770K, committed 8448K, reserved 1048576K
}
Event: 1310.601 GC heap before
{Heap before GC invocations=2272 (full 4):
 PSYoungGen      total 2560K, used 2357K [0x00000000eab00000, 0x00000000eb000000, 0x0000000100000000)
  eden space 1536K, 99% used [0x00000000eab00000,0x00000000eac7c530,0x00000000eac80000)
  from space 1024K, 81% used [0x00000000eaf00000,0x00000000eafd1070,0x00000000eb000000)
  to   space 1536K, 0% used [0x00000000ead00000,0x00000000ead00000,0x00000000eae80000)
 ParOldGen       total 517632K, used 517311K [0x00000000c0000000, 0x00000000df980000, 0x00000000eab00000)
  object space 517632K, 99% used [0x00000000c0000000,0x00000000df92ff80,0x00000000df980000)
 Metaspace       used 75828K, committed 77504K, reserved 1179648K
  class space    used 7777K, committed 8512K, reserved 1048576K
}
Event: 1310.604 GC heap after
{Heap after GC invocations=2272 (full 4):
 PSYoungGen      total 3584K, used 719K [0x00000000eab00000, 0x00000000eaf80000, 0x0000000100000000)
  eden space 2048K, 0% used [0x00000000eab00000,0x00000000eab00000,0x00000000ead00000)
  from space 1536K, 46% used [0x00000000ead00000,0x00000000eadb3c28,0x00000000eae80000)
  to   space 1024K, 0% used [0x00000000eae80000,0x00000000eae80000,0x00000000eaf80000)
 ParOldGen       total 517632K, used 517600K [0x00000000c0000000, 0x00000000df980000, 0x00000000eab00000)
  object space 517632K, 99% used [0x00000000c0000000,0x00000000df9781a8,0x00000000df980000)
 Metaspace       used 75828K, committed 77504K, reserved 1179648K
  class space    used 7777K, committed 8512K, reserved 1048576K
}
Event: 1310.706 GC heap before
{Heap before GC invocations=2273 (full 4):
 PSYoungGen      total 3584K, used 2767K [0x00000000eab00000, 0x00000000eaf80000, 0x0000000100000000)
  eden space 2048K, 100% used [0x00000000eab00000,0x00000000ead00000,0x00000000ead00000)
  from space 1536K, 46% used [0x00000000ead00000,0x00000000eadb3c28,0x00000000eae80000)
  to   space 1024K, 0% used [0x00000000eae80000,0x00000000eae80000,0x00000000eaf80000)
 ParOldGen       total 517632K, used 517600K [0x00000000c0000000, 0x00000000df980000, 0x00000000eab00000)
  object space 517632K, 99% used [0x00000000c0000000,0x00000000df9781a8,0x00000000df980000)
 Metaspace       used 75861K, committed 77504K, reserved 1179648K
  class space    used 7777K, committed 8512K, reserved 1048576K
}
Event: 1310.709 GC heap after
{Heap after GC invocations=2273 (full 4):
 PSYoungGen      total 3072K, used 791K [0x00000000eab00000, 0x00000000eaf80000, 0x0000000100000000)
  eden space 2048K, 0% used [0x00000000eab00000,0x00000000eab00000,0x00000000ead00000)
  from space 1024K, 77% used [0x00000000eae80000,0x00000000eaf45fe0,0x00000000eaf80000)
  to   space 1024K, 0% used [0x00000000ead80000,0x00000000ead80000,0x00000000eae80000)
 ParOldGen       total 518144K, used 517733K [0x00000000c0000000, 0x00000000dfa00000, 0x00000000eab00000)
  object space 518144K, 99% used [0x00000000c0000000,0x00000000df9996e0,0x00000000dfa00000)
 Metaspace       used 75861K, committed 77504K, reserved 1179648K
  class space    used 7777K, committed 8512K, reserved 1048576K
}
Event: 1310.723 GC heap before
{Heap before GC invocations=2274 (full 4):
 PSYoungGen      total 3072K, used 2839K [0x00000000eab00000, 0x00000000eaf80000, 0x0000000100000000)
  eden space 2048K, 100% used [0x00000000eab00000,0x00000000ead00000,0x00000000ead00000)
  from space 1024K, 77% used [0x00000000eae80000,0x00000000eaf45fe0,0x00000000eaf80000)
  to   space 1024K, 0% used [0x00000000ead80000,0x00000000ead80000,0x00000000eae80000)
 ParOldGen       total 518144K, used 517733K [0x00000000c0000000, 0x00000000dfa00000, 0x00000000eab00000)
  object space 518144K, 99% used [0x00000000c0000000,0x00000000df9996e0,0x00000000dfa00000)
 Metaspace       used 75897K, committed 77568K, reserved 1179648K
  class space    used 7779K, committed 8512K, reserved 1048576K
}
Event: 1310.726 GC heap after
{Heap after GC invocations=2274 (full 4):
 PSYoungGen      total 3072K, used 772K [0x00000000eab00000, 0x00000000eaf00000, 0x0000000100000000)
  eden space 2048K, 0% used [0x00000000eab00000,0x00000000eab00000,0x00000000ead00000)
  from space 1024K, 75% used [0x00000000ead80000,0x00000000eae41210,0x00000000eae80000)
  to   space 512K, 0% used [0x00000000eae80000,0x00000000eae80000,0x00000000eaf00000)
 ParOldGen       total 518144K, used 517999K [0x00000000c0000000, 0x00000000dfa00000, 0x00000000eab00000)
  object space 518144K, 99% used [0x00000000c0000000,0x00000000df9dbe48,0x00000000dfa00000)
 Metaspace       used 75897K, committed 77568K, reserved 1179648K
  class space    used 7779K, committed 8512K, reserved 1048576K
}
Event: 1310.738 GC heap before
{Heap before GC invocations=2275 (full 4):
 PSYoungGen      total 3072K, used 2820K [0x00000000eab00000, 0x00000000eaf00000, 0x0000000100000000)
  eden space 2048K, 100% used [0x00000000eab00000,0x00000000ead00000,0x00000000ead00000)
  from space 1024K, 75% used [0x00000000ead80000,0x00000000eae41210,0x00000000eae80000)
  to   space 512K, 0% used [0x00000000eae80000,0x00000000eae80000,0x00000000eaf00000)
 ParOldGen       total 518144K, used 517999K [0x00000000c0000000, 0x00000000dfa00000, 0x00000000eab00000)
  object space 518144K, 99% used [0x00000000c0000000,0x00000000df9dbe48,0x00000000dfa00000)
 Metaspace       used 75948K, committed 77568K, reserved 1179648K
  class space    used 7784K, committed 8512K, reserved 1048576K
}
Event: 1310.740 GC heap after
{Heap after GC invocations=2275 (full 4):
 PSYoungGen      total 2560K, used 484K [0x00000000eab00000, 0x00000000eaf00000, 0x0000000100000000)
  eden space 2048K, 0% used [0x00000000eab00000,0x00000000eab00000,0x00000000ead00000)
  from space 512K, 94% used [0x00000000eae80000,0x00000000eaef9210,0x00000000eaf00000)
  to   space 1024K, 0% used [0x00000000ead00000,0x00000000ead00000,0x00000000eae00000)
 ParOldGen       total 518656K, used 518383K [0x00000000c0000000, 0x00000000dfa80000, 0x00000000eab00000)
  object space 518656K, 99% used [0x00000000c0000000,0x00000000dfa3bcb0,0x00000000dfa80000)
 Metaspace       used 75948K, committed 77568K, reserved 1179648K
  class space    used 7784K, committed 8512K, reserved 1048576K
}
Event: 1310.818 GC heap before
{Heap before GC invocations=2276 (full 4):
 PSYoungGen      total 2560K, used 2532K [0x00000000eab00000, 0x00000000eaf00000, 0x0000000100000000)
  eden space 2048K, 100% used [0x00000000eab00000,0x00000000ead00000,0x00000000ead00000)
  from space 512K, 94% used [0x00000000eae80000,0x00000000eaef9210,0x00000000eaf00000)
  to   space 1024K, 0% used [0x00000000ead00000,0x00000000ead00000,0x00000000eae00000)
 ParOldGen       total 518656K, used 518383K [0x00000000c0000000, 0x00000000dfa80000, 0x00000000eab00000)
  object space 518656K, 99% used [0x00000000c0000000,0x00000000dfa3bcb0,0x00000000dfa80000)
 Metaspace       used 76092K, committed 77696K, reserved 1179648K
  class space    used 7803K, committed 8512K, reserved 1048576K
}
Event: 1310.820 GC heap after
{Heap after GC invocations=2276 (full 4):
 PSYoungGen      total 3072K, used 805K [0x00000000eab00000, 0x00000000eaf00000, 0x0000000100000000)
  eden space 2048K, 0% used [0x00000000eab00000,0x00000000eab00000,0x00000000ead00000)
  from space 1024K, 78% used [0x00000000ead00000,0x00000000eadc94f0,0x00000000eae00000)
  to   space 1024K, 0% used [0x00000000eae00000,0x00000000eae00000,0x00000000eaf00000)
 ParOldGen       total 518656K, used 518463K [0x00000000c0000000, 0x00000000dfa80000, 0x00000000eab00000)
  object space 518656K, 99% used [0x00000000c0000000,0x00000000dfa4fcb0,0x00000000dfa80000)
 Metaspace       used 76092K, committed 77696K, reserved 1179648K
  class space    used 7803K, committed 8512K, reserved 1048576K
}

