# JRE version: OpenJDK Runtime Environment Temurin-21.0.6+7 (21.0.6+7) (build 21.0.6+7-LTS)
# Java VM: OpenJDK 64-Bit Server VM Temurin-21.0.6+7 (21.0.6+7-LTS, mixed mode, sharing, tiered, compressed oops, compressed class ptrs, parallel gc, windows-amd64)
GC Precious Log:
 CardTable entry size: 512
 CPUs: 8 total, 8 available
 Memory: 5702M
 Large Page Support: Disabled
 NUMA Support: Disabled
 Compressed Oops: Enabled (32-bit)
 Alignments: Space 512K, Generation 512K, Heap 2M
 Heap Min Capacity: 100M
 Heap Initial Capacity: 100M
 Heap Max Capacity: 1G
 Pre-touch: Disabled
 Parallel Workers: 8
Heap:
 PSYoungGen      total 23552K, used 21935K [0x00000000eab00000, 0x00000000ec880000, 0x0000000100000000)
  eden space 22016K, 92% used [0x00000000eab00000,0x00000000ebef3d98,0x00000000ec080000)
  from space 1536K, 97% used [0x00000000ec180000,0x00000000ec2f8010,0x00000000ec300000)
  to   space 4096K, 0% used [0x00000000ec480000,0x00000000ec480000,0x00000000ec880000)
 ParOldGen       total 68608K, used 27203K [0x00000000c0000000, 0x00000000c4300000, 0x00000000eab00000)
  object space 68608K, 39% used [0x00000000c0000000,0x00000000c1a90e20,0x00000000c4300000)
 Metaspace       used 46199K, committed 47424K, reserved 1114112K
  class space    used 4888K, committed 5440K, reserved 1048576K
GC Heap History (20 events):
Event: 13.889 GC heap before
{Heap before GC invocations=12 (full 1):
 PSYoungGen      total 25600K, used 25587K [0x00000000eab00000, 0x00000000ec900000, 0x0000000100000000)
  eden space 23040K, 100% used [0x00000000eab00000,0x00000000ec180000,0x00000000ec180000)
  from space 2560K, 99% used [0x00000000ec680000,0x00000000ec8fcc08,0x00000000ec900000)
  to   space 3584K, 0% used [0x00000000ec200000,0x00000000ec200000,0x00000000ec580000)
 ParOldGen       total 68608K, used 14173K [0x00000000c0000000, 0x00000000c4300000, 0x00000000eab00000)
  object space 68608K, 20% used [0x00000000c0000000,0x00000000c0dd7598,0x00000000c4300000)
 Metaspace       used 29837K, committed 30912K, reserved 1114112K
  class space    used 2975K, committed 3456K, reserved 1048576K
}
Event: 13.893 GC heap after
{Heap after GC invocations=12 (full 1):
 PSYoungGen      total 23552K, used 905K [0x00000000eab00000, 0x00000000ec700000, 0x0000000100000000)
  eden space 22528K, 0% used [0x00000000eab00000,0x00000000eab00000,0x00000000ec100000)
  from space 1024K, 88% used [0x00000000ec200000,0x00000000ec2e2778,0x00000000ec300000)
  to   space 2048K, 0% used [0x00000000ec500000,0x00000000ec500000,0x00000000ec700000)
 ParOldGen       total 68608K, used 16664K [0x00000000c0000000, 0x00000000c4300000, 0x00000000eab00000)
  object space 68608K, 24% used [0x00000000c0000000,0x00000000c10461d8,0x00000000c4300000)
 Metaspace       used 29837K, committed 30912K, reserved 1114112K
  class space    used 2975K, committed 3456K, reserved 1048576K
}
Event: 14.796 GC heap before
{Heap before GC invocations=13 (full 1):
 PSYoungGen      total 23552K, used 23426K [0x00000000eab00000, 0x00000000ec700000, 0x0000000100000000)
  eden space 22528K, 99% used [0x00000000eab00000,0x00000000ec0fe440,0x00000000ec100000)
  from space 1024K, 88% used [0x00000000ec200000,0x00000000ec2e2778,0x00000000ec300000)
  to   space 2048K, 0% used [0x00000000ec500000,0x00000000ec500000,0x00000000ec700000)
 ParOldGen       total 68608K, used 16664K [0x00000000c0000000, 0x00000000c4300000, 0x00000000eab00000)
  object space 68608K, 24% used [0x00000000c0000000,0x00000000c10461d8,0x00000000c4300000)
 Metaspace       used 32418K, committed 33472K, reserved 1114112K
  class space    used 3237K, committed 3648K, reserved 1048576K
}
Event: 14.799 GC heap after
{Heap after GC invocations=13 (full 1):
 PSYoungGen      total 23552K, used 1154K [0x00000000eab00000, 0x00000000ec680000, 0x0000000100000000)
  eden space 22016K, 0% used [0x00000000eab00000,0x00000000eab00000,0x00000000ec080000)
  from space 1536K, 75% used [0x00000000ec500000,0x00000000ec620b50,0x00000000ec680000)
  to   space 1536K, 0% used [0x00000000ec380000,0x00000000ec380000,0x00000000ec500000)
 ParOldGen       total 68608K, used 17320K [0x00000000c0000000, 0x00000000c4300000, 0x00000000eab00000)
  object space 68608K, 25% used [0x00000000c0000000,0x00000000c10ea1d8,0x00000000c4300000)
 Metaspace       used 32418K, committed 33472K, reserved 1114112K
  class space    used 3237K, committed 3648K, reserved 1048576K
}
Event: 15.855 GC heap before
{Heap before GC invocations=14 (full 1):
 PSYoungGen      total 23552K, used 18568K [0x00000000eab00000, 0x00000000ec680000, 0x0000000100000000)
  eden space 22016K, 79% used [0x00000000eab00000,0x00000000ebc01618,0x00000000ec080000)
  from space 1536K, 75% used [0x00000000ec500000,0x00000000ec620b50,0x00000000ec680000)
  to   space 1536K, 0% used [0x00000000ec380000,0x00000000ec380000,0x00000000ec500000)
 ParOldGen       total 68608K, used 17320K [0x00000000c0000000, 0x00000000c4300000, 0x00000000eab00000)
  object space 68608K, 25% used [0x00000000c0000000,0x00000000c10ea1d8,0x00000000c4300000)
 Metaspace       used 34760K, committed 35840K, reserved 1114112K
  class space    used 3524K, committed 4032K, reserved 1048576K
}
Event: 15.859 GC heap after
{Heap after GC invocations=14 (full 1):
 PSYoungGen      total 23552K, used 1129K [0x00000000eab00000, 0x00000000ec580000, 0x0000000100000000)
  eden space 22016K, 0% used [0x00000000eab00000,0x00000000eab00000,0x00000000ec080000)
  from space 1536K, 73% used [0x00000000ec380000,0x00000000ec49a450,0x00000000ec500000)
  to   space 512K, 0% used [0x00000000ec500000,0x00000000ec500000,0x00000000ec580000)
 ParOldGen       total 68608K, used 18264K [0x00000000c0000000, 0x00000000c4300000, 0x00000000eab00000)
  object space 68608K, 26% used [0x00000000c0000000,0x00000000c11d6130,0x00000000c4300000)
 Metaspace       used 34760K, committed 35840K, reserved 1114112K
  class space    used 3524K, committed 4032K, reserved 1048576K
}
Event: 15.859 GC heap before
{Heap before GC invocations=15 (full 2):
 PSYoungGen      total 23552K, used 1129K [0x00000000eab00000, 0x00000000ec580000, 0x0000000100000000)
  eden space 22016K, 0% used [0x00000000eab00000,0x00000000eab00000,0x00000000ec080000)
  from space 1536K, 73% used [0x00000000ec380000,0x00000000ec49a450,0x00000000ec500000)
  to   space 512K, 0% used [0x00000000ec500000,0x00000000ec500000,0x00000000ec580000)
 ParOldGen       total 68608K, used 18264K [0x00000000c0000000, 0x00000000c4300000, 0x00000000eab00000)
  object space 68608K, 26% used [0x00000000c0000000,0x00000000c11d6130,0x00000000c4300000)
 Metaspace       used 34760K, committed 35840K, reserved 1114112K
  class space    used 3524K, committed 4032K, reserved 1048576K
}
Event: 15.959 GC heap after
{Heap after GC invocations=15 (full 2):
 PSYoungGen      total 23552K, used 0K [0x00000000eab00000, 0x00000000ec580000, 0x0000000100000000)
  eden space 22016K, 0% used [0x00000000eab00000,0x00000000eab00000,0x00000000ec080000)
  from space 1536K, 0% used [0x00000000ec380000,0x00000000ec380000,0x00000000ec500000)
  to   space 512K, 0% used [0x00000000ec500000,0x00000000ec500000,0x00000000ec580000)
 ParOldGen       total 68608K, used 17773K [0x00000000c0000000, 0x00000000c4300000, 0x00000000eab00000)
  object space 68608K, 25% used [0x00000000c0000000,0x00000000c115b6a8,0x00000000c4300000)
 Metaspace       used 34760K, committed 35840K, reserved 1114112K
  class space    used 3524K, committed 4032K, reserved 1048576K
}
Event: 16.796 GC heap before
{Heap before GC invocations=16 (full 2):
 PSYoungGen      total 23552K, used 22016K [0x00000000eab00000, 0x00000000ec580000, 0x0000000100000000)
  eden space 22016K, 100% used [0x00000000eab00000,0x00000000ec080000,0x00000000ec080000)
  from space 1536K, 0% used [0x00000000ec380000,0x00000000ec380000,0x00000000ec500000)
  to   space 512K, 0% used [0x00000000ec500000,0x00000000ec500000,0x00000000ec580000)
 ParOldGen       total 68608K, used 17773K [0x00000000c0000000, 0x00000000c4300000, 0x00000000eab00000)
  object space 68608K, 25% used [0x00000000c0000000,0x00000000c115b6a8,0x00000000c4300000)
 Metaspace       used 37178K, committed 38336K, reserved 1114112K
  class space    used 3838K, committed 4352K, reserved 1048576K
}
Event: 16.798 GC heap after
{Heap after GC invocations=16 (full 2):
 PSYoungGen      total 22528K, used 494K [0x00000000eab00000, 0x00000000ec580000, 0x0000000100000000)
  eden space 22016K, 0% used [0x00000000eab00000,0x00000000eab00000,0x00000000ec080000)
  from space 512K, 96% used [0x00000000ec500000,0x00000000ec57baa0,0x00000000ec580000)
  to   space 2048K, 0% used [0x00000000ec180000,0x00000000ec180000,0x00000000ec380000)
 ParOldGen       total 68608K, used 18898K [0x00000000c0000000, 0x00000000c4300000, 0x00000000eab00000)
  object space 68608K, 27% used [0x00000000c0000000,0x00000000c12748f0,0x00000000c4300000)
 Metaspace       used 37178K, committed 38336K, reserved 1114112K
  class space    used 3838K, committed 4352K, reserved 1048576K
}
Event: 17.474 GC heap before
{Heap before GC invocations=17 (full 2):
 PSYoungGen      total 22528K, used 22507K [0x00000000eab00000, 0x00000000ec580000, 0x0000000100000000)
  eden space 22016K, 99% used [0x00000000eab00000,0x00000000ec07f3f8,0x00000000ec080000)
  from space 512K, 96% used [0x00000000ec500000,0x00000000ec57baa0,0x00000000ec580000)
  to   space 2048K, 0% used [0x00000000ec180000,0x00000000ec180000,0x00000000ec380000)
 ParOldGen       total 68608K, used 18898K [0x00000000c0000000, 0x00000000c4300000, 0x00000000eab00000)
  object space 68608K, 27% used [0x00000000c0000000,0x00000000c12748f0,0x00000000c4300000)
 Metaspace       used 39921K, committed 41088K, reserved 1114112K
  class space    used 4160K, committed 4672K, reserved 1048576K
}
Event: 17.477 GC heap after
{Heap after GC invocations=17 (full 2):
 PSYoungGen      total 24064K, used 1888K [0x00000000eab00000, 0x00000000ec580000, 0x0000000100000000)
  eden space 22016K, 0% used [0x00000000eab00000,0x00000000eab00000,0x00000000ec080000)
  from space 2048K, 92% used [0x00000000ec180000,0x00000000ec358000,0x00000000ec380000)
  to   space 2048K, 0% used [0x00000000ec380000,0x00000000ec380000,0x00000000ec580000)
 ParOldGen       total 68608K, used 19371K [0x00000000c0000000, 0x00000000c4300000, 0x00000000eab00000)
  object space 68608K, 28% used [0x00000000c0000000,0x00000000c12eac40,0x00000000c4300000)
 Metaspace       used 39921K, committed 41088K, reserved 1114112K
  class space    used 4160K, committed 4672K, reserved 1048576K
}
Event: 18.289 GC heap before
{Heap before GC invocations=18 (full 2):
 PSYoungGen      total 24064K, used 23903K [0x00000000eab00000, 0x00000000ec580000, 0x0000000100000000)
  eden space 22016K, 99% used [0x00000000eab00000,0x00000000ec07ffe8,0x00000000ec080000)
  from space 2048K, 92% used [0x00000000ec180000,0x00000000ec358000,0x00000000ec380000)
  to   space 2048K, 0% used [0x00000000ec380000,0x00000000ec380000,0x00000000ec580000)
 ParOldGen       total 68608K, used 19371K [0x00000000c0000000, 0x00000000c4300000, 0x00000000eab00000)
  object space 68608K, 28% used [0x00000000c0000000,0x00000000c12eac40,0x00000000c4300000)
 Metaspace       used 42252K, committed 43392K, reserved 1114112K
  class space    used 4479K, committed 4992K, reserved 1048576K
}
Event: 18.292 GC heap after
{Heap after GC invocations=18 (full 2):
 PSYoungGen      total 24064K, used 1776K [0x00000000eab00000, 0x00000000ec580000, 0x0000000100000000)
  eden space 22016K, 0% used [0x00000000eab00000,0x00000000eab00000,0x00000000ec080000)
  from space 2048K, 86% used [0x00000000ec380000,0x00000000ec53c010,0x00000000ec580000)
  to   space 2048K, 0% used [0x00000000ec180000,0x00000000ec180000,0x00000000ec380000)
 ParOldGen       total 68608K, used 21037K [0x00000000c0000000, 0x00000000c4300000, 0x00000000eab00000)
  object space 68608K, 30% used [0x00000000c0000000,0x00000000c148b7c0,0x00000000c4300000)
 Metaspace       used 42252K, committed 43392K, reserved 1114112K
  class space    used 4479K, committed 4992K, reserved 1048576K
}
Event: 19.085 GC heap before
{Heap before GC invocations=19 (full 2):
 PSYoungGen      total 24064K, used 23788K [0x00000000eab00000, 0x00000000ec580000, 0x0000000100000000)
  eden space 22016K, 99% used [0x00000000eab00000,0x00000000ec07f148,0x00000000ec080000)
  from space 2048K, 86% used [0x00000000ec380000,0x00000000ec53c010,0x00000000ec580000)
  to   space 2048K, 0% used [0x00000000ec180000,0x00000000ec180000,0x00000000ec380000)
 ParOldGen       total 68608K, used 21037K [0x00000000c0000000, 0x00000000c4300000, 0x00000000eab00000)
  object space 68608K, 30% used [0x00000000c0000000,0x00000000c148b7c0,0x00000000c4300000)
 Metaspace       used 44406K, committed 45568K, reserved 1114112K
  class space    used 4715K, committed 5248K, reserved 1048576K
}
Event: 19.088 GC heap after
{Heap after GC invocations=19 (full 2):
 PSYoungGen      total 23552K, used 1440K [0x00000000eab00000, 0x00000000ec480000, 0x0000000100000000)
  eden space 22016K, 0% used [0x00000000eab00000,0x00000000eab00000,0x00000000ec080000)
  from space 1536K, 93% used [0x00000000ec180000,0x00000000ec2e8000,0x00000000ec300000)
  to   space 1536K, 0% used [0x00000000ec300000,0x00000000ec300000,0x00000000ec480000)
 ParOldGen       total 68608K, used 22605K [0x00000000c0000000, 0x00000000c4300000, 0x00000000eab00000)
  object space 68608K, 32% used [0x00000000c0000000,0x00000000c16137f0,0x00000000c4300000)
 Metaspace       used 44406K, committed 45568K, reserved 1114112K
  class space    used 4715K, committed 5248K, reserved 1048576K
}
Event: 21.039 GC heap before
{Heap before GC invocations=20 (full 2):
 PSYoungGen      total 23552K, used 23456K [0x00000000eab00000, 0x00000000ec480000, 0x0000000100000000)
  eden space 22016K, 100% used [0x00000000eab00000,0x00000000ec080000,0x00000000ec080000)
  from space 1536K, 93% used [0x00000000ec180000,0x00000000ec2e8000,0x00000000ec300000)
  to   space 1536K, 0% used [0x00000000ec300000,0x00000000ec300000,0x00000000ec480000)
 ParOldGen       total 68608K, used 22605K [0x00000000c0000000, 0x00000000c4300000, 0x00000000eab00000)
  object space 68608K, 32% used [0x00000000c0000000,0x00000000c16137f0,0x00000000c4300000)
 Metaspace       used 45588K, committed 46848K, reserved 1114112K
  class space    used 4811K, committed 5376K, reserved 1048576K
}
Event: 23.047 GC heap after
{Heap after GC invocations=20 (full 2):
 PSYoungGen      total 23552K, used 1504K [0x00000000eab00000, 0x00000000ec480000, 0x0000000100000000)
  eden space 22016K, 0% used [0x00000000eab00000,0x00000000eab00000,0x00000000ec080000)
  from space 1536K, 97% used [0x00000000ec300000,0x00000000ec478060,0x00000000ec480000)
  to   space 1536K, 0% used [0x00000000ec180000,0x00000000ec180000,0x00000000ec300000)
 ParOldGen       total 68608K, used 25244K [0x00000000c0000000, 0x00000000c4300000, 0x00000000eab00000)
  object space 68608K, 36% used [0x00000000c0000000,0x00000000c18a7278,0x00000000c4300000)
 Metaspace       used 45588K, committed 46848K, reserved 1114112K
  class space    used 4811K, committed 5376K, reserved 1048576K
}
Event: 24.072 GC heap before
{Heap before GC invocations=21 (full 2):
 PSYoungGen      total 23552K, used 23520K [0x00000000eab00000, 0x00000000ec480000, 0x0000000100000000)
  eden space 22016K, 100% used [0x00000000eab00000,0x00000000ec080000,0x00000000ec080000)
  from space 1536K, 97% used [0x00000000ec300000,0x00000000ec478060,0x00000000ec480000)
  to   space 1536K, 0% used [0x00000000ec180000,0x00000000ec180000,0x00000000ec300000)
 ParOldGen       total 68608K, used 25244K [0x00000000c0000000, 0x00000000c4300000, 0x00000000eab00000)
  object space 68608K, 36% used [0x00000000c0000000,0x00000000c18a7278,0x00000000c4300000)
 Metaspace       used 45618K, committed 46912K, reserved 1114112K
  class space    used 4818K, committed 5376K, reserved 1048576K
}
Event: 24.075 GC heap after
{Heap after GC invocations=21 (full 2):
 PSYoungGen      total 23552K, used 1504K [0x00000000eab00000, 0x00000000ec880000, 0x0000000100000000)
  eden space 22016K, 0% used [0x00000000eab00000,0x00000000eab00000,0x00000000ec080000)
  from space 1536K, 97% used [0x00000000ec180000,0x00000000ec2f8010,0x00000000ec300000)
  to   space 4096K, 0% used [0x00000000ec480000,0x00000000ec480000,0x00000000ec880000)
 ParOldGen       total 68608K, used 27203K [0x00000000c0000000, 0x00000000c4300000, 0x00000000eab00000)
  object space 68608K, 39% used [0x00000000c0000000,0x00000000c1a90e20,0x00000000c4300000)
 Metaspace       used 45618K, committed 46912K, reserved 1114112K
  class space    used 4818K, committed 5376K, reserved 1048576K
}

