# JRE version: OpenJDK Runtime Environment Temurin-21.0.6+7 (21.0.6+7) (build 21.0.6+7-LTS)
# Java VM: OpenJDK 64-Bit Server VM Temurin-21.0.6+7 (21.0.6+7-LTS, mixed mode, sharing, tiered, compressed oops, compressed class ptrs, parallel gc, windows-amd64)
GC Precious Log:
 CardTable entry size: 512
 CPUs: 8 total, 8 available
 Memory: 5702M
 Large Page Support: Disabled
 NUMA Support: Disabled
 Compressed Oops: Enabled (32-bit)
 Alignments: Space 512K, Generation 512K, Heap 2M
 Heap Min Capacity: 100M
 Heap Initial Capacity: 100M
 Heap Max Capacity: 1G
 Pre-touch: Disabled
 Parallel Workers: 8
Heap:
 PSYoungGen      total 3584K, used 1514K [0x00000000eab00000, 0x00000000eb000000, 0x0000000100000000)
  eden space 3072K, 33% used [0x00000000eab00000,0x00000000eabffca0,0x00000000eae00000)
  from space 512K, 96% used [0x00000000eaf00000,0x00000000eaf7aee0,0x00000000eaf80000)
  to   space 1024K, 0% used [0x00000000eae00000,0x00000000eae00000,0x00000000eaf00000)
 ParOldGen       total 553984K, used 553713K [0x00000000c0000000, 0x00000000e1d00000, 0x00000000eab00000)
  object space 553984K, 99% used [0x00000000c0000000,0x00000000e1cbc468,0x00000000e1d00000)
 Metaspace       used 65652K, committed 67008K, reserved 1114112K
  class space    used 6715K, committed 7296K, reserved 1048576K
GC Heap History (20 events):
Event: 69.331 GC heap before
{Heap before GC invocations=1106 (full 3):
 PSYoungGen      total 4096K, used 4031K [0x00000000eab00000, 0x00000000eb000000, 0x0000000100000000)
  eden space 3584K, 99% used [0x00000000eab00000,0x00000000eae7ffd8,0x00000000eae80000)
  from space 512K, 87% used [0x00000000eaf80000,0x00000000eaff0000,0x00000000eb000000)
  to   space 512K, 0% used [0x00000000eaf00000,0x00000000eaf00000,0x00000000eaf80000)
 ParOldGen       total 550400K, used 550109K [0x00000000c0000000, 0x00000000e1980000, 0x00000000eab00000)
  object space 550400K, 99% used [0x00000000c0000000,0x00000000e19377e0,0x00000000e1980000)
 Metaspace       used 65633K, committed 67008K, reserved 1114112K
  class space    used 6715K, committed 7296K, reserved 1048576K
}
Event: 69.332 GC heap after
{Heap after GC invocations=1106 (full 3):
 PSYoungGen      total 4096K, used 390K [0x00000000eab00000, 0x00000000eb000000, 0x0000000100000000)
  eden space 3584K, 0% used [0x00000000eab00000,0x00000000eab00000,0x00000000eae80000)
  from space 512K, 76% used [0x00000000eaf00000,0x00000000eaf61bf8,0x00000000eaf80000)
  to   space 512K, 0% used [0x00000000eaf80000,0x00000000eaf80000,0x00000000eb000000)
 ParOldGen       total 550912K, used 550459K [0x00000000c0000000, 0x00000000e1a00000, 0x00000000eab00000)
  object space 550912K, 99% used [0x00000000c0000000,0x00000000e198efe0,0x00000000e1a00000)
 Metaspace       used 65633K, committed 67008K, reserved 1114112K
  class space    used 6715K, committed 7296K, reserved 1048576K
}
Event: 69.341 GC heap before
{Heap before GC invocations=1107 (full 3):
 PSYoungGen      total 4096K, used 3974K [0x00000000eab00000, 0x00000000eb000000, 0x0000000100000000)
  eden space 3584K, 100% used [0x00000000eab00000,0x00000000eae80000,0x00000000eae80000)
  from space 512K, 76% used [0x00000000eaf00000,0x00000000eaf61bf8,0x00000000eaf80000)
  to   space 512K, 0% used [0x00000000eaf80000,0x00000000eaf80000,0x00000000eb000000)
 ParOldGen       total 550912K, used 550459K [0x00000000c0000000, 0x00000000e1a00000, 0x00000000eab00000)
  object space 550912K, 99% used [0x00000000c0000000,0x00000000e198efe0,0x00000000e1a00000)
 Metaspace       used 65633K, committed 67008K, reserved 1114112K
  class space    used 6715K, committed 7296K, reserved 1048576K
}
Event: 69.343 GC heap after
{Heap after GC invocations=1107 (full 3):
 PSYoungGen      total 4096K, used 366K [0x00000000eab00000, 0x00000000eb000000, 0x0000000100000000)
  eden space 3584K, 0% used [0x00000000eab00000,0x00000000eab00000,0x00000000eae80000)
  from space 512K, 71% used [0x00000000eaf80000,0x00000000eafdbbb8,0x00000000eb000000)
  to   space 512K, 0% used [0x00000000eaf00000,0x00000000eaf00000,0x00000000eaf80000)
 ParOldGen       total 550912K, used 550701K [0x00000000c0000000, 0x00000000e1a00000, 0x00000000eab00000)
  object space 550912K, 99% used [0x00000000c0000000,0x00000000e19cb470,0x00000000e1a00000)
 Metaspace       used 65633K, committed 67008K, reserved 1114112K
  class space    used 6715K, committed 7296K, reserved 1048576K
}
Event: 69.356 GC heap before
{Heap before GC invocations=1108 (full 3):
 PSYoungGen      total 4096K, used 3950K [0x00000000eab00000, 0x00000000eb000000, 0x0000000100000000)
  eden space 3584K, 100% used [0x00000000eab00000,0x00000000eae80000,0x00000000eae80000)
  from space 512K, 71% used [0x00000000eaf80000,0x00000000eafdbbb8,0x00000000eb000000)
  to   space 512K, 0% used [0x00000000eaf00000,0x00000000eaf00000,0x00000000eaf80000)
 ParOldGen       total 550912K, used 550701K [0x00000000c0000000, 0x00000000e1a00000, 0x00000000eab00000)
  object space 550912K, 99% used [0x00000000c0000000,0x00000000e19cb470,0x00000000e1a00000)
 Metaspace       used 65633K, committed 67008K, reserved 1114112K
  class space    used 6715K, committed 7296K, reserved 1048576K
}
Event: 69.357 GC heap after
{Heap after GC invocations=1108 (full 3):
 PSYoungGen      total 4096K, used 492K [0x00000000eab00000, 0x00000000eb080000, 0x0000000100000000)
  eden space 3584K, 0% used [0x00000000eab00000,0x00000000eab00000,0x00000000eae80000)
  from space 512K, 96% used [0x00000000eaf00000,0x00000000eaf7b270,0x00000000eaf80000)
  to   space 1024K, 0% used [0x00000000eaf80000,0x00000000eaf80000,0x00000000eb080000)
 ParOldGen       total 551424K, used 550961K [0x00000000c0000000, 0x00000000e1a80000, 0x00000000eab00000)
  object space 551424K, 99% used [0x00000000c0000000,0x00000000e1a0c4a8,0x00000000e1a80000)
 Metaspace       used 65633K, committed 67008K, reserved 1114112K
  class space    used 6715K, committed 7296K, reserved 1048576K
}
Event: 69.379 GC heap before
{Heap before GC invocations=1109 (full 3):
 PSYoungGen      total 4096K, used 4076K [0x00000000eab00000, 0x00000000eb080000, 0x0000000100000000)
  eden space 3584K, 100% used [0x00000000eab00000,0x00000000eae80000,0x00000000eae80000)
  from space 512K, 96% used [0x00000000eaf00000,0x00000000eaf7b270,0x00000000eaf80000)
  to   space 1024K, 0% used [0x00000000eaf80000,0x00000000eaf80000,0x00000000eb080000)
 ParOldGen       total 551424K, used 550961K [0x00000000c0000000, 0x00000000e1a80000, 0x00000000eab00000)
  object space 551424K, 99% used [0x00000000c0000000,0x00000000e1a0c4a8,0x00000000e1a80000)
 Metaspace       used 65633K, committed 67008K, reserved 1114112K
  class space    used 6715K, committed 7296K, reserved 1048576K
}
Event: 69.381 GC heap after
{Heap after GC invocations=1109 (full 3):
 PSYoungGen      total 4096K, used 982K [0x00000000eab00000, 0x00000000eb180000, 0x0000000100000000)
  eden space 3072K, 0% used [0x00000000eab00000,0x00000000eab00000,0x00000000eae00000)
  from space 1024K, 95% used [0x00000000eaf80000,0x00000000eb075a80,0x00000000eb080000)
  to   space 1536K, 0% used [0x00000000eae00000,0x00000000eae00000,0x00000000eaf80000)
 ParOldGen       total 551424K, used 551396K [0x00000000c0000000, 0x00000000e1a80000, 0x00000000eab00000)
  object space 551424K, 99% used [0x00000000c0000000,0x00000000e1a79228,0x00000000e1a80000)
 Metaspace       used 65633K, committed 67008K, reserved 1114112K
  class space    used 6715K, committed 7296K, reserved 1048576K
}
Event: 69.399 GC heap before
{Heap before GC invocations=1110 (full 3):
 PSYoungGen      total 4096K, used 4054K [0x00000000eab00000, 0x00000000eb180000, 0x0000000100000000)
  eden space 3072K, 100% used [0x00000000eab00000,0x00000000eae00000,0x00000000eae00000)
  from space 1024K, 95% used [0x00000000eaf80000,0x00000000eb075a80,0x00000000eb080000)
  to   space 1536K, 0% used [0x00000000eae00000,0x00000000eae00000,0x00000000eaf80000)
 ParOldGen       total 551424K, used 551396K [0x00000000c0000000, 0x00000000e1a80000, 0x00000000eab00000)
  object space 551424K, 99% used [0x00000000c0000000,0x00000000e1a79228,0x00000000e1a80000)
 Metaspace       used 65635K, committed 67008K, reserved 1114112K
  class space    used 6715K, committed 7296K, reserved 1048576K
}
Event: 69.400 GC heap after
{Heap after GC invocations=1110 (full 3):
 PSYoungGen      total 3584K, used 491K [0x00000000eab00000, 0x00000000eb000000, 0x0000000100000000)
  eden space 3072K, 0% used [0x00000000eab00000,0x00000000eab00000,0x00000000eae00000)
  from space 512K, 95% used [0x00000000eae00000,0x00000000eae7ad70,0x00000000eae80000)
  to   space 1024K, 0% used [0x00000000eaf00000,0x00000000eaf00000,0x00000000eb000000)
 ParOldGen       total 551936K, used 551460K [0x00000000c0000000, 0x00000000e1b00000, 0x00000000eab00000)
  object space 551936K, 99% used [0x00000000c0000000,0x00000000e1a89228,0x00000000e1b00000)
 Metaspace       used 65635K, committed 67008K, reserved 1114112K
  class space    used 6715K, committed 7296K, reserved 1048576K
}
Event: 69.408 GC heap before
{Heap before GC invocations=1111 (full 3):
 PSYoungGen      total 3584K, used 3563K [0x00000000eab00000, 0x00000000eb000000, 0x0000000100000000)
  eden space 3072K, 100% used [0x00000000eab00000,0x00000000eae00000,0x00000000eae00000)
  from space 512K, 95% used [0x00000000eae00000,0x00000000eae7ad70,0x00000000eae80000)
  to   space 1024K, 0% used [0x00000000eaf00000,0x00000000eaf00000,0x00000000eb000000)
 ParOldGen       total 551936K, used 551460K [0x00000000c0000000, 0x00000000e1b00000, 0x00000000eab00000)
  object space 551936K, 99% used [0x00000000c0000000,0x00000000e1a89228,0x00000000e1b00000)
 Metaspace       used 65635K, committed 67008K, reserved 1114112K
  class space    used 6715K, committed 7296K, reserved 1048576K
}
Event: 69.409 GC heap after
{Heap after GC invocations=1111 (full 3):
 PSYoungGen      total 3584K, used 224K [0x00000000eab00000, 0x00000000eaf80000, 0x0000000100000000)
  eden space 3072K, 0% used [0x00000000eab00000,0x00000000eab00000,0x00000000eae00000)
  from space 512K, 43% used [0x00000000eaf00000,0x00000000eaf38000,0x00000000eaf80000)
  to   space 512K, 0% used [0x00000000eae00000,0x00000000eae00000,0x00000000eae80000)
 ParOldGen       total 551936K, used 551812K [0x00000000c0000000, 0x00000000e1b00000, 0x00000000eab00000)
  object space 551936K, 99% used [0x00000000c0000000,0x00000000e1ae1078,0x00000000e1b00000)
 Metaspace       used 65635K, committed 67008K, reserved 1114112K
  class space    used 6715K, committed 7296K, reserved 1048576K
}
Event: 69.416 GC heap before
{Heap before GC invocations=1112 (full 3):
 PSYoungGen      total 3584K, used 3296K [0x00000000eab00000, 0x00000000eaf80000, 0x0000000100000000)
  eden space 3072K, 100% used [0x00000000eab00000,0x00000000eae00000,0x00000000eae00000)
  from space 512K, 43% used [0x00000000eaf00000,0x00000000eaf38000,0x00000000eaf80000)
  to   space 512K, 0% used [0x00000000eae00000,0x00000000eae00000,0x00000000eae80000)
 ParOldGen       total 551936K, used 551812K [0x00000000c0000000, 0x00000000e1b00000, 0x00000000eab00000)
  object space 551936K, 99% used [0x00000000c0000000,0x00000000e1ae1078,0x00000000e1b00000)
 Metaspace       used 65635K, committed 67008K, reserved 1114112K
  class space    used 6715K, committed 7296K, reserved 1048576K
}
Event: 69.418 GC heap after
{Heap after GC invocations=1112 (full 3):
 PSYoungGen      total 3584K, used 160K [0x00000000eab00000, 0x00000000eaf80000, 0x0000000100000000)
  eden space 3072K, 0% used [0x00000000eab00000,0x00000000eab00000,0x00000000eae00000)
  from space 512K, 31% used [0x00000000eae00000,0x00000000eae28000,0x00000000eae80000)
  to   space 512K, 0% used [0x00000000eaf00000,0x00000000eaf00000,0x00000000eaf80000)
 ParOldGen       total 551936K, used 551884K [0x00000000c0000000, 0x00000000e1b00000, 0x00000000eab00000)
  object space 551936K, 99% used [0x00000000c0000000,0x00000000e1af3078,0x00000000e1b00000)
 Metaspace       used 65635K, committed 67008K, reserved 1114112K
  class space    used 6715K, committed 7296K, reserved 1048576K
}
Event: 69.442 GC heap before
{Heap before GC invocations=1113 (full 3):
 PSYoungGen      total 3584K, used 3219K [0x00000000eab00000, 0x00000000eaf80000, 0x0000000100000000)
  eden space 3072K, 99% used [0x00000000eab00000,0x00000000eadfcdc0,0x00000000eae00000)
  from space 512K, 31% used [0x00000000eae00000,0x00000000eae28000,0x00000000eae80000)
  to   space 512K, 0% used [0x00000000eaf00000,0x00000000eaf00000,0x00000000eaf80000)
 ParOldGen       total 551936K, used 551884K [0x00000000c0000000, 0x00000000e1b00000, 0x00000000eab00000)
  object space 551936K, 99% used [0x00000000c0000000,0x00000000e1af3078,0x00000000e1b00000)
 Metaspace       used 65635K, committed 67008K, reserved 1114112K
  class space    used 6715K, committed 7296K, reserved 1048576K
}
Event: 69.443 GC heap after
{Heap after GC invocations=1113 (full 3):
 PSYoungGen      total 3584K, used 288K [0x00000000eab00000, 0x00000000eaf80000, 0x0000000100000000)
  eden space 3072K, 0% used [0x00000000eab00000,0x00000000eab00000,0x00000000eae00000)
  from space 512K, 56% used [0x00000000eaf00000,0x00000000eaf48000,0x00000000eaf80000)
  to   space 512K, 0% used [0x00000000eae00000,0x00000000eae00000,0x00000000eae80000)
 ParOldGen       total 552448K, used 551960K [0x00000000c0000000, 0x00000000e1b80000, 0x00000000eab00000)
  object space 552448K, 99% used [0x00000000c0000000,0x00000000e1b063d0,0x00000000e1b80000)
 Metaspace       used 65635K, committed 67008K, reserved 1114112K
  class space    used 6715K, committed 7296K, reserved 1048576K
}
Event: 69.455 GC heap before
{Heap before GC invocations=1114 (full 3):
 PSYoungGen      total 3584K, used 3360K [0x00000000eab00000, 0x00000000eaf80000, 0x0000000100000000)
  eden space 3072K, 100% used [0x00000000eab00000,0x00000000eae00000,0x00000000eae00000)
  from space 512K, 56% used [0x00000000eaf00000,0x00000000eaf48000,0x00000000eaf80000)
  to   space 512K, 0% used [0x00000000eae00000,0x00000000eae00000,0x00000000eae80000)
 ParOldGen       total 552448K, used 551960K [0x00000000c0000000, 0x00000000e1b80000, 0x00000000eab00000)
  object space 552448K, 99% used [0x00000000c0000000,0x00000000e1b063d0,0x00000000e1b80000)
 Metaspace       used 65635K, committed 67008K, reserved 1114112K
  class space    used 6715K, committed 7296K, reserved 1048576K
}
Event: 69.456 GC heap after
{Heap after GC invocations=1114 (full 3):
 PSYoungGen      total 3584K, used 459K [0x00000000eab00000, 0x00000000eaf80000, 0x0000000100000000)
  eden space 3072K, 0% used [0x00000000eab00000,0x00000000eab00000,0x00000000eae00000)
  from space 512K, 89% used [0x00000000eae00000,0x00000000eae72c30,0x00000000eae80000)
  to   space 512K, 0% used [0x00000000eaf00000,0x00000000eaf00000,0x00000000eaf80000)
 ParOldGen       total 552448K, used 552151K [0x00000000c0000000, 0x00000000e1b80000, 0x00000000eab00000)
  object space 552448K, 99% used [0x00000000c0000000,0x00000000e1b35f78,0x00000000e1b80000)
 Metaspace       used 65635K, committed 67008K, reserved 1114112K
  class space    used 6715K, committed 7296K, reserved 1048576K
}
Event: 69.463 GC heap before
{Heap before GC invocations=1115 (full 3):
 PSYoungGen      total 3584K, used 3531K [0x00000000eab00000, 0x00000000eaf80000, 0x0000000100000000)
  eden space 3072K, 100% used [0x00000000eab00000,0x00000000eae00000,0x00000000eae00000)
  from space 512K, 89% used [0x00000000eae00000,0x00000000eae72c30,0x00000000eae80000)
  to   space 512K, 0% used [0x00000000eaf00000,0x00000000eaf00000,0x00000000eaf80000)
 ParOldGen       total 552448K, used 552151K [0x00000000c0000000, 0x00000000e1b80000, 0x00000000eab00000)
  object space 552448K, 99% used [0x00000000c0000000,0x00000000e1b35f78,0x00000000e1b80000)
 Metaspace       used 65635K, committed 67008K, reserved 1114112K
  class space    used 6715K, committed 7296K, reserved 1048576K
}
Event: 69.465 GC heap after
{Heap after GC invocations=1115 (full 3):
 PSYoungGen      total 3584K, used 352K [0x00000000eab00000, 0x00000000eaf80000, 0x0000000100000000)
  eden space 3072K, 0% used [0x00000000eab00000,0x00000000eab00000,0x00000000eae00000)
  from space 512K, 68% used [0x00000000eaf00000,0x00000000eaf58000,0x00000000eaf80000)
  to   space 512K, 0% used [0x00000000eae00000,0x00000000eae00000,0x00000000eae80000)
 ParOldGen       total 552960K, used 552453K [0x00000000c0000000, 0x00000000e1c00000, 0x00000000eab00000)
  object space 552960K, 99% used [0x00000000c0000000,0x00000000e1b815b8,0x00000000e1c00000)
 Metaspace       used 65635K, committed 67008K, reserved 1114112K
  class space    used 6715K, committed 7296K, reserved 1048576K
}

