# JRE version: OpenJDK Runtime Environment Temurin-21.0.6+7 (21.0.6+7) (build 21.0.6+7-LTS)
# Java VM: OpenJDK 64-Bit Server VM Temurin-21.0.6+7 (21.0.6+7-LTS, mixed mode, sharing, tiered, compressed oops, compressed class ptrs, parallel gc, windows-amd64)
GC Precious Log:
 CardTable entry size: 512
 CPUs: 8 total, 8 available
 Memory: 5702M
 Large Page Support: Disabled
 NUMA Support: Disabled
 Compressed Oops: Enabled (32-bit)
 Alignments: Space 512K, Generation 512K, Heap 2M
 Heap Min Capacity: 100M
 Heap Initial Capacity: 100M
 Heap Max Capacity: 1G
 Pre-touch: Disabled
 Parallel Workers: 8
Heap:
 PSYoungGen      total 11776K, used 10592K [0x00000000eab00000, 0x00000000eba00000, 0x0000000100000000)
  eden space 8704K, 100% used [0x00000000eab00000,0x00000000eb380000,0x00000000eb380000)
  from space 3072K, 61% used [0x00000000eb380000,0x00000000eb558000,0x00000000eb680000)
  to   space 2560K, 40% used [0x00000000eb780000,0x00000000eb880000,0x00000000eba00000)
 ParOldGen       total 352768K, used 352760K [0x00000000c0000000, 0x00000000d5880000, 0x00000000eab00000)
  object space 352768K, 99% used [0x00000000c0000000,0x00000000d587e348,0x00000000d5880000)
 Metaspace       used 73818K, committed 75328K, reserved 1179648K
  class space    used 7499K, committed 8128K, reserved 1048576K
GC Heap History (20 events):
Event: 252.549 GC heap after
{Heap after GC invocations=3296 (full 5):
 PSYoungGen      total 11776K, used 2624K [0x00000000eab00000, 0x00000000eba80000, 0x0000000100000000)
  eden space 8192K, 0% used [0x00000000eab00000,0x00000000eab00000,0x00000000eb300000)
  from space 3584K, 73% used [0x00000000eb300000,0x00000000eb590000,0x00000000eb680000)
  to   space 3072K, 0% used [0x00000000eb780000,0x00000000eb780000,0x00000000eba80000)
 ParOldGen       total 341504K, used 341042K [0x00000000c0000000, 0x00000000d4d80000, 0x00000000eab00000)
  object space 341504K, 99% used [0x00000000c0000000,0x00000000d4d0cb30,0x00000000d4d80000)
 Metaspace       used 73818K, committed 75328K, reserved 1179648K
  class space    used 7499K, committed 8128K, reserved 1048576K
}
Event: 252.748 GC heap before
{Heap before GC invocations=3297 (full 5):
 PSYoungGen      total 11776K, used 10816K [0x00000000eab00000, 0x00000000eba80000, 0x0000000100000000)
  eden space 8192K, 100% used [0x00000000eab00000,0x00000000eb300000,0x00000000eb300000)
  from space 3584K, 73% used [0x00000000eb300000,0x00000000eb590000,0x00000000eb680000)
  to   space 3072K, 0% used [0x00000000eb780000,0x00000000eb780000,0x00000000eba80000)
 ParOldGen       total 341504K, used 341042K [0x00000000c0000000, 0x00000000d4d80000, 0x00000000eab00000)
  object space 341504K, 99% used [0x00000000c0000000,0x00000000d4d0cb30,0x00000000d4d80000)
 Metaspace       used 73818K, committed 75328K, reserved 1179648K
  class space    used 7499K, committed 8128K, reserved 1048576K
}
Event: 252.753 GC heap after
{Heap after GC invocations=3297 (full 5):
 PSYoungGen      total 11776K, used 2128K [0x00000000eab00000, 0x00000000eba00000, 0x0000000100000000)
  eden space 9216K, 0% used [0x00000000eab00000,0x00000000eab00000,0x00000000eb400000)
  from space 2560K, 83% used [0x00000000eb780000,0x00000000eb994008,0x00000000eba00000)
  to   space 2560K, 0% used [0x00000000eb500000,0x00000000eb500000,0x00000000eb780000)
 ParOldGen       total 343040K, used 342626K [0x00000000c0000000, 0x00000000d4f00000, 0x00000000eab00000)
  object space 343040K, 99% used [0x00000000c0000000,0x00000000d4e98b30,0x00000000d4f00000)
 Metaspace       used 73818K, committed 75328K, reserved 1179648K
  class space    used 7499K, committed 8128K, reserved 1048576K
}
Event: 252.829 GC heap before
{Heap before GC invocations=3298 (full 5):
 PSYoungGen      total 11776K, used 11344K [0x00000000eab00000, 0x00000000eba00000, 0x0000000100000000)
  eden space 9216K, 100% used [0x00000000eab00000,0x00000000eb400000,0x00000000eb400000)
  from space 2560K, 83% used [0x00000000eb780000,0x00000000eb994008,0x00000000eba00000)
  to   space 2560K, 0% used [0x00000000eb500000,0x00000000eb500000,0x00000000eb780000)
 ParOldGen       total 343040K, used 342626K [0x00000000c0000000, 0x00000000d4f00000, 0x00000000eab00000)
  object space 343040K, 99% used [0x00000000c0000000,0x00000000d4e98b30,0x00000000d4f00000)
 Metaspace       used 73818K, committed 75328K, reserved 1179648K
  class space    used 7499K, committed 8128K, reserved 1048576K
}
Event: 252.841 GC heap after
{Heap after GC invocations=3298 (full 5):
 PSYoungGen      total 12800K, used 2128K [0x00000000eab00000, 0x00000000eba80000, 0x0000000100000000)
  eden space 10240K, 0% used [0x00000000eab00000,0x00000000eab00000,0x00000000eb500000)
  from space 2560K, 83% used [0x00000000eb500000,0x00000000eb714008,0x00000000eb780000)
  to   space 2560K, 0% used [0x00000000eb800000,0x00000000eb800000,0x00000000eba80000)
 ParOldGen       total 343552K, used 343482K [0x00000000c0000000, 0x00000000d4f80000, 0x00000000eab00000)
  object space 343552K, 99% used [0x00000000c0000000,0x00000000d4f6eb30,0x00000000d4f80000)
 Metaspace       used 73818K, committed 75328K, reserved 1179648K
  class space    used 7499K, committed 8128K, reserved 1048576K
}
Event: 252.909 GC heap before
{Heap before GC invocations=3299 (full 5):
 PSYoungGen      total 12800K, used 12368K [0x00000000eab00000, 0x00000000eba80000, 0x0000000100000000)
  eden space 10240K, 100% used [0x00000000eab00000,0x00000000eb500000,0x00000000eb500000)
  from space 2560K, 83% used [0x00000000eb500000,0x00000000eb714008,0x00000000eb780000)
  to   space 2560K, 0% used [0x00000000eb800000,0x00000000eb800000,0x00000000eba80000)
 ParOldGen       total 343552K, used 343482K [0x00000000c0000000, 0x00000000d4f80000, 0x00000000eab00000)
  object space 343552K, 99% used [0x00000000c0000000,0x00000000d4f6eb30,0x00000000d4f80000)
 Metaspace       used 73818K, committed 75328K, reserved 1179648K
  class space    used 7499K, committed 8128K, reserved 1048576K
}
Event: 252.914 GC heap after
{Heap after GC invocations=3299 (full 5):
 PSYoungGen      total 13312K, used 2070K [0x00000000eab00000, 0x00000000ebb00000, 0x0000000100000000)
  eden space 10752K, 0% used [0x00000000eab00000,0x00000000eab00000,0x00000000eb580000)
  from space 2560K, 80% used [0x00000000eb800000,0x00000000eba05810,0x00000000eba80000)
  to   space 2560K, 0% used [0x00000000eb580000,0x00000000eb580000,0x00000000eb800000)
 ParOldGen       total 345088K, used 344650K [0x00000000c0000000, 0x00000000d5100000, 0x00000000eab00000)
  object space 345088K, 99% used [0x00000000c0000000,0x00000000d5092b38,0x00000000d5100000)
 Metaspace       used 73818K, committed 75328K, reserved 1179648K
  class space    used 7499K, committed 8128K, reserved 1048576K
}
Event: 252.973 GC heap before
{Heap before GC invocations=3300 (full 5):
 PSYoungGen      total 13312K, used 12822K [0x00000000eab00000, 0x00000000ebb00000, 0x0000000100000000)
  eden space 10752K, 100% used [0x00000000eab00000,0x00000000eb580000,0x00000000eb580000)
  from space 2560K, 80% used [0x00000000eb800000,0x00000000eba05810,0x00000000eba80000)
  to   space 2560K, 0% used [0x00000000eb580000,0x00000000eb580000,0x00000000eb800000)
 ParOldGen       total 345088K, used 344650K [0x00000000c0000000, 0x00000000d5100000, 0x00000000eab00000)
  object space 345088K, 99% used [0x00000000c0000000,0x00000000d5092b38,0x00000000d5100000)
 Metaspace       used 73818K, committed 75328K, reserved 1179648K
  class space    used 7499K, committed 8128K, reserved 1048576K
}
Event: 252.975 GC heap after
{Heap after GC invocations=3300 (full 5):
 PSYoungGen      total 13312K, used 2341K [0x00000000eab00000, 0x00000000eba80000, 0x0000000100000000)
  eden space 10752K, 0% used [0x00000000eab00000,0x00000000eab00000,0x00000000eb580000)
  from space 2560K, 91% used [0x00000000eb580000,0x00000000eb7c9558,0x00000000eb800000)
  to   space 2560K, 0% used [0x00000000eb800000,0x00000000eb800000,0x00000000eba80000)
 ParOldGen       total 345600K, used 345490K [0x00000000c0000000, 0x00000000d5180000, 0x00000000eab00000)
  object space 345600K, 99% used [0x00000000c0000000,0x00000000d5164b38,0x00000000d5180000)
 Metaspace       used 73818K, committed 75328K, reserved 1179648K
  class space    used 7499K, committed 8128K, reserved 1048576K
}
Event: 253.059 GC heap before
{Heap before GC invocations=3301 (full 5):
 PSYoungGen      total 13312K, used 13093K [0x00000000eab00000, 0x00000000eba80000, 0x0000000100000000)
  eden space 10752K, 100% used [0x00000000eab00000,0x00000000eb580000,0x00000000eb580000)
  from space 2560K, 91% used [0x00000000eb580000,0x00000000eb7c9558,0x00000000eb800000)
  to   space 2560K, 0% used [0x00000000eb800000,0x00000000eb800000,0x00000000eba80000)
 ParOldGen       total 345600K, used 345490K [0x00000000c0000000, 0x00000000d5180000, 0x00000000eab00000)
  object space 345600K, 99% used [0x00000000c0000000,0x00000000d5164b38,0x00000000d5180000)
 Metaspace       used 73818K, committed 75328K, reserved 1179648K
  class space    used 7499K, committed 8128K, reserved 1048576K
}
Event: 253.063 GC heap after
{Heap after GC invocations=3301 (full 5):
 PSYoungGen      total 12288K, used 2550K [0x00000000eab00000, 0x00000000ebc80000, 0x0000000100000000)
  eden space 9728K, 0% used [0x00000000eab00000,0x00000000eab00000,0x00000000eb480000)
  from space 2560K, 99% used [0x00000000eb800000,0x00000000eba7d810,0x00000000eba80000)
  to   space 3584K, 0% used [0x00000000eb480000,0x00000000eb480000,0x00000000eb800000)
 ParOldGen       total 346624K, used 346130K [0x00000000c0000000, 0x00000000d5280000, 0x00000000eab00000)
  object space 346624K, 99% used [0x00000000c0000000,0x00000000d5204b38,0x00000000d5280000)
 Metaspace       used 73818K, committed 75328K, reserved 1179648K
  class space    used 7499K, committed 8128K, reserved 1048576K
}
Event: 253.326 GC heap before
{Heap before GC invocations=3302 (full 5):
 PSYoungGen      total 12288K, used 12278K [0x00000000eab00000, 0x00000000ebc80000, 0x0000000100000000)
  eden space 9728K, 100% used [0x00000000eab00000,0x00000000eb480000,0x00000000eb480000)
  from space 2560K, 99% used [0x00000000eb800000,0x00000000eba7d810,0x00000000eba80000)
  to   space 3584K, 0% used [0x00000000eb480000,0x00000000eb480000,0x00000000eb800000)
 ParOldGen       total 346624K, used 346130K [0x00000000c0000000, 0x00000000d5280000, 0x00000000eab00000)
  object space 346624K, 99% used [0x00000000c0000000,0x00000000d5204b38,0x00000000d5280000)
 Metaspace       used 73818K, committed 75328K, reserved 1179648K
  class space    used 7499K, committed 8128K, reserved 1048576K
}
Event: 253.340 GC heap after
{Heap after GC invocations=3302 (full 5):
 PSYoungGen      total 11776K, used 1888K [0x00000000eab00000, 0x00000000eb980000, 0x0000000100000000)
  eden space 9728K, 0% used [0x00000000eab00000,0x00000000eab00000,0x00000000eb480000)
  from space 2048K, 92% used [0x00000000eb480000,0x00000000eb658000,0x00000000eb680000)
  to   space 2560K, 0% used [0x00000000eb700000,0x00000000eb700000,0x00000000eb980000)
 ParOldGen       total 348160K, used 347824K [0x00000000c0000000, 0x00000000d5400000, 0x00000000eab00000)
  object space 348160K, 99% used [0x00000000c0000000,0x00000000d53ac348,0x00000000d5400000)
 Metaspace       used 73818K, committed 75328K, reserved 1179648K
  class space    used 7499K, committed 8128K, reserved 1048576K
}
Event: 253.593 GC heap before
{Heap before GC invocations=3303 (full 5):
 PSYoungGen      total 11776K, used 11616K [0x00000000eab00000, 0x00000000eb980000, 0x0000000100000000)
  eden space 9728K, 100% used [0x00000000eab00000,0x00000000eb480000,0x00000000eb480000)
  from space 2048K, 92% used [0x00000000eb480000,0x00000000eb658000,0x00000000eb680000)
  to   space 2560K, 0% used [0x00000000eb700000,0x00000000eb700000,0x00000000eb980000)
 ParOldGen       total 348160K, used 347824K [0x00000000c0000000, 0x00000000d5400000, 0x00000000eab00000)
  object space 348160K, 99% used [0x00000000c0000000,0x00000000d53ac348,0x00000000d5400000)
 Metaspace       used 73818K, committed 75328K, reserved 1179648K
  class space    used 7499K, committed 8128K, reserved 1048576K
}
Event: 253.599 GC heap after
{Heap after GC invocations=3303 (full 5):
 PSYoungGen      total 11776K, used 2560K [0x00000000eab00000, 0x00000000eba80000, 0x0000000100000000)
  eden space 9216K, 0% used [0x00000000eab00000,0x00000000eab00000,0x00000000eb400000)
  from space 2560K, 100% used [0x00000000eb700000,0x00000000eb980000,0x00000000eb980000)
  to   space 3072K, 0% used [0x00000000eb400000,0x00000000eb400000,0x00000000eb700000)
 ParOldGen       total 348160K, used 347864K [0x00000000c0000000, 0x00000000d5400000, 0x00000000eab00000)
  object space 348160K, 99% used [0x00000000c0000000,0x00000000d53b6348,0x00000000d5400000)
 Metaspace       used 73818K, committed 75328K, reserved 1179648K
  class space    used 7499K, committed 8128K, reserved 1048576K
}
Event: 253.767 GC heap before
{Heap before GC invocations=3304 (full 5):
 PSYoungGen      total 11776K, used 11776K [0x00000000eab00000, 0x00000000eba80000, 0x0000000100000000)
  eden space 9216K, 100% used [0x00000000eab00000,0x00000000eb400000,0x00000000eb400000)
  from space 2560K, 100% used [0x00000000eb700000,0x00000000eb980000,0x00000000eb980000)
  to   space 3072K, 0% used [0x00000000eb400000,0x00000000eb400000,0x00000000eb700000)
 ParOldGen       total 348160K, used 347864K [0x00000000c0000000, 0x00000000d5400000, 0x00000000eab00000)
  object space 348160K, 99% used [0x00000000c0000000,0x00000000d53b6348,0x00000000d5400000)
 Metaspace       used 73818K, committed 75328K, reserved 1179648K
  class space    used 7499K, committed 8128K, reserved 1048576K
}
Event: 253.770 GC heap after
{Heap after GC invocations=3304 (full 5):
 PSYoungGen      total 11264K, used 1856K [0x00000000eab00000, 0x00000000eb900000, 0x0000000100000000)
  eden space 9216K, 0% used [0x00000000eab00000,0x00000000eab00000,0x00000000eb400000)
  from space 2048K, 90% used [0x00000000eb400000,0x00000000eb5d0000,0x00000000eb600000)
  to   space 2560K, 0% used [0x00000000eb680000,0x00000000eb680000,0x00000000eb900000)
 ParOldGen       total 349696K, used 349464K [0x00000000c0000000, 0x00000000d5580000, 0x00000000eab00000)
  object space 349696K, 99% used [0x00000000c0000000,0x00000000d5546348,0x00000000d5580000)
 Metaspace       used 73818K, committed 75328K, reserved 1179648K
  class space    used 7499K, committed 8128K, reserved 1048576K
}
Event: 253.914 GC heap before
{Heap before GC invocations=3305 (full 5):
 PSYoungGen      total 11264K, used 11072K [0x00000000eab00000, 0x00000000eb900000, 0x0000000100000000)
  eden space 9216K, 100% used [0x00000000eab00000,0x00000000eb400000,0x00000000eb400000)
  from space 2048K, 90% used [0x00000000eb400000,0x00000000eb5d0000,0x00000000eb600000)
  to   space 2560K, 0% used [0x00000000eb680000,0x00000000eb680000,0x00000000eb900000)
 ParOldGen       total 349696K, used 349464K [0x00000000c0000000, 0x00000000d5580000, 0x00000000eab00000)
  object space 349696K, 99% used [0x00000000c0000000,0x00000000d5546348,0x00000000d5580000)
 Metaspace       used 73818K, committed 75328K, reserved 1179648K
  class space    used 7499K, committed 8128K, reserved 1048576K
}
Event: 253.916 GC heap after
{Heap after GC invocations=3305 (full 5):
 PSYoungGen      total 11264K, used 2560K [0x00000000eab00000, 0x00000000eba00000, 0x0000000100000000)
  eden space 8704K, 0% used [0x00000000eab00000,0x00000000eab00000,0x00000000eb380000)
  from space 2560K, 100% used [0x00000000eb680000,0x00000000eb900000,0x00000000eb900000)
  to   space 3072K, 0% used [0x00000000eb380000,0x00000000eb380000,0x00000000eb680000)
 ParOldGen       total 349696K, used 349504K [0x00000000c0000000, 0x00000000d5580000, 0x00000000eab00000)
  object space 349696K, 99% used [0x00000000c0000000,0x00000000d5550348,0x00000000d5580000)
 Metaspace       used 73818K, committed 75328K, reserved 1179648K
  class space    used 7499K, committed 8128K, reserved 1048576K
}
Event: 254.012 GC heap before
{Heap before GC invocations=3306 (full 5):
 PSYoungGen      total 11264K, used 11264K [0x00000000eab00000, 0x00000000eba00000, 0x0000000100000000)
  eden space 8704K, 100% used [0x00000000eab00000,0x00000000eb380000,0x00000000eb380000)
  from space 2560K, 100% used [0x00000000eb680000,0x00000000eb900000,0x00000000eb900000)
  to   space 3072K, 0% used [0x00000000eb380000,0x00000000eb380000,0x00000000eb680000)
 ParOldGen       total 349696K, used 349504K [0x00000000c0000000, 0x00000000d5580000, 0x00000000eab00000)
  object space 349696K, 99% used [0x00000000c0000000,0x00000000d5550348,0x00000000d5580000)
 Metaspace       used 73818K, committed 75328K, reserved 1179648K
  class space    used 7499K, committed 8128K, reserved 1048576K
}

