# JRE version: OpenJDK Runtime Environment Temurin-21.0.6+7 (21.0.6+7) (build 21.0.6+7-LTS)
# Java VM: OpenJDK 64-Bit Server VM Temurin-21.0.6+7 (21.0.6+7-LTS, mixed mode, sharing, tiered, compressed oops, compressed class ptrs, parallel gc, windows-amd64)
GC Precious Log:
 CardTable entry size: 512
 CPUs: 8 total, 8 available
 Memory: 5702M
 Large Page Support: Disabled
 NUMA Support: Disabled
 Compressed Oops: Enabled (32-bit)
 Alignments: Space 512K, Generation 512K, Heap 2M
 Heap Min Capacity: 100M
 Heap Initial Capacity: 100M
 Heap Max Capacity: 1G
 Pre-touch: Disabled
 Parallel Workers: 8
Heap:
 PSYoungGen      total 3072K, used 1700K [0x00000000eab00000, 0x00000000eaf80000, 0x0000000100000000)
  eden space 2048K, 51% used [0x00000000eab00000,0x00000000eac092a8,0x00000000ead00000)
  from space 1024K, 62% used [0x00000000eae00000,0x00000000eaea0000,0x00000000eaf00000)
  to   space 1024K, 0% used [0x00000000ead00000,0x00000000ead00000,0x00000000eae00000)
 ParOldGen       total 182784K, used 182630K [0x00000000c0000000, 0x00000000cb280000, 0x00000000eab00000)
  object space 182784K, 99% used [0x00000000c0000000,0x00000000cb259bf8,0x00000000cb280000)
 Metaspace       used 59451K, committed 60736K, reserved 1114112K
  class space    used 6112K, committed 6656K, reserved 1048576K
GC Heap History (20 events):
Event: 49.058 GC heap before
{Heap before GC invocations=284 (full 3):
 PSYoungGen      total 2560K, used 2527K [0x00000000eab00000, 0x00000000eae80000, 0x0000000100000000)
  eden space 2048K, 100% used [0x00000000eab00000,0x00000000ead00000,0x00000000ead00000)
  from space 512K, 93% used [0x00000000eae00000,0x00000000eae77ef8,0x00000000eae80000)
  to   space 512K, 0% used [0x00000000ead80000,0x00000000ead80000,0x00000000eae00000)
 ParOldGen       total 180224K, used 176560K [0x00000000c0000000, 0x00000000cb000000, 0x00000000eab00000)
  object space 180224K, 97% used [0x00000000c0000000,0x00000000cac6c0a0,0x00000000cb000000)
 Metaspace       used 59126K, committed 60480K, reserved 1114112K
  class space    used 6071K, committed 6656K, reserved 1048576K
}
Event: 49.061 GC heap after
{Heap after GC invocations=284 (full 3):
 PSYoungGen      total 2560K, used 512K [0x00000000eab00000, 0x00000000eaf00000, 0x0000000100000000)
  eden space 2048K, 0% used [0x00000000eab00000,0x00000000eab00000,0x00000000ead00000)
  from space 512K, 100% used [0x00000000ead80000,0x00000000eae00000,0x00000000eae00000)
  to   space 1024K, 0% used [0x00000000eae00000,0x00000000eae00000,0x00000000eaf00000)
 ParOldGen       total 180224K, used 176982K [0x00000000c0000000, 0x00000000cb000000, 0x00000000eab00000)
  object space 180224K, 98% used [0x00000000c0000000,0x00000000cacd5838,0x00000000cb000000)
 Metaspace       used 59126K, committed 60480K, reserved 1114112K
  class space    used 6071K, committed 6656K, reserved 1048576K
}
Event: 49.224 GC heap before
{Heap before GC invocations=285 (full 3):
 PSYoungGen      total 2560K, used 2560K [0x00000000eab00000, 0x00000000eaf00000, 0x0000000100000000)
  eden space 2048K, 100% used [0x00000000eab00000,0x00000000ead00000,0x00000000ead00000)
  from space 512K, 100% used [0x00000000ead80000,0x00000000eae00000,0x00000000eae00000)
  to   space 1024K, 0% used [0x00000000eae00000,0x00000000eae00000,0x00000000eaf00000)
 ParOldGen       total 180224K, used 176982K [0x00000000c0000000, 0x00000000cb000000, 0x00000000eab00000)
  object space 180224K, 98% used [0x00000000c0000000,0x00000000cacd5838,0x00000000cb000000)
 Metaspace       used 59152K, committed 60480K, reserved 1114112K
  class space    used 6073K, committed 6656K, reserved 1048576K
}
Event: 49.228 GC heap after
{Heap after GC invocations=285 (full 3):
 PSYoungGen      total 3072K, used 894K [0x00000000eab00000, 0x00000000eaf00000, 0x0000000100000000)
  eden space 2048K, 0% used [0x00000000eab00000,0x00000000eab00000,0x00000000ead00000)
  from space 1024K, 87% used [0x00000000eae00000,0x00000000eaedf988,0x00000000eaf00000)
  to   space 1024K, 0% used [0x00000000ead00000,0x00000000ead00000,0x00000000eae00000)
 ParOldGen       total 180224K, used 177392K [0x00000000c0000000, 0x00000000cb000000, 0x00000000eab00000)
  object space 180224K, 98% used [0x00000000c0000000,0x00000000cad3c3f8,0x00000000cb000000)
 Metaspace       used 59152K, committed 60480K, reserved 1114112K
  class space    used 6073K, committed 6656K, reserved 1048576K
}
Event: 49.271 GC heap before
{Heap before GC invocations=286 (full 3):
 PSYoungGen      total 3072K, used 2919K [0x00000000eab00000, 0x00000000eaf00000, 0x0000000100000000)
  eden space 2048K, 98% used [0x00000000eab00000,0x00000000eacfa4f8,0x00000000ead00000)
  from space 1024K, 87% used [0x00000000eae00000,0x00000000eaedf988,0x00000000eaf00000)
  to   space 1024K, 0% used [0x00000000ead00000,0x00000000ead00000,0x00000000eae00000)
 ParOldGen       total 180224K, used 177392K [0x00000000c0000000, 0x00000000cb000000, 0x00000000eab00000)
  object space 180224K, 98% used [0x00000000c0000000,0x00000000cad3c3f8,0x00000000cb000000)
 Metaspace       used 59173K, committed 60544K, reserved 1114112K
  class space    used 6076K, committed 6656K, reserved 1048576K
}
Event: 49.276 GC heap after
{Heap after GC invocations=286 (full 3):
 PSYoungGen      total 3072K, used 681K [0x00000000eab00000, 0x00000000eaf00000, 0x0000000100000000)
  eden space 2048K, 0% used [0x00000000eab00000,0x00000000eab00000,0x00000000ead00000)
  from space 1024K, 66% used [0x00000000ead00000,0x00000000eadaa570,0x00000000eae00000)
  to   space 1024K, 0% used [0x00000000eae00000,0x00000000eae00000,0x00000000eaf00000)
 ParOldGen       total 180224K, used 178146K [0x00000000c0000000, 0x00000000cb000000, 0x00000000eab00000)
  object space 180224K, 98% used [0x00000000c0000000,0x00000000cadf8b00,0x00000000cb000000)
 Metaspace       used 59173K, committed 60544K, reserved 1114112K
  class space    used 6076K, committed 6656K, reserved 1048576K
}
Event: 49.315 GC heap before
{Heap before GC invocations=287 (full 3):
 PSYoungGen      total 3072K, used 2729K [0x00000000eab00000, 0x00000000eaf00000, 0x0000000100000000)
  eden space 2048K, 100% used [0x00000000eab00000,0x00000000ead00000,0x00000000ead00000)
  from space 1024K, 66% used [0x00000000ead00000,0x00000000eadaa570,0x00000000eae00000)
  to   space 1024K, 0% used [0x00000000eae00000,0x00000000eae00000,0x00000000eaf00000)
 ParOldGen       total 180224K, used 178146K [0x00000000c0000000, 0x00000000cb000000, 0x00000000eab00000)
  object space 180224K, 98% used [0x00000000c0000000,0x00000000cadf8b00,0x00000000cb000000)
 Metaspace       used 59189K, committed 60544K, reserved 1114112K
  class space    used 6078K, committed 6656K, reserved 1048576K
}
Event: 49.320 GC heap after
{Heap after GC invocations=287 (full 3):
 PSYoungGen      total 3072K, used 635K [0x00000000eab00000, 0x00000000eaf00000, 0x0000000100000000)
  eden space 2048K, 0% used [0x00000000eab00000,0x00000000eab00000,0x00000000ead00000)
  from space 1024K, 62% used [0x00000000eae00000,0x00000000eae9ee18,0x00000000eaf00000)
  to   space 1024K, 0% used [0x00000000ead00000,0x00000000ead00000,0x00000000eae00000)
 ParOldGen       total 180224K, used 178709K [0x00000000c0000000, 0x00000000cb000000, 0x00000000eab00000)
  object space 180224K, 99% used [0x00000000c0000000,0x00000000cae85538,0x00000000cb000000)
 Metaspace       used 59189K, committed 60544K, reserved 1114112K
  class space    used 6078K, committed 6656K, reserved 1048576K
}
Event: 49.346 GC heap before
{Heap before GC invocations=288 (full 3):
 PSYoungGen      total 3072K, used 2683K [0x00000000eab00000, 0x00000000eaf00000, 0x0000000100000000)
  eden space 2048K, 100% used [0x00000000eab00000,0x00000000ead00000,0x00000000ead00000)
  from space 1024K, 62% used [0x00000000eae00000,0x00000000eae9ee18,0x00000000eaf00000)
  to   space 1024K, 0% used [0x00000000ead00000,0x00000000ead00000,0x00000000eae00000)
 ParOldGen       total 180224K, used 178709K [0x00000000c0000000, 0x00000000cb000000, 0x00000000eab00000)
  object space 180224K, 99% used [0x00000000c0000000,0x00000000cae85538,0x00000000cb000000)
 Metaspace       used 59217K, committed 60544K, reserved 1114112K
  class space    used 6081K, committed 6656K, reserved 1048576K
}
Event: 49.350 GC heap after
{Heap after GC invocations=288 (full 3):
 PSYoungGen      total 3072K, used 642K [0x00000000eab00000, 0x00000000eaf00000, 0x0000000100000000)
  eden space 2048K, 0% used [0x00000000eab00000,0x00000000eab00000,0x00000000ead00000)
  from space 1024K, 62% used [0x00000000ead00000,0x00000000eada0b30,0x00000000eae00000)
  to   space 1024K, 0% used [0x00000000eae00000,0x00000000eae00000,0x00000000eaf00000)
 ParOldGen       total 180224K, used 179221K [0x00000000c0000000, 0x00000000cb000000, 0x00000000eab00000)
  object space 180224K, 99% used [0x00000000c0000000,0x00000000caf05698,0x00000000cb000000)
 Metaspace       used 59217K, committed 60544K, reserved 1114112K
  class space    used 6081K, committed 6656K, reserved 1048576K
}
Event: 49.371 GC heap before
{Heap before GC invocations=289 (full 3):
 PSYoungGen      total 3072K, used 2690K [0x00000000eab00000, 0x00000000eaf00000, 0x0000000100000000)
  eden space 2048K, 100% used [0x00000000eab00000,0x00000000ead00000,0x00000000ead00000)
  from space 1024K, 62% used [0x00000000ead00000,0x00000000eada0b30,0x00000000eae00000)
  to   space 1024K, 0% used [0x00000000eae00000,0x00000000eae00000,0x00000000eaf00000)
 ParOldGen       total 180224K, used 179221K [0x00000000c0000000, 0x00000000cb000000, 0x00000000eab00000)
  object space 180224K, 99% used [0x00000000c0000000,0x00000000caf05698,0x00000000cb000000)
 Metaspace       used 59229K, committed 60544K, reserved 1114112K
  class space    used 6083K, committed 6656K, reserved 1048576K
}
Event: 49.374 GC heap after
{Heap after GC invocations=289 (full 3):
 PSYoungGen      total 3072K, used 817K [0x00000000eab00000, 0x00000000eaf00000, 0x0000000100000000)
  eden space 2048K, 0% used [0x00000000eab00000,0x00000000eab00000,0x00000000ead00000)
  from space 1024K, 79% used [0x00000000eae00000,0x00000000eaecc4d0,0x00000000eaf00000)
  to   space 1024K, 0% used [0x00000000ead00000,0x00000000ead00000,0x00000000eae00000)
 ParOldGen       total 180224K, used 179731K [0x00000000c0000000, 0x00000000cb000000, 0x00000000eab00000)
  object space 180224K, 99% used [0x00000000c0000000,0x00000000caf84dc0,0x00000000cb000000)
 Metaspace       used 59229K, committed 60544K, reserved 1114112K
  class space    used 6083K, committed 6656K, reserved 1048576K
}
Event: 49.385 GC heap before
{Heap before GC invocations=290 (full 3):
 PSYoungGen      total 3072K, used 2865K [0x00000000eab00000, 0x00000000eaf00000, 0x0000000100000000)
  eden space 2048K, 99% used [0x00000000eab00000,0x00000000eacfffd8,0x00000000ead00000)
  from space 1024K, 79% used [0x00000000eae00000,0x00000000eaecc4d0,0x00000000eaf00000)
  to   space 1024K, 0% used [0x00000000ead00000,0x00000000ead00000,0x00000000eae00000)
 ParOldGen       total 180224K, used 179731K [0x00000000c0000000, 0x00000000cb000000, 0x00000000eab00000)
  object space 180224K, 99% used [0x00000000c0000000,0x00000000caf84dc0,0x00000000cb000000)
 Metaspace       used 59230K, committed 60608K, reserved 1114112K
  class space    used 6083K, committed 6656K, reserved 1048576K
}
Event: 49.388 GC heap after
{Heap after GC invocations=290 (full 3):
 PSYoungGen      total 3072K, used 832K [0x00000000eab00000, 0x00000000eaf00000, 0x0000000100000000)
  eden space 2048K, 0% used [0x00000000eab00000,0x00000000eab00000,0x00000000ead00000)
  from space 1024K, 81% used [0x00000000ead00000,0x00000000eadd0000,0x00000000eae00000)
  to   space 1024K, 0% used [0x00000000eae00000,0x00000000eae00000,0x00000000eaf00000)
 ParOldGen       total 180224K, used 180067K [0x00000000c0000000, 0x00000000cb000000, 0x00000000eab00000)
  object space 180224K, 99% used [0x00000000c0000000,0x00000000cafd8e28,0x00000000cb000000)
 Metaspace       used 59230K, committed 60608K, reserved 1114112K
  class space    used 6083K, committed 6656K, reserved 1048576K
}
Event: 49.422 GC heap before
{Heap before GC invocations=291 (full 3):
 PSYoungGen      total 3072K, used 2880K [0x00000000eab00000, 0x00000000eaf00000, 0x0000000100000000)
  eden space 2048K, 100% used [0x00000000eab00000,0x00000000ead00000,0x00000000ead00000)
  from space 1024K, 81% used [0x00000000ead00000,0x00000000eadd0000,0x00000000eae00000)
  to   space 1024K, 0% used [0x00000000eae00000,0x00000000eae00000,0x00000000eaf00000)
 ParOldGen       total 180224K, used 180067K [0x00000000c0000000, 0x00000000cb000000, 0x00000000eab00000)
  object space 180224K, 99% used [0x00000000c0000000,0x00000000cafd8e28,0x00000000cb000000)
 Metaspace       used 59259K, committed 60608K, reserved 1114112K
  class space    used 6087K, committed 6656K, reserved 1048576K
}
Event: 49.427 GC heap after
{Heap after GC invocations=291 (full 3):
 PSYoungGen      total 3072K, used 712K [0x00000000eab00000, 0x00000000eaf00000, 0x0000000100000000)
  eden space 2048K, 0% used [0x00000000eab00000,0x00000000eab00000,0x00000000ead00000)
  from space 1024K, 69% used [0x00000000eae00000,0x00000000eaeb23e8,0x00000000eaf00000)
  to   space 1024K, 0% used [0x00000000ead00000,0x00000000ead00000,0x00000000eae00000)
 ParOldGen       total 181248K, used 180786K [0x00000000c0000000, 0x00000000cb100000, 0x00000000eab00000)
  object space 181248K, 99% used [0x00000000c0000000,0x00000000cb08cbb0,0x00000000cb100000)
 Metaspace       used 59259K, committed 60608K, reserved 1114112K
  class space    used 6087K, committed 6656K, reserved 1048576K
}
Event: 49.563 GC heap before
{Heap before GC invocations=292 (full 3):
 PSYoungGen      total 3072K, used 2760K [0x00000000eab00000, 0x00000000eaf00000, 0x0000000100000000)
  eden space 2048K, 99% used [0x00000000eab00000,0x00000000eacffff0,0x00000000ead00000)
  from space 1024K, 69% used [0x00000000eae00000,0x00000000eaeb23e8,0x00000000eaf00000)
  to   space 1024K, 0% used [0x00000000ead00000,0x00000000ead00000,0x00000000eae00000)
 ParOldGen       total 181248K, used 180786K [0x00000000c0000000, 0x00000000cb100000, 0x00000000eab00000)
  object space 181248K, 99% used [0x00000000c0000000,0x00000000cb08cbb0,0x00000000cb100000)
 Metaspace       used 59321K, committed 60672K, reserved 1114112K
  class space    used 6099K, committed 6656K, reserved 1048576K
}
Event: 49.569 GC heap after
{Heap after GC invocations=292 (full 3):
 PSYoungGen      total 3072K, used 592K [0x00000000eab00000, 0x00000000eaf00000, 0x0000000100000000)
  eden space 2048K, 0% used [0x00000000eab00000,0x00000000eab00000,0x00000000ead00000)
  from space 1024K, 57% used [0x00000000ead00000,0x00000000ead94180,0x00000000eae00000)
  to   space 1024K, 0% used [0x00000000eae00000,0x00000000eae00000,0x00000000eaf00000)
 ParOldGen       total 181760K, used 181337K [0x00000000c0000000, 0x00000000cb180000, 0x00000000eab00000)
  object space 181760K, 99% used [0x00000000c0000000,0x00000000cb116538,0x00000000cb180000)
 Metaspace       used 59321K, committed 60672K, reserved 1114112K
  class space    used 6099K, committed 6656K, reserved 1048576K
}
Event: 49.943 GC heap before
{Heap before GC invocations=293 (full 3):
 PSYoungGen      total 3072K, used 2640K [0x00000000eab00000, 0x00000000eaf00000, 0x0000000100000000)
  eden space 2048K, 100% used [0x00000000eab00000,0x00000000ead00000,0x00000000ead00000)
  from space 1024K, 57% used [0x00000000ead00000,0x00000000ead94180,0x00000000eae00000)
  to   space 1024K, 0% used [0x00000000eae00000,0x00000000eae00000,0x00000000eaf00000)
 ParOldGen       total 181760K, used 181339K [0x00000000c0000000, 0x00000000cb180000, 0x00000000eab00000)
  object space 181760K, 99% used [0x00000000c0000000,0x00000000cb116f48,0x00000000cb180000)
 Metaspace       used 59338K, committed 60672K, reserved 1114112K
  class space    used 6101K, committed 6656K, reserved 1048576K
}
Event: 49.947 GC heap after
{Heap after GC invocations=293 (full 3):
 PSYoungGen      total 3072K, used 855K [0x00000000eab00000, 0x00000000eaf00000, 0x0000000100000000)
  eden space 2048K, 0% used [0x00000000eab00000,0x00000000eab00000,0x00000000ead00000)
  from space 1024K, 83% used [0x00000000eae00000,0x00000000eaed5f38,0x00000000eaf00000)
  to   space 1024K, 0% used [0x00000000ead00000,0x00000000ead00000,0x00000000eae00000)
 ParOldGen       total 182272K, used 181826K [0x00000000c0000000, 0x00000000cb200000, 0x00000000eab00000)
  object space 182272K, 99% used [0x00000000c0000000,0x00000000cb190ac8,0x00000000cb200000)
 Metaspace       used 59338K, committed 60672K, reserved 1114112K
  class space    used 6101K, committed 6656K, reserved 1048576K
}

