# JRE version: OpenJDK Runtime Environment Temurin-21.0.6+7 (21.0.6+7) (build 21.0.6+7-LTS)
# Java VM: OpenJDK 64-Bit Server VM Temurin-21.0.6+7 (21.0.6+7-LTS, mixed mode, sharing, tiered, compressed oops, compressed class ptrs, parallel gc, windows-amd64)
GC Precious Log:
 CardTable entry size: 512
 CPUs: 8 total, 8 available
 Memory: 5702M
 Large Page Support: Disabled
 NUMA Support: Disabled
 Compressed Oops: Enabled (32-bit)
 Alignments: Space 512K, Generation 512K, Heap 2M
 Heap Min Capacity: 100M
 Heap Initial Capacity: 100M
 Heap Max Capacity: 1G
 Pre-touch: Disabled
 Parallel Workers: 8
Heap:
 PSYoungGen      total 4608K, used 3953K [0x00000000eab00000, 0x00000000eb180000, 0x0000000100000000)
  eden space 3584K, 95% used [0x00000000eab00000,0x00000000eae53b80,0x00000000eae80000)
  from space 1024K, 53% used [0x00000000eb080000,0x00000000eb108bd8,0x00000000eb180000)
  to   space 1024K, 0% used [0x00000000eae80000,0x00000000eae80000,0x00000000eaf80000)
 ParOldGen       total 124928K, used 124622K [0x00000000c0000000, 0x00000000c7a00000, 0x00000000eab00000)
  object space 124928K, 99% used [0x00000000c0000000,0x00000000c79b39a0,0x00000000c7a00000)
 Metaspace       used 57062K, committed 58496K, reserved 1114112K
  class space    used 5925K, committed 6592K, reserved 1048576K
GC Heap History (20 events):
Event: 73.593 GC heap after
{Heap after GC invocations=71 (full 2):
 PSYoungGen      total 4608K, used 848K [0x00000000eab00000, 0x00000000eb080000, 0x0000000100000000)
  eden space 3584K, 0% used [0x00000000eab00000,0x00000000eab00000,0x00000000eae80000)
  from space 1024K, 82% used [0x00000000eae80000,0x00000000eaf541c0,0x00000000eaf80000)
  to   space 1024K, 0% used [0x00000000eaf80000,0x00000000eaf80000,0x00000000eb080000)
 ParOldGen       total 118272K, used 118026K [0x00000000c0000000, 0x00000000c7380000, 0x00000000eab00000)
  object space 118272K, 99% used [0x00000000c0000000,0x00000000c7342810,0x00000000c7380000)
 Metaspace       used 55417K, committed 56704K, reserved 1114112K
  class space    used 5746K, committed 6336K, reserved 1048576K
}
Event: 73.922 GC heap before
{Heap before GC invocations=72 (full 2):
 PSYoungGen      total 4608K, used 4432K [0x00000000eab00000, 0x00000000eb080000, 0x0000000100000000)
  eden space 3584K, 100% used [0x00000000eab00000,0x00000000eae80000,0x00000000eae80000)
  from space 1024K, 82% used [0x00000000eae80000,0x00000000eaf541c0,0x00000000eaf80000)
  to   space 1024K, 0% used [0x00000000eaf80000,0x00000000eaf80000,0x00000000eb080000)
 ParOldGen       total 118272K, used 118026K [0x00000000c0000000, 0x00000000c7380000, 0x00000000eab00000)
  object space 118272K, 99% used [0x00000000c0000000,0x00000000c7342810,0x00000000c7380000)
 Metaspace       used 55522K, committed 56768K, reserved 1114112K
  class space    used 5761K, committed 6336K, reserved 1048576K
}
Event: 73.923 GC heap after
{Heap after GC invocations=72 (full 2):
 PSYoungGen      total 4608K, used 423K [0x00000000eab00000, 0x00000000eb080000, 0x0000000100000000)
  eden space 3584K, 0% used [0x00000000eab00000,0x00000000eab00000,0x00000000eae80000)
  from space 1024K, 41% used [0x00000000eaf80000,0x00000000eafe9f88,0x00000000eb080000)
  to   space 1024K, 0% used [0x00000000eae80000,0x00000000eae80000,0x00000000eaf80000)
 ParOldGen       total 119296K, used 118821K [0x00000000c0000000, 0x00000000c7480000, 0x00000000eab00000)
  object space 119296K, 99% used [0x00000000c0000000,0x00000000c7409458,0x00000000c7480000)
 Metaspace       used 55522K, committed 56768K, reserved 1114112K
  class space    used 5761K, committed 6336K, reserved 1048576K
}
Event: 74.036 GC heap before
{Heap before GC invocations=73 (full 2):
 PSYoungGen      total 4608K, used 3999K [0x00000000eab00000, 0x00000000eb080000, 0x0000000100000000)
  eden space 3584K, 99% used [0x00000000eab00000,0x00000000eae7def8,0x00000000eae80000)
  from space 1024K, 41% used [0x00000000eaf80000,0x00000000eafe9f88,0x00000000eb080000)
  to   space 1024K, 0% used [0x00000000eae80000,0x00000000eae80000,0x00000000eaf80000)
 ParOldGen       total 119296K, used 118821K [0x00000000c0000000, 0x00000000c7480000, 0x00000000eab00000)
  object space 119296K, 99% used [0x00000000c0000000,0x00000000c7409458,0x00000000c7480000)
 Metaspace       used 55627K, committed 56896K, reserved 1114112K
  class space    used 5774K, committed 6336K, reserved 1048576K
}
Event: 74.038 GC heap after
{Heap after GC invocations=73 (full 2):
 PSYoungGen      total 4608K, used 777K [0x00000000eab00000, 0x00000000eb080000, 0x0000000100000000)
  eden space 3584K, 0% used [0x00000000eab00000,0x00000000eab00000,0x00000000eae80000)
  from space 1024K, 75% used [0x00000000eae80000,0x00000000eaf42770,0x00000000eaf80000)
  to   space 1024K, 0% used [0x00000000eaf80000,0x00000000eaf80000,0x00000000eb080000)
 ParOldGen       total 119296K, used 119158K [0x00000000c0000000, 0x00000000c7480000, 0x00000000eab00000)
  object space 119296K, 99% used [0x00000000c0000000,0x00000000c745d888,0x00000000c7480000)
 Metaspace       used 55627K, committed 56896K, reserved 1114112K
  class space    used 5774K, committed 6336K, reserved 1048576K
}
Event: 74.202 GC heap before
{Heap before GC invocations=74 (full 2):
 PSYoungGen      total 4608K, used 4359K [0x00000000eab00000, 0x00000000eb080000, 0x0000000100000000)
  eden space 3584K, 99% used [0x00000000eab00000,0x00000000eae7f690,0x00000000eae80000)
  from space 1024K, 75% used [0x00000000eae80000,0x00000000eaf42770,0x00000000eaf80000)
  to   space 1024K, 0% used [0x00000000eaf80000,0x00000000eaf80000,0x00000000eb080000)
 ParOldGen       total 119296K, used 119158K [0x00000000c0000000, 0x00000000c7480000, 0x00000000eab00000)
  object space 119296K, 99% used [0x00000000c0000000,0x00000000c745d888,0x00000000c7480000)
 Metaspace       used 55763K, committed 57024K, reserved 1114112K
  class space    used 5789K, committed 6336K, reserved 1048576K
}
Event: 74.204 GC heap after
{Heap after GC invocations=74 (full 2):
 PSYoungGen      total 4608K, used 917K [0x00000000eab00000, 0x00000000eb080000, 0x0000000100000000)
  eden space 3584K, 0% used [0x00000000eab00000,0x00000000eab00000,0x00000000eae80000)
  from space 1024K, 89% used [0x00000000eaf80000,0x00000000eb065448,0x00000000eb080000)
  to   space 1024K, 0% used [0x00000000eae80000,0x00000000eae80000,0x00000000eaf80000)
 ParOldGen       total 120320K, used 119866K [0x00000000c0000000, 0x00000000c7580000, 0x00000000eab00000)
  object space 120320K, 99% used [0x00000000c0000000,0x00000000c750e810,0x00000000c7580000)
 Metaspace       used 55763K, committed 57024K, reserved 1114112K
  class space    used 5789K, committed 6336K, reserved 1048576K
}
Event: 74.675 GC heap before
{Heap before GC invocations=75 (full 2):
 PSYoungGen      total 4608K, used 4501K [0x00000000eab00000, 0x00000000eb080000, 0x0000000100000000)
  eden space 3584K, 100% used [0x00000000eab00000,0x00000000eae80000,0x00000000eae80000)
  from space 1024K, 89% used [0x00000000eaf80000,0x00000000eb065448,0x00000000eb080000)
  to   space 1024K, 0% used [0x00000000eae80000,0x00000000eae80000,0x00000000eaf80000)
 ParOldGen       total 120320K, used 119866K [0x00000000c0000000, 0x00000000c7580000, 0x00000000eab00000)
  object space 120320K, 99% used [0x00000000c0000000,0x00000000c750e810,0x00000000c7580000)
 Metaspace       used 55884K, committed 57088K, reserved 1114112K
  class space    used 5802K, committed 6336K, reserved 1048576K
}
Event: 74.691 GC heap after
{Heap after GC invocations=75 (full 2):
 PSYoungGen      total 4608K, used 632K [0x00000000eab00000, 0x00000000eb080000, 0x0000000100000000)
  eden space 3584K, 0% used [0x00000000eab00000,0x00000000eab00000,0x00000000eae80000)
  from space 1024K, 61% used [0x00000000eae80000,0x00000000eaf1e2a0,0x00000000eaf80000)
  to   space 1024K, 0% used [0x00000000eaf80000,0x00000000eaf80000,0x00000000eb080000)
 ParOldGen       total 120832K, used 120608K [0x00000000c0000000, 0x00000000c7600000, 0x00000000eab00000)
  object space 120832K, 99% used [0x00000000c0000000,0x00000000c75c8030,0x00000000c7600000)
 Metaspace       used 55884K, committed 57088K, reserved 1114112K
  class space    used 5802K, committed 6336K, reserved 1048576K
}
Event: 75.074 GC heap before
{Heap before GC invocations=76 (full 2):
 PSYoungGen      total 4608K, used 4216K [0x00000000eab00000, 0x00000000eb080000, 0x0000000100000000)
  eden space 3584K, 100% used [0x00000000eab00000,0x00000000eae80000,0x00000000eae80000)
  from space 1024K, 61% used [0x00000000eae80000,0x00000000eaf1e2a0,0x00000000eaf80000)
  to   space 1024K, 0% used [0x00000000eaf80000,0x00000000eaf80000,0x00000000eb080000)
 ParOldGen       total 120832K, used 120608K [0x00000000c0000000, 0x00000000c7600000, 0x00000000eab00000)
  object space 120832K, 99% used [0x00000000c0000000,0x00000000c75c8030,0x00000000c7600000)
 Metaspace       used 56099K, committed 57408K, reserved 1114112K
  class space    used 5821K, committed 6400K, reserved 1048576K
}
Event: 75.077 GC heap after
{Heap after GC invocations=76 (full 2):
 PSYoungGen      total 4608K, used 557K [0x00000000eab00000, 0x00000000eb080000, 0x0000000100000000)
  eden space 3584K, 0% used [0x00000000eab00000,0x00000000eab00000,0x00000000eae80000)
  from space 1024K, 54% used [0x00000000eaf80000,0x00000000eb00b590,0x00000000eb080000)
  to   space 1024K, 0% used [0x00000000eae80000,0x00000000eae80000,0x00000000eaf80000)
 ParOldGen       total 121344K, used 121138K [0x00000000c0000000, 0x00000000c7680000, 0x00000000eab00000)
  object space 121344K, 99% used [0x00000000c0000000,0x00000000c764c990,0x00000000c7680000)
 Metaspace       used 56099K, committed 57408K, reserved 1114112K
  class space    used 5821K, committed 6400K, reserved 1048576K
}
Event: 75.413 GC heap before
{Heap before GC invocations=77 (full 2):
 PSYoungGen      total 4608K, used 4141K [0x00000000eab00000, 0x00000000eb080000, 0x0000000100000000)
  eden space 3584K, 100% used [0x00000000eab00000,0x00000000eae80000,0x00000000eae80000)
  from space 1024K, 54% used [0x00000000eaf80000,0x00000000eb00b590,0x00000000eb080000)
  to   space 1024K, 0% used [0x00000000eae80000,0x00000000eae80000,0x00000000eaf80000)
 ParOldGen       total 121344K, used 121138K [0x00000000c0000000, 0x00000000c7680000, 0x00000000eab00000)
  object space 121344K, 99% used [0x00000000c0000000,0x00000000c764c990,0x00000000c7680000)
 Metaspace       used 56181K, committed 57472K, reserved 1114112K
  class space    used 5825K, committed 6400K, reserved 1048576K
}
Event: 75.416 GC heap after
{Heap after GC invocations=77 (full 2):
 PSYoungGen      total 4608K, used 647K [0x00000000eab00000, 0x00000000eb080000, 0x0000000100000000)
  eden space 3584K, 0% used [0x00000000eab00000,0x00000000eab00000,0x00000000eae80000)
  from space 1024K, 63% used [0x00000000eae80000,0x00000000eaf21c68,0x00000000eaf80000)
  to   space 1024K, 0% used [0x00000000eaf80000,0x00000000eaf80000,0x00000000eb080000)
 ParOldGen       total 121856K, used 121593K [0x00000000c0000000, 0x00000000c7700000, 0x00000000eab00000)
  object space 121856K, 99% used [0x00000000c0000000,0x00000000c76be510,0x00000000c7700000)
 Metaspace       used 56181K, committed 57472K, reserved 1114112K
  class space    used 5825K, committed 6400K, reserved 1048576K
}
Event: 75.807 GC heap before
{Heap before GC invocations=78 (full 2):
 PSYoungGen      total 4608K, used 4224K [0x00000000eab00000, 0x00000000eb080000, 0x0000000100000000)
  eden space 3584K, 99% used [0x00000000eab00000,0x00000000eae7e678,0x00000000eae80000)
  from space 1024K, 63% used [0x00000000eae80000,0x00000000eaf21c68,0x00000000eaf80000)
  to   space 1024K, 0% used [0x00000000eaf80000,0x00000000eaf80000,0x00000000eb080000)
 ParOldGen       total 121856K, used 121593K [0x00000000c0000000, 0x00000000c7700000, 0x00000000eab00000)
  object space 121856K, 99% used [0x00000000c0000000,0x00000000c76be510,0x00000000c7700000)
 Metaspace       used 56304K, committed 57536K, reserved 1114112K
  class space    used 5836K, committed 6400K, reserved 1048576K
}
Event: 75.811 GC heap after
{Heap after GC invocations=78 (full 2):
 PSYoungGen      total 4608K, used 772K [0x00000000eab00000, 0x00000000eb080000, 0x0000000100000000)
  eden space 3584K, 0% used [0x00000000eab00000,0x00000000eab00000,0x00000000eae80000)
  from space 1024K, 75% used [0x00000000eaf80000,0x00000000eb0412e0,0x00000000eb080000)
  to   space 1024K, 0% used [0x00000000eae80000,0x00000000eae80000,0x00000000eaf80000)
 ParOldGen       total 122368K, used 122104K [0x00000000c0000000, 0x00000000c7780000, 0x00000000eab00000)
  object space 122368K, 99% used [0x00000000c0000000,0x00000000c773e178,0x00000000c7780000)
 Metaspace       used 56304K, committed 57536K, reserved 1114112K
  class space    used 5836K, committed 6400K, reserved 1048576K
}
Event: 75.923 GC heap before
{Heap before GC invocations=79 (full 2):
 PSYoungGen      total 4608K, used 4356K [0x00000000eab00000, 0x00000000eb080000, 0x0000000100000000)
  eden space 3584K, 100% used [0x00000000eab00000,0x00000000eae80000,0x00000000eae80000)
  from space 1024K, 75% used [0x00000000eaf80000,0x00000000eb0412e0,0x00000000eb080000)
  to   space 1024K, 0% used [0x00000000eae80000,0x00000000eae80000,0x00000000eaf80000)
 ParOldGen       total 122368K, used 122104K [0x00000000c0000000, 0x00000000c7780000, 0x00000000eab00000)
  object space 122368K, 99% used [0x00000000c0000000,0x00000000c773e178,0x00000000c7780000)
 Metaspace       used 56483K, committed 57728K, reserved 1114112K
  class space    used 5857K, committed 6400K, reserved 1048576K
}
Event: 75.925 GC heap after
{Heap after GC invocations=79 (full 2):
 PSYoungGen      total 4608K, used 636K [0x00000000eab00000, 0x00000000eb080000, 0x0000000100000000)
  eden space 3584K, 0% used [0x00000000eab00000,0x00000000eab00000,0x00000000eae80000)
  from space 1024K, 62% used [0x00000000eae80000,0x00000000eaf1f280,0x00000000eaf80000)
  to   space 1024K, 0% used [0x00000000eaf80000,0x00000000eaf80000,0x00000000eb080000)
 ParOldGen       total 122880K, used 122791K [0x00000000c0000000, 0x00000000c7800000, 0x00000000eab00000)
  object space 122880K, 99% used [0x00000000c0000000,0x00000000c77e9ee8,0x00000000c7800000)
 Metaspace       used 56483K, committed 57728K, reserved 1114112K
  class space    used 5857K, committed 6400K, reserved 1048576K
}
Event: 76.087 GC heap before
{Heap before GC invocations=80 (full 2):
 PSYoungGen      total 4608K, used 4206K [0x00000000eab00000, 0x00000000eb080000, 0x0000000100000000)
  eden space 3584K, 99% used [0x00000000eab00000,0x00000000eae7c968,0x00000000eae80000)
  from space 1024K, 62% used [0x00000000eae80000,0x00000000eaf1f280,0x00000000eaf80000)
  to   space 1024K, 0% used [0x00000000eaf80000,0x00000000eaf80000,0x00000000eb080000)
 ParOldGen       total 122880K, used 122791K [0x00000000c0000000, 0x00000000c7800000, 0x00000000eab00000)
  object space 122880K, 99% used [0x00000000c0000000,0x00000000c77e9ee8,0x00000000c7800000)
 Metaspace       used 56806K, committed 58176K, reserved 1114112K
  class space    used 5904K, committed 6528K, reserved 1048576K
}
Event: 76.089 GC heap after
{Heap after GC invocations=80 (full 2):
 PSYoungGen      total 4608K, used 715K [0x00000000eab00000, 0x00000000eb080000, 0x0000000100000000)
  eden space 3584K, 0% used [0x00000000eab00000,0x00000000eab00000,0x00000000eae80000)
  from space 1024K, 69% used [0x00000000eaf80000,0x00000000eb032fb0,0x00000000eb080000)
  to   space 1024K, 0% used [0x00000000eae80000,0x00000000eae80000,0x00000000eaf80000)
 ParOldGen       total 123392K, used 123327K [0x00000000c0000000, 0x00000000c7880000, 0x00000000eab00000)
  object space 123392K, 99% used [0x00000000c0000000,0x00000000c786fd88,0x00000000c7880000)
 Metaspace       used 56806K, committed 58176K, reserved 1114112K
  class space    used 5904K, committed 6528K, reserved 1048576K
}
Event: 76.215 GC heap before
{Heap before GC invocations=81 (full 2):
 PSYoungGen      total 4608K, used 4299K [0x00000000eab00000, 0x00000000eb080000, 0x0000000100000000)
  eden space 3584K, 100% used [0x00000000eab00000,0x00000000eae80000,0x00000000eae80000)
  from space 1024K, 69% used [0x00000000eaf80000,0x00000000eb032fb0,0x00000000eb080000)
  to   space 1024K, 0% used [0x00000000eae80000,0x00000000eae80000,0x00000000eaf80000)
 ParOldGen       total 123392K, used 123327K [0x00000000c0000000, 0x00000000c7880000, 0x00000000eab00000)
  object space 123392K, 99% used [0x00000000c0000000,0x00000000c786fd88,0x00000000c7880000)
 Metaspace       used 56888K, committed 58240K, reserved 1114112K
  class space    used 5909K, committed 6528K, reserved 1048576K
}

