# JRE version: OpenJDK Runtime Environment Temurin-21.0.6+7 (21.0.6+7) (build 21.0.6+7-LTS)
# Java VM: OpenJDK 64-Bit Server VM Temurin-21.0.6+7 (21.0.6+7-LTS, mixed mode, sharing, tiered, compressed oops, compressed class ptrs, parallel gc, windows-amd64)
GC Precious Log:
 CardTable entry size: 512
 CPUs: 8 total, 8 available
 Memory: 5702M
 Large Page Support: Disabled
 NUMA Support: Disabled
 Compressed Oops: Enabled (32-bit)
 Alignments: Space 512K, Generation 512K, Heap 2M
 Heap Min Capacity: 100M
 Heap Initial Capacity: 100M
 Heap Max Capacity: 1G
 Pre-touch: Disabled
 Parallel Workers: 8
Heap:
 PSYoungGen      total 2048K, used 1824K [0x00000000eab00000, 0x00000000ead80000, 0x0000000100000000)
  eden space 1536K, 100% used [0x00000000eab00000,0x00000000eac80000,0x00000000eac80000)
  from space 512K, 56% used [0x00000000ead00000,0x00000000ead48000,0x00000000ead80000)
  to   space 512K, 18% used [0x00000000eac80000,0x00000000eac98000,0x00000000ead00000)
 ParOldGen       total 357376K, used 357368K [0x00000000c0000000, 0x00000000d5d00000, 0x00000000eab00000)
  object space 357376K, 99% used [0x00000000c0000000,0x00000000d5cfe310,0x00000000d5d00000)
 Metaspace       used 53592K, committed 54912K, reserved 1114112K
  class space    used 5670K, committed 6208K, reserved 1048576K
GC Heap History (20 events):
Event: 138.003 GC heap after
{Heap after GC invocations=408 (full 3):
 PSYoungGen      total 1024K, used 416K [0x00000000eab00000, 0x00000000eae00000, 0x0000000100000000)
  eden space 512K, 0% used [0x00000000eab00000,0x00000000eab00000,0x00000000eab80000)
  from space 512K, 81% used [0x00000000eab80000,0x00000000eabe8000,0x00000000eac00000)
  to   space 1024K, 0% used [0x00000000ead00000,0x00000000ead00000,0x00000000eae00000)
 ParOldGen       total 355328K, used 355067K [0x00000000c0000000, 0x00000000d5b00000, 0x00000000eab00000)
  object space 355328K, 99% used [0x00000000c0000000,0x00000000d5abef18,0x00000000d5b00000)
 Metaspace       used 53569K, committed 54912K, reserved 1114112K
  class space    used 5668K, committed 6208K, reserved 1048576K
}
Event: 138.029 GC heap before
{Heap before GC invocations=409 (full 3):
 PSYoungGen      total 1024K, used 927K [0x00000000eab00000, 0x00000000eae00000, 0x0000000100000000)
  eden space 512K, 99% used [0x00000000eab00000,0x00000000eab7fc80,0x00000000eab80000)
  from space 512K, 81% used [0x00000000eab80000,0x00000000eabe8000,0x00000000eac00000)
  to   space 1024K, 0% used [0x00000000ead00000,0x00000000ead00000,0x00000000eae00000)
 ParOldGen       total 355328K, used 355067K [0x00000000c0000000, 0x00000000d5b00000, 0x00000000eab00000)
  object space 355328K, 99% used [0x00000000c0000000,0x00000000d5abef18,0x00000000d5b00000)
 Metaspace       used 53569K, committed 54912K, reserved 1114112K
  class space    used 5668K, committed 6208K, reserved 1048576K
}
Event: 138.032 GC heap after
{Heap after GC invocations=409 (full 3):
 PSYoungGen      total 1024K, used 416K [0x00000000eab00000, 0x00000000ead80000, 0x0000000100000000)
  eden space 512K, 0% used [0x00000000eab00000,0x00000000eab00000,0x00000000eab80000)
  from space 512K, 81% used [0x00000000ead00000,0x00000000ead68000,0x00000000ead80000)
  to   space 512K, 0% used [0x00000000eab80000,0x00000000eab80000,0x00000000eac00000)
 ParOldGen       total 355840K, used 355403K [0x00000000c0000000, 0x00000000d5b80000, 0x00000000eab00000)
  object space 355840K, 99% used [0x00000000c0000000,0x00000000d5b12f18,0x00000000d5b80000)
 Metaspace       used 53569K, committed 54912K, reserved 1114112K
  class space    used 5668K, committed 6208K, reserved 1048576K
}
Event: 138.419 GC heap before
{Heap before GC invocations=410 (full 3):
 PSYoungGen      total 1024K, used 928K [0x00000000eab00000, 0x00000000ead80000, 0x0000000100000000)
  eden space 512K, 100% used [0x00000000eab00000,0x00000000eab80000,0x00000000eab80000)
  from space 512K, 81% used [0x00000000ead00000,0x00000000ead68000,0x00000000ead80000)
  to   space 512K, 0% used [0x00000000eab80000,0x00000000eab80000,0x00000000eac00000)
 ParOldGen       total 356864K, used 356019K [0x00000000c0000000, 0x00000000d5c80000, 0x00000000eab00000)
  object space 356864K, 99% used [0x00000000c0000000,0x00000000d5bacd28,0x00000000d5c80000)
 Metaspace       used 53578K, committed 54912K, reserved 1114112K
  class space    used 5668K, committed 6208K, reserved 1048576K
}
Event: 138.423 GC heap after
{Heap after GC invocations=410 (full 3):
 PSYoungGen      total 1024K, used 288K [0x00000000eab00000, 0x00000000ead80000, 0x0000000100000000)
  eden space 512K, 0% used [0x00000000eab00000,0x00000000eab00000,0x00000000eab80000)
  from space 512K, 56% used [0x00000000eab80000,0x00000000eabc8000,0x00000000eac00000)
  to   space 512K, 0% used [0x00000000ead00000,0x00000000ead00000,0x00000000ead80000)
 ParOldGen       total 356864K, used 356323K [0x00000000c0000000, 0x00000000d5c80000, 0x00000000eab00000)
  object space 356864K, 99% used [0x00000000c0000000,0x00000000d5bf8d28,0x00000000d5c80000)
 Metaspace       used 53578K, committed 54912K, reserved 1114112K
  class space    used 5668K, committed 6208K, reserved 1048576K
}
Event: 138.898 GC heap before
{Heap before GC invocations=411 (full 3):
 PSYoungGen      total 1024K, used 800K [0x00000000eab00000, 0x00000000ead80000, 0x0000000100000000)
  eden space 512K, 100% used [0x00000000eab00000,0x00000000eab80000,0x00000000eab80000)
  from space 512K, 56% used [0x00000000eab80000,0x00000000eabc8000,0x00000000eac00000)
  to   space 512K, 0% used [0x00000000ead00000,0x00000000ead00000,0x00000000ead80000)
 ParOldGen       total 356864K, used 356323K [0x00000000c0000000, 0x00000000d5c80000, 0x00000000eab00000)
  object space 356864K, 99% used [0x00000000c0000000,0x00000000d5bf8d28,0x00000000d5c80000)
 Metaspace       used 53591K, committed 54912K, reserved 1114112K
  class space    used 5670K, committed 6208K, reserved 1048576K
}
Event: 138.902 GC heap after
{Heap after GC invocations=411 (full 3):
 PSYoungGen      total 1024K, used 226K [0x00000000eab00000, 0x00000000ead80000, 0x0000000100000000)
  eden space 512K, 0% used [0x00000000eab00000,0x00000000eab00000,0x00000000eab80000)
  from space 512K, 44% used [0x00000000ead00000,0x00000000ead389e0,0x00000000ead80000)
  to   space 512K, 0% used [0x00000000eab80000,0x00000000eab80000,0x00000000eac00000)
 ParOldGen       total 356864K, used 356443K [0x00000000c0000000, 0x00000000d5c80000, 0x00000000eab00000)
  object space 356864K, 99% used [0x00000000c0000000,0x00000000d5c16d28,0x00000000d5c80000)
 Metaspace       used 53591K, committed 54912K, reserved 1114112K
  class space    used 5670K, committed 6208K, reserved 1048576K
}
Event: 138.938 GC heap before
{Heap before GC invocations=412 (full 3):
 PSYoungGen      total 1024K, used 738K [0x00000000eab00000, 0x00000000ead80000, 0x0000000100000000)
  eden space 512K, 100% used [0x00000000eab00000,0x00000000eab80000,0x00000000eab80000)
  from space 512K, 44% used [0x00000000ead00000,0x00000000ead389e0,0x00000000ead80000)
  to   space 512K, 0% used [0x00000000eab80000,0x00000000eab80000,0x00000000eac00000)
 ParOldGen       total 356864K, used 356443K [0x00000000c0000000, 0x00000000d5c80000, 0x00000000eab00000)
  object space 356864K, 99% used [0x00000000c0000000,0x00000000d5c16d28,0x00000000d5c80000)
 Metaspace       used 53591K, committed 54912K, reserved 1114112K
  class space    used 5670K, committed 6208K, reserved 1048576K
}
Event: 139.927 GC heap after
{Heap after GC invocations=412 (full 3):
 PSYoungGen      total 1024K, used 224K [0x00000000eab00000, 0x00000000ead80000, 0x0000000100000000)
  eden space 512K, 0% used [0x00000000eab00000,0x00000000eab00000,0x00000000eab80000)
  from space 512K, 43% used [0x00000000eab80000,0x00000000eabb8000,0x00000000eac00000)
  to   space 512K, 0% used [0x00000000ead00000,0x00000000ead00000,0x00000000ead80000)
 ParOldGen       total 356864K, used 356541K [0x00000000c0000000, 0x00000000d5c80000, 0x00000000eab00000)
  object space 356864K, 99% used [0x00000000c0000000,0x00000000d5c2f708,0x00000000d5c80000)
 Metaspace       used 53591K, committed 54912K, reserved 1114112K
  class space    used 5670K, committed 6208K, reserved 1048576K
}
Event: 139.938 GC heap before
{Heap before GC invocations=413 (full 3):
 PSYoungGen      total 1024K, used 736K [0x00000000eab00000, 0x00000000ead80000, 0x0000000100000000)
  eden space 512K, 100% used [0x00000000eab00000,0x00000000eab80000,0x00000000eab80000)
  from space 512K, 43% used [0x00000000eab80000,0x00000000eabb8000,0x00000000eac00000)
  to   space 512K, 0% used [0x00000000ead00000,0x00000000ead00000,0x00000000ead80000)
 ParOldGen       total 356864K, used 356541K [0x00000000c0000000, 0x00000000d5c80000, 0x00000000eab00000)
  object space 356864K, 99% used [0x00000000c0000000,0x00000000d5c2f708,0x00000000d5c80000)
 Metaspace       used 53591K, committed 54912K, reserved 1114112K
  class space    used 5670K, committed 6208K, reserved 1048576K
}
Event: 139.941 GC heap after
{Heap after GC invocations=413 (full 3):
 PSYoungGen      total 1536K, used 192K [0x00000000eab00000, 0x00000000ead80000, 0x0000000100000000)
  eden space 1024K, 0% used [0x00000000eab00000,0x00000000eab00000,0x00000000eac00000)
  from space 512K, 37% used [0x00000000ead00000,0x00000000ead30000,0x00000000ead80000)
  to   space 512K, 0% used [0x00000000eac80000,0x00000000eac80000,0x00000000ead00000)
 ParOldGen       total 356864K, used 356637K [0x00000000c0000000, 0x00000000d5c80000, 0x00000000eab00000)
  object space 356864K, 99% used [0x00000000c0000000,0x00000000d5c47708,0x00000000d5c80000)
 Metaspace       used 53591K, committed 54912K, reserved 1114112K
  class space    used 5670K, committed 6208K, reserved 1048576K
}
Event: 139.957 GC heap before
{Heap before GC invocations=414 (full 3):
 PSYoungGen      total 1536K, used 1201K [0x00000000eab00000, 0x00000000ead80000, 0x0000000100000000)
  eden space 1024K, 98% used [0x00000000eab00000,0x00000000eabfc650,0x00000000eac00000)
  from space 512K, 37% used [0x00000000ead00000,0x00000000ead30000,0x00000000ead80000)
  to   space 512K, 0% used [0x00000000eac80000,0x00000000eac80000,0x00000000ead00000)
 ParOldGen       total 356864K, used 356637K [0x00000000c0000000, 0x00000000d5c80000, 0x00000000eab00000)
  object space 356864K, 99% used [0x00000000c0000000,0x00000000d5c47708,0x00000000d5c80000)
 Metaspace       used 53591K, committed 54912K, reserved 1114112K
  class space    used 5670K, committed 6208K, reserved 1048576K
}
Event: 139.959 GC heap after
{Heap after GC invocations=414 (full 3):
 PSYoungGen      total 2048K, used 320K [0x00000000eab00000, 0x00000000ead80000, 0x0000000100000000)
  eden space 1536K, 0% used [0x00000000eab00000,0x00000000eab00000,0x00000000eac80000)
  from space 512K, 62% used [0x00000000eac80000,0x00000000eacd0000,0x00000000ead00000)
  to   space 512K, 0% used [0x00000000ead00000,0x00000000ead00000,0x00000000ead80000)
 ParOldGen       total 356864K, used 356741K [0x00000000c0000000, 0x00000000d5c80000, 0x00000000eab00000)
  object space 356864K, 99% used [0x00000000c0000000,0x00000000d5c61708,0x00000000d5c80000)
 Metaspace       used 53591K, committed 54912K, reserved 1114112K
  class space    used 5670K, committed 6208K, reserved 1048576K
}
Event: 140.003 GC heap before
{Heap before GC invocations=415 (full 3):
 PSYoungGen      total 2048K, used 1856K [0x00000000eab00000, 0x00000000ead80000, 0x0000000100000000)
  eden space 1536K, 100% used [0x00000000eab00000,0x00000000eac80000,0x00000000eac80000)
  from space 512K, 62% used [0x00000000eac80000,0x00000000eacd0000,0x00000000ead00000)
  to   space 512K, 0% used [0x00000000ead00000,0x00000000ead00000,0x00000000ead80000)
 ParOldGen       total 356864K, used 356741K [0x00000000c0000000, 0x00000000d5c80000, 0x00000000eab00000)
  object space 356864K, 99% used [0x00000000c0000000,0x00000000d5c61708,0x00000000d5c80000)
 Metaspace       used 53592K, committed 54912K, reserved 1114112K
  class space    used 5670K, committed 6208K, reserved 1048576K
}
Event: 141.018 GC heap after
{Heap after GC invocations=415 (full 3):
 PSYoungGen      total 2048K, used 320K [0x00000000eab00000, 0x00000000eae00000, 0x0000000100000000)
  eden space 1536K, 0% used [0x00000000eab00000,0x00000000eab00000,0x00000000eac80000)
  from space 512K, 62% used [0x00000000ead00000,0x00000000ead50000,0x00000000ead80000)
  to   space 512K, 0% used [0x00000000eac80000,0x00000000eac80000,0x00000000ead00000)
 ParOldGen       total 357376K, used 356877K [0x00000000c0000000, 0x00000000d5d00000, 0x00000000eab00000)
  object space 357376K, 99% used [0x00000000c0000000,0x00000000d5c83708,0x00000000d5d00000)
 Metaspace       used 53592K, committed 54912K, reserved 1114112K
  class space    used 5670K, committed 6208K, reserved 1048576K
}
Event: 141.043 GC heap before
{Heap before GC invocations=416 (full 3):
 PSYoungGen      total 2048K, used 1847K [0x00000000eab00000, 0x00000000eae00000, 0x0000000100000000)
  eden space 1536K, 99% used [0x00000000eab00000,0x00000000eac7dd40,0x00000000eac80000)
  from space 512K, 62% used [0x00000000ead00000,0x00000000ead50000,0x00000000ead80000)
  to   space 512K, 0% used [0x00000000eac80000,0x00000000eac80000,0x00000000ead00000)
 ParOldGen       total 357376K, used 356877K [0x00000000c0000000, 0x00000000d5d00000, 0x00000000eab00000)
  object space 357376K, 99% used [0x00000000c0000000,0x00000000d5c83708,0x00000000d5d00000)
 Metaspace       used 53592K, committed 54912K, reserved 1114112K
  class space    used 5670K, committed 6208K, reserved 1048576K
}
Event: 141.045 GC heap after
{Heap after GC invocations=416 (full 3):
 PSYoungGen      total 2048K, used 347K [0x00000000eab00000, 0x00000000ead80000, 0x0000000100000000)
  eden space 1536K, 0% used [0x00000000eab00000,0x00000000eab00000,0x00000000eac80000)
  from space 512K, 67% used [0x00000000eac80000,0x00000000eacd6c08,0x00000000ead00000)
  to   space 512K, 0% used [0x00000000ead00000,0x00000000ead00000,0x00000000ead80000)
 ParOldGen       total 357376K, used 357085K [0x00000000c0000000, 0x00000000d5d00000, 0x00000000eab00000)
  object space 357376K, 99% used [0x00000000c0000000,0x00000000d5cb7708,0x00000000d5d00000)
 Metaspace       used 53592K, committed 54912K, reserved 1114112K
  class space    used 5670K, committed 6208K, reserved 1048576K
}
Event: 141.059 GC heap before
{Heap before GC invocations=417 (full 3):
 PSYoungGen      total 2048K, used 1883K [0x00000000eab00000, 0x00000000ead80000, 0x0000000100000000)
  eden space 1536K, 100% used [0x00000000eab00000,0x00000000eac80000,0x00000000eac80000)
  from space 512K, 67% used [0x00000000eac80000,0x00000000eacd6c08,0x00000000ead00000)
  to   space 512K, 0% used [0x00000000ead00000,0x00000000ead00000,0x00000000ead80000)
 ParOldGen       total 357376K, used 357085K [0x00000000c0000000, 0x00000000d5d00000, 0x00000000eab00000)
  object space 357376K, 99% used [0x00000000c0000000,0x00000000d5cb7708,0x00000000d5d00000)
 Metaspace       used 53592K, committed 54912K, reserved 1114112K
  class space    used 5670K, committed 6208K, reserved 1048576K
}
Event: 141.061 GC heap after
{Heap after GC invocations=417 (full 3):
 PSYoungGen      total 2048K, used 288K [0x00000000eab00000, 0x00000000ead80000, 0x0000000100000000)
  eden space 1536K, 0% used [0x00000000eab00000,0x00000000eab00000,0x00000000eac80000)
  from space 512K, 56% used [0x00000000ead00000,0x00000000ead48000,0x00000000ead80000)
  to   space 512K, 0% used [0x00000000eac80000,0x00000000eac80000,0x00000000ead00000)
 ParOldGen       total 357376K, used 357336K [0x00000000c0000000, 0x00000000d5d00000, 0x00000000eab00000)
  object space 357376K, 99% used [0x00000000c0000000,0x00000000d5cf6310,0x00000000d5d00000)
 Metaspace       used 53592K, committed 54912K, reserved 1114112K
  class space    used 5670K, committed 6208K, reserved 1048576K
}
Event: 141.073 GC heap before
{Heap before GC invocations=418 (full 3):
 PSYoungGen      total 2048K, used 1824K [0x00000000eab00000, 0x00000000ead80000, 0x0000000100000000)
  eden space 1536K, 100% used [0x00000000eab00000,0x00000000eac80000,0x00000000eac80000)
  from space 512K, 56% used [0x00000000ead00000,0x00000000ead48000,0x00000000ead80000)
  to   space 512K, 0% used [0x00000000eac80000,0x00000000eac80000,0x00000000ead00000)
 ParOldGen       total 357376K, used 357336K [0x00000000c0000000, 0x00000000d5d00000, 0x00000000eab00000)
  object space 357376K, 99% used [0x00000000c0000000,0x00000000d5cf6310,0x00000000d5d00000)
 Metaspace       used 53592K, committed 54912K, reserved 1114112K
  class space    used 5670K, committed 6208K, reserved 1048576K
}

