# JRE version: OpenJDK Runtime Environment Temurin-21.0.6+7 (21.0.6+7) (build 21.0.6+7-LTS)
# Java VM: OpenJDK 64-Bit Server VM Temurin-21.0.6+7 (21.0.6+7-LTS, mixed mode, sharing, tiered, compressed oops, compressed class ptrs, parallel gc, windows-amd64)
GC Precious Log:
 CardTable entry size: 512
 CPUs: 8 total, 8 available
 Memory: 5702M
 Large Page Support: Disabled
 NUMA Support: Disabled
 Compressed Oops: Enabled (32-bit)
 Alignments: Space 512K, Generation 512K, Heap 2M
 Heap Min Capacity: 100M
 Heap Initial Capacity: 100M
 Heap Max Capacity: 1G
 Pre-touch: Disabled
 Parallel Workers: 8
Heap:
 PSYoungGen      total 53248K, used 53221K [0x00000000eab00000, 0x00000000ee600000, 0x0000000100000000)
  eden space 47616K, 100% used [0x00000000eab00000,0x00000000ed980000,0x00000000ed980000)
  from space 5632K, 99% used [0x00000000edf80000,0x00000000ee4f96f8,0x00000000ee500000)
  to   space 6144K, 55% used [0x00000000ed980000,0x00000000edcd16d8,0x00000000edf80000)
 ParOldGen       total 464384K, used 464381K [0x00000000c0000000, 0x00000000dc580000, 0x00000000eab00000)
  object space 464384K, 99% used [0x00000000c0000000,0x00000000dc57f718,0x00000000dc580000)
 Metaspace       used 66910K, committed 68480K, reserved 1114112K
  class space    used 6859K, committed 7552K, reserved 1048576K
GC Heap History (20 events):
Event: 683.911 GC heap after
{Heap after GC invocations=1446 (full 4):
 PSYoungGen      total 44544K, used 4074K [0x00000000eab00000, 0x00000000edf00000, 0x0000000100000000)
  eden space 40448K, 0% used [0x00000000eab00000,0x00000000eab00000,0x00000000ed280000)
  from space 4096K, 99% used [0x00000000ed280000,0x00000000ed67aac8,0x00000000ed680000)
  to   space 5120K, 0% used [0x00000000eda00000,0x00000000eda00000,0x00000000edf00000)
 ParOldGen       total 456192K, used 456087K [0x00000000c0000000, 0x00000000dbd80000, 0x00000000eab00000)
  object space 456192K, 99% used [0x00000000c0000000,0x00000000dbd65e38,0x00000000dbd80000)
 Metaspace       used 66879K, committed 68480K, reserved 1114112K
  class space    used 6858K, committed 7552K, reserved 1048576K
}
Event: 683.978 GC heap before
{Heap before GC invocations=1447 (full 4):
 PSYoungGen      total 44544K, used 44522K [0x00000000eab00000, 0x00000000edf00000, 0x0000000100000000)
  eden space 40448K, 100% used [0x00000000eab00000,0x00000000ed280000,0x00000000ed280000)
  from space 4096K, 99% used [0x00000000ed280000,0x00000000ed67aac8,0x00000000ed680000)
  to   space 5120K, 0% used [0x00000000eda00000,0x00000000eda00000,0x00000000edf00000)
 ParOldGen       total 456192K, used 456087K [0x00000000c0000000, 0x00000000dbd80000, 0x00000000eab00000)
  object space 456192K, 99% used [0x00000000c0000000,0x00000000dbd65e38,0x00000000dbd80000)
 Metaspace       used 66879K, committed 68480K, reserved 1114112K
  class space    used 6858K, committed 7552K, reserved 1048576K
}
Event: 683.982 GC heap after
{Heap after GC invocations=1447 (full 4):
 PSYoungGen      total 47616K, used 4531K [0x00000000eab00000, 0x00000000ede80000, 0x0000000100000000)
  eden space 43008K, 0% used [0x00000000eab00000,0x00000000eab00000,0x00000000ed500000)
  from space 4608K, 98% used [0x00000000eda00000,0x00000000ede6cc08,0x00000000ede80000)
  to   space 4608K, 0% used [0x00000000ed580000,0x00000000ed580000,0x00000000eda00000)
 ParOldGen       total 456704K, used 456545K [0x00000000c0000000, 0x00000000dbe00000, 0x00000000eab00000)
  object space 456704K, 99% used [0x00000000c0000000,0x00000000dbdd8460,0x00000000dbe00000)
 Metaspace       used 66879K, committed 68480K, reserved 1114112K
  class space    used 6858K, committed 7552K, reserved 1048576K
}
Event: 684.049 GC heap before
{Heap before GC invocations=1448 (full 4):
 PSYoungGen      total 47616K, used 47065K [0x00000000eab00000, 0x00000000ede80000, 0x0000000100000000)
  eden space 43008K, 98% used [0x00000000eab00000,0x00000000ed4898a0,0x00000000ed500000)
  from space 4608K, 98% used [0x00000000eda00000,0x00000000ede6cc08,0x00000000ede80000)
  to   space 4608K, 0% used [0x00000000ed580000,0x00000000ed580000,0x00000000eda00000)
 ParOldGen       total 456704K, used 456545K [0x00000000c0000000, 0x00000000dbe00000, 0x00000000eab00000)
  object space 456704K, 99% used [0x00000000c0000000,0x00000000dbdd8460,0x00000000dbe00000)
 Metaspace       used 66880K, committed 68480K, reserved 1114112K
  class space    used 6858K, committed 7552K, reserved 1048576K
}
Event: 684.052 GC heap after
{Heap after GC invocations=1448 (full 4):
 PSYoungGen      total 48128K, used 4600K [0x00000000eab00000, 0x00000000ee180000, 0x0000000100000000)
  eden space 43520K, 0% used [0x00000000eab00000,0x00000000eab00000,0x00000000ed580000)
  from space 4608K, 99% used [0x00000000ed580000,0x00000000ed9fe340,0x00000000eda00000)
  to   space 5120K, 0% used [0x00000000edc80000,0x00000000edc80000,0x00000000ee180000)
 ParOldGen       total 457216K, used 456937K [0x00000000c0000000, 0x00000000dbe80000, 0x00000000eab00000)
  object space 457216K, 99% used [0x00000000c0000000,0x00000000dbe3a460,0x00000000dbe80000)
 Metaspace       used 66880K, committed 68480K, reserved 1114112K
  class space    used 6858K, committed 7552K, reserved 1048576K
}
Event: 684.131 GC heap before
{Heap before GC invocations=1449 (full 4):
 PSYoungGen      total 48128K, used 48120K [0x00000000eab00000, 0x00000000ee180000, 0x0000000100000000)
  eden space 43520K, 100% used [0x00000000eab00000,0x00000000ed580000,0x00000000ed580000)
  from space 4608K, 99% used [0x00000000ed580000,0x00000000ed9fe340,0x00000000eda00000)
  to   space 5120K, 0% used [0x00000000edc80000,0x00000000edc80000,0x00000000ee180000)
 ParOldGen       total 457216K, used 456937K [0x00000000c0000000, 0x00000000dbe80000, 0x00000000eab00000)
  object space 457216K, 99% used [0x00000000c0000000,0x00000000dbe3a460,0x00000000dbe80000)
 Metaspace       used 66894K, committed 68480K, reserved 1114112K
  class space    used 6858K, committed 7552K, reserved 1048576K
}
Event: 684.137 GC heap after
{Heap after GC invocations=1449 (full 4):
 PSYoungGen      total 48640K, used 5098K [0x00000000eab00000, 0x00000000ee580000, 0x0000000100000000)
  eden space 43520K, 0% used [0x00000000eab00000,0x00000000eab00000,0x00000000ed580000)
  from space 5120K, 99% used [0x00000000edc80000,0x00000000ee17a818,0x00000000ee180000)
  to   space 7168K, 0% used [0x00000000ed580000,0x00000000ed580000,0x00000000edc80000)
 ParOldGen       total 458752K, used 458438K [0x00000000c0000000, 0x00000000dc000000, 0x00000000eab00000)
  object space 458752K, 99% used [0x00000000c0000000,0x00000000dbfb1898,0x00000000dc000000)
 Metaspace       used 66894K, committed 68480K, reserved 1114112K
  class space    used 6858K, committed 7552K, reserved 1048576K
}
Event: 684.222 GC heap before
{Heap before GC invocations=1450 (full 4):
 PSYoungGen      total 48640K, used 48618K [0x00000000eab00000, 0x00000000ee580000, 0x0000000100000000)
  eden space 43520K, 100% used [0x00000000eab00000,0x00000000ed580000,0x00000000ed580000)
  from space 5120K, 99% used [0x00000000edc80000,0x00000000ee17a818,0x00000000ee180000)
  to   space 7168K, 0% used [0x00000000ed580000,0x00000000ed580000,0x00000000edc80000)
 ParOldGen       total 458752K, used 458438K [0x00000000c0000000, 0x00000000dc000000, 0x00000000eab00000)
  object space 458752K, 99% used [0x00000000c0000000,0x00000000dbfb1898,0x00000000dc000000)
 Metaspace       used 66897K, committed 68480K, reserved 1114112K
  class space    used 6858K, committed 7552K, reserved 1048576K
}
Event: 684.229 GC heap after
{Heap after GC invocations=1450 (full 4):
 PSYoungGen      total 50688K, used 4778K [0x00000000eab00000, 0x00000000ee300000, 0x0000000100000000)
  eden space 43520K, 0% used [0x00000000eab00000,0x00000000eab00000,0x00000000ed580000)
  from space 7168K, 66% used [0x00000000ed580000,0x00000000eda2a8c0,0x00000000edc80000)
  to   space 5632K, 0% used [0x00000000edd80000,0x00000000edd80000,0x00000000ee300000)
 ParOldGen       total 460800K, used 460532K [0x00000000c0000000, 0x00000000dc200000, 0x00000000eab00000)
  object space 460800K, 99% used [0x00000000c0000000,0x00000000dc1bd080,0x00000000dc200000)
 Metaspace       used 66897K, committed 68480K, reserved 1114112K
  class space    used 6858K, committed 7552K, reserved 1048576K
}
Event: 684.293 GC heap before
{Heap before GC invocations=1451 (full 4):
 PSYoungGen      total 50688K, used 48298K [0x00000000eab00000, 0x00000000ee300000, 0x0000000100000000)
  eden space 43520K, 100% used [0x00000000eab00000,0x00000000ed580000,0x00000000ed580000)
  from space 7168K, 66% used [0x00000000ed580000,0x00000000eda2a8c0,0x00000000edc80000)
  to   space 5632K, 0% used [0x00000000edd80000,0x00000000edd80000,0x00000000ee300000)
 ParOldGen       total 460800K, used 460532K [0x00000000c0000000, 0x00000000dc200000, 0x00000000eab00000)
  object space 460800K, 99% used [0x00000000c0000000,0x00000000dc1bd080,0x00000000dc200000)
 Metaspace       used 66897K, committed 68480K, reserved 1114112K
  class space    used 6858K, committed 7552K, reserved 1048576K
}
Event: 684.300 GC heap after
{Heap after GC invocations=1451 (full 4):
 PSYoungGen      total 51712K, used 5137K [0x00000000eab00000, 0x00000000ee300000, 0x0000000100000000)
  eden space 46080K, 0% used [0x00000000eab00000,0x00000000eab00000,0x00000000ed800000)
  from space 5632K, 91% used [0x00000000edd80000,0x00000000ee284590,0x00000000ee300000)
  to   space 5632K, 0% used [0x00000000ed800000,0x00000000ed800000,0x00000000edd80000)
 ParOldGen       total 460800K, used 460532K [0x00000000c0000000, 0x00000000dc200000, 0x00000000eab00000)
  object space 460800K, 99% used [0x00000000c0000000,0x00000000dc1bd080,0x00000000dc200000)
 Metaspace       used 66897K, committed 68480K, reserved 1114112K
  class space    used 6858K, committed 7552K, reserved 1048576K
}
Event: 684.391 GC heap before
{Heap before GC invocations=1452 (full 4):
 PSYoungGen      total 51712K, used 51217K [0x00000000eab00000, 0x00000000ee300000, 0x0000000100000000)
  eden space 46080K, 100% used [0x00000000eab00000,0x00000000ed800000,0x00000000ed800000)
  from space 5632K, 91% used [0x00000000edd80000,0x00000000ee284590,0x00000000ee300000)
  to   space 5632K, 0% used [0x00000000ed800000,0x00000000ed800000,0x00000000edd80000)
 ParOldGen       total 460800K, used 460532K [0x00000000c0000000, 0x00000000dc200000, 0x00000000eab00000)
  object space 460800K, 99% used [0x00000000c0000000,0x00000000dc1bd080,0x00000000dc200000)
 Metaspace       used 66898K, committed 68480K, reserved 1114112K
  class space    used 6858K, committed 7552K, reserved 1048576K
}
Event: 684.397 GC heap after
{Heap after GC invocations=1452 (full 4):
 PSYoungGen      total 51712K, used 5614K [0x00000000eab00000, 0x00000000ee680000, 0x0000000100000000)
  eden space 46080K, 0% used [0x00000000eab00000,0x00000000eab00000,0x00000000ed800000)
  from space 5632K, 99% used [0x00000000ed800000,0x00000000edd7b840,0x00000000edd80000)
  to   space 6144K, 0% used [0x00000000ee080000,0x00000000ee080000,0x00000000ee680000)
 ParOldGen       total 461312K, used 460890K [0x00000000c0000000, 0x00000000dc280000, 0x00000000eab00000)
  object space 461312K, 99% used [0x00000000c0000000,0x00000000dc216ac0,0x00000000dc280000)
 Metaspace       used 66898K, committed 68480K, reserved 1114112K
  class space    used 6858K, committed 7552K, reserved 1048576K
}
Event: 684.458 GC heap before
{Heap before GC invocations=1453 (full 4):
 PSYoungGen      total 51712K, used 51694K [0x00000000eab00000, 0x00000000ee680000, 0x0000000100000000)
  eden space 46080K, 100% used [0x00000000eab00000,0x00000000ed800000,0x00000000ed800000)
  from space 5632K, 99% used [0x00000000ed800000,0x00000000edd7b840,0x00000000edd80000)
  to   space 6144K, 0% used [0x00000000ee080000,0x00000000ee080000,0x00000000ee680000)
 ParOldGen       total 461312K, used 460890K [0x00000000c0000000, 0x00000000dc280000, 0x00000000eab00000)
  object space 461312K, 99% used [0x00000000c0000000,0x00000000dc216ac0,0x00000000dc280000)
 Metaspace       used 66898K, committed 68480K, reserved 1114112K
  class space    used 6858K, committed 7552K, reserved 1048576K
}
Event: 686.478 GC heap after
{Heap after GC invocations=1453 (full 4):
 PSYoungGen      total 52224K, used 6142K [0x00000000eab00000, 0x00000000ee680000, 0x0000000100000000)
  eden space 46080K, 0% used [0x00000000eab00000,0x00000000eab00000,0x00000000ed800000)
  from space 6144K, 99% used [0x00000000ee080000,0x00000000ee67fbc0,0x00000000ee680000)
  to   space 5632K, 0% used [0x00000000ed800000,0x00000000ed800000,0x00000000edd80000)
 ParOldGen       total 461824K, used 461410K [0x00000000c0000000, 0x00000000dc300000, 0x00000000eab00000)
  object space 461824K, 99% used [0x00000000c0000000,0x00000000dc298ac0,0x00000000dc300000)
 Metaspace       used 66898K, committed 68480K, reserved 1114112K
  class space    used 6858K, committed 7552K, reserved 1048576K
}
Event: 686.520 GC heap before
{Heap before GC invocations=1454 (full 4):
 PSYoungGen      total 52224K, used 52222K [0x00000000eab00000, 0x00000000ee680000, 0x0000000100000000)
  eden space 46080K, 100% used [0x00000000eab00000,0x00000000ed800000,0x00000000ed800000)
  from space 6144K, 99% used [0x00000000ee080000,0x00000000ee67fbc0,0x00000000ee680000)
  to   space 5632K, 0% used [0x00000000ed800000,0x00000000ed800000,0x00000000edd80000)
 ParOldGen       total 461824K, used 461410K [0x00000000c0000000, 0x00000000dc300000, 0x00000000eab00000)
  object space 461824K, 99% used [0x00000000c0000000,0x00000000dc298ac0,0x00000000dc300000)
 Metaspace       used 66904K, committed 68480K, reserved 1114112K
  class space    used 6858K, committed 7552K, reserved 1048576K
}
Event: 686.525 GC heap after
{Heap after GC invocations=1454 (full 4):
 PSYoungGen      total 51712K, used 4910K [0x00000000eab00000, 0x00000000ee500000, 0x0000000100000000)
  eden space 46080K, 0% used [0x00000000eab00000,0x00000000eab00000,0x00000000ed800000)
  from space 5632K, 87% used [0x00000000ed800000,0x00000000edccb8f8,0x00000000edd80000)
  to   space 5632K, 0% used [0x00000000edf80000,0x00000000edf80000,0x00000000ee500000)
 ParOldGen       total 462848K, used 462748K [0x00000000c0000000, 0x00000000dc400000, 0x00000000eab00000)
  object space 462848K, 99% used [0x00000000c0000000,0x00000000dc3e7180,0x00000000dc400000)
 Metaspace       used 66904K, committed 68480K, reserved 1114112K
  class space    used 6858K, committed 7552K, reserved 1048576K
}
Event: 686.568 GC heap before
{Heap before GC invocations=1455 (full 4):
 PSYoungGen      total 51712K, used 50990K [0x00000000eab00000, 0x00000000ee500000, 0x0000000100000000)
  eden space 46080K, 100% used [0x00000000eab00000,0x00000000ed800000,0x00000000ed800000)
  from space 5632K, 87% used [0x00000000ed800000,0x00000000edccb8f8,0x00000000edd80000)
  to   space 5632K, 0% used [0x00000000edf80000,0x00000000edf80000,0x00000000ee500000)
 ParOldGen       total 462848K, used 462748K [0x00000000c0000000, 0x00000000dc400000, 0x00000000eab00000)
  object space 462848K, 99% used [0x00000000c0000000,0x00000000dc3e7180,0x00000000dc400000)
 Metaspace       used 66904K, committed 68480K, reserved 1114112K
  class space    used 6858K, committed 7552K, reserved 1048576K
}
Event: 686.571 GC heap after
{Heap after GC invocations=1455 (full 4):
 PSYoungGen      total 53248K, used 5605K [0x00000000eab00000, 0x00000000ee600000, 0x0000000100000000)
  eden space 47616K, 0% used [0x00000000eab00000,0x00000000eab00000,0x00000000ed980000)
  from space 5632K, 99% used [0x00000000edf80000,0x00000000ee4f96f8,0x00000000ee500000)
  to   space 6144K, 0% used [0x00000000ed980000,0x00000000ed980000,0x00000000edf80000)
 ParOldGen       total 462848K, used 462772K [0x00000000c0000000, 0x00000000dc400000, 0x00000000eab00000)
  object space 462848K, 99% used [0x00000000c0000000,0x00000000dc3ed180,0x00000000dc400000)
 Metaspace       used 66904K, committed 68480K, reserved 1114112K
  class space    used 6858K, committed 7552K, reserved 1048576K
}
Event: 688.624 GC heap before
{Heap before GC invocations=1456 (full 4):
 PSYoungGen      total 53248K, used 53221K [0x00000000eab00000, 0x00000000ee600000, 0x0000000100000000)
  eden space 47616K, 100% used [0x00000000eab00000,0x00000000ed980000,0x00000000ed980000)
  from space 5632K, 99% used [0x00000000edf80000,0x00000000ee4f96f8,0x00000000ee500000)
  to   space 6144K, 0% used [0x00000000ed980000,0x00000000ed980000,0x00000000edf80000)
 ParOldGen       total 462848K, used 462772K [0x00000000c0000000, 0x00000000dc400000, 0x00000000eab00000)
  object space 462848K, 99% used [0x00000000c0000000,0x00000000dc3ed180,0x00000000dc400000)
 Metaspace       used 66910K, committed 68480K, reserved 1114112K
  class space    used 6859K, committed 7552K, reserved 1048576K
}

